{"C:\\Users\\harsh\\Downloads\\Website Dashboard Structure (1)\\server\\controllers\\adminController.js": {"path":"C:\\Users\\harsh\\Downloads\\Website Dashboard Structure (1)\\server\\controllers\\adminController.js","statementMap":{"0":{"start":{"line":1,"column":13},"end":{"line":1,"column":38}},"1":{"start":{"line":2,"column":16},"end":{"line":2,"column":44}},"2":{"start":{"line":3,"column":18},"end":{"line":3,"column":48}},"3":{"start":{"line":4,"column":17},"end":{"line":4,"column":46}},"4":{"start":{"line":5,"column":12},"end":{"line":5,"column":36}},"5":{"start":{"line":6,"column":15},"end":{"line":6,"column":42}},"6":{"start":{"line":7,"column":13},"end":{"line":7,"column":38}},"7":{"start":{"line":10,"column":18},"end":{"line":21,"column":1}},"8":{"start":{"line":11,"column":4},"end":{"line":20,"column":5}},"9":{"start":{"line":12,"column":8},"end":{"line":17,"column":11}},"10":{"start":{"line":19,"column":8},"end":{"line":19,"column":60}},"11":{"start":{"line":26,"column":20},"end":{"line":36,"column":1}},"12":{"start":{"line":27,"column":4},"end":{"line":35,"column":5}},"13":{"start":{"line":28,"column":22},"end":{"line":30,"column":36}},"14":{"start":{"line":31,"column":8},"end":{"line":31,"column":24}},"15":{"start":{"line":33,"column":8},"end":{"line":33,"column":29}},"16":{"start":{"line":34,"column":8},"end":{"line":34,"column":58}},"17":{"start":{"line":41,"column":19},"end":{"line":58,"column":1}},"18":{"start":{"line":42,"column":4},"end":{"line":57,"column":5}},"19":{"start":{"line":43,"column":21},"end":{"line":43,"column":55}},"20":{"start":{"line":45,"column":8},"end":{"line":53,"column":9}},"21":{"start":{"line":46,"column":12},"end":{"line":46,"column":35}},"22":{"start":{"line":47,"column":12},"end":{"line":47,"column":95}},"23":{"start":{"line":49,"column":12},"end":{"line":49,"column":62}},"24":{"start":{"line":50,"column":12},"end":{"line":50,"column":50}},"25":{"start":{"line":52,"column":12},"end":{"line":52,"column":64}},"26":{"start":{"line":55,"column":8},"end":{"line":55,"column":29}},"27":{"start":{"line":56,"column":8},"end":{"line":56,"column":58}},"28":{"start":{"line":63,"column":23},"end":{"line":94,"column":1}},"29":{"start":{"line":64,"column":4},"end":{"line":93,"column":5}},"30":{"start":{"line":65,"column":21},"end":{"line":65,"column":50}},"31":{"start":{"line":66,"column":22},"end":{"line":66,"column":53}},"32":{"start":{"line":67,"column":21},"end":{"line":67,"column":39}},"33":{"start":{"line":68,"column":23},"end":{"line":68,"column":39}},"34":{"start":{"line":70,"column":22},"end":{"line":70,"column":24}},"35":{"start":{"line":71,"column":8},"end":{"line":73,"column":9}},"36":{"start":{"line":72,"column":12},"end":{"line":72,"column":34}},"37":{"start":{"line":75,"column":30},"end":{"line":75,"column":65}},"38":{"start":{"line":76,"column":27},"end":{"line":76,"column":59}},"39":{"start":{"line":78,"column":25},"end":{"line":82,"column":25}},"40":{"start":{"line":84,"column":8},"end":{"line":89,"column":11}},"41":{"start":{"line":91,"column":8},"end":{"line":91,"column":29}},"42":{"start":{"line":92,"column":8},"end":{"line":92,"column":58}},"43":{"start":{"line":99,"column":22},"end":{"line":114,"column":1}},"44":{"start":{"line":100,"column":4},"end":{"line":113,"column":5}},"45":{"start":{"line":101,"column":24},"end":{"line":101,"column":61}},"46":{"start":{"line":103,"column":8},"end":{"line":109,"column":9}},"47":{"start":{"line":104,"column":12},"end":{"line":104,"column":38}},"48":{"start":{"line":105,"column":12},"end":{"line":105,"column":92}},"49":{"start":{"line":106,"column":12},"end":{"line":106,"column":53}},"50":{"start":{"line":108,"column":12},"end":{"line":108,"column":67}},"51":{"start":{"line":111,"column":8},"end":{"line":111,"column":29}},"52":{"start":{"line":112,"column":8},"end":{"line":112,"column":58}},"53":{"start":{"line":119,"column":23},"end":{"line":155,"column":1}},"54":{"start":{"line":120,"column":4},"end":{"line":154,"column":5}},"55":{"start":{"line":121,"column":25},"end":{"line":121,"column":76}},"56":{"start":{"line":123,"column":18},"end":{"line":123,"column":95}},"57":{"start":{"line":125,"column":8},"end":{"line":145,"column":11}},"58":{"start":{"line":126,"column":23},"end":{"line":126,"column":34}},"59":{"start":{"line":127,"column":26},"end":{"line":127,"column":66}},"60":{"start":{"line":128,"column":25},"end":{"line":128,"column":98}},"61":{"start":{"line":129,"column":26},"end":{"line":129,"column":100}},"62":{"start":{"line":130,"column":27},"end":{"line":130,"column":54}},"63":{"start":{"line":131,"column":25},"end":{"line":131,"column":93}},"64":{"start":{"line":132,"column":32},"end":{"line":132,"column":88}},"65":{"start":{"line":135,"column":30},"end":{"line":139,"column":30}},"66":{"start":{"line":136,"column":34},"end":{"line":136,"column":77}},"67":{"start":{"line":137,"column":31},"end":{"line":137,"column":97}},"68":{"start":{"line":137,"column":60},"end":{"line":137,"column":71}},"69":{"start":{"line":138,"column":16},"end":{"line":138,"column":51}},"70":{"start":{"line":140,"column":37},"end":{"line":140,"column":73}},"71":{"start":{"line":142,"column":30},"end":{"line":142,"column":78}},"72":{"start":{"line":144,"column":12},"end":{"line":144,"column":121}},"73":{"start":{"line":147,"column":8},"end":{"line":147,"column":47}},"74":{"start":{"line":148,"column":8},"end":{"line":148,"column":123}},"75":{"start":{"line":149,"column":8},"end":{"line":149,"column":22}},"76":{"start":{"line":152,"column":8},"end":{"line":152,"column":29}},"77":{"start":{"line":153,"column":8},"end":{"line":153,"column":58}},"78":{"start":{"line":160,"column":24},"end":{"line":175,"column":1}},"79":{"start":{"line":161,"column":4},"end":{"line":174,"column":5}},"80":{"start":{"line":162,"column":22},"end":{"line":162,"column":61}},"81":{"start":{"line":164,"column":8},"end":{"line":170,"column":9}},"82":{"start":{"line":165,"column":12},"end":{"line":165,"column":36}},"83":{"start":{"line":166,"column":12},"end":{"line":166,"column":99}},"84":{"start":{"line":167,"column":12},"end":{"line":167,"column":56}},"85":{"start":{"line":169,"column":12},"end":{"line":169,"column":70}},"86":{"start":{"line":172,"column":8},"end":{"line":172,"column":29}},"87":{"start":{"line":173,"column":8},"end":{"line":173,"column":58}},"88":{"start":{"line":180,"column":27},"end":{"line":201,"column":1}},"89":{"start":{"line":181,"column":4},"end":{"line":200,"column":5}},"90":{"start":{"line":182,"column":24},"end":{"line":182,"column":32}},"91":{"start":{"line":184,"column":8},"end":{"line":186,"column":9}},"92":{"start":{"line":185,"column":12},"end":{"line":185,"column":80}},"93":{"start":{"line":188,"column":23},"end":{"line":188,"column":70}},"94":{"start":{"line":190,"column":8},"end":{"line":194,"column":10}},"95":{"start":{"line":196,"column":8},"end":{"line":196,"column":86}},"96":{"start":{"line":198,"column":8},"end":{"line":198,"column":29}},"97":{"start":{"line":199,"column":8},"end":{"line":199,"column":58}},"98":{"start":{"line":206,"column":22},"end":{"line":231,"column":1}},"99":{"start":{"line":207,"column":4},"end":{"line":230,"column":5}},"100":{"start":{"line":208,"column":55},"end":{"line":208,"column":63}},"101":{"start":{"line":209,"column":24},"end":{"line":209,"column":61}},"102":{"start":{"line":211,"column":8},"end":{"line":226,"column":9}},"103":{"start":{"line":212,"column":12},"end":{"line":212,"column":51}},"104":{"start":{"line":213,"column":12},"end":{"line":213,"column":48}},"105":{"start":{"line":214,"column":12},"end":{"line":214,"column":54}},"106":{"start":{"line":216,"column":12},"end":{"line":218,"column":13}},"107":{"start":{"line":217,"column":16},"end":{"line":217,"column":54}},"108":{"start":{"line":220,"column":35},"end":{"line":220,"column":55}},"109":{"start":{"line":221,"column":12},"end":{"line":221,"column":97}},"110":{"start":{"line":223,"column":12},"end":{"line":223,"column":37}},"111":{"start":{"line":225,"column":12},"end":{"line":225,"column":67}},"112":{"start":{"line":228,"column":8},"end":{"line":228,"column":29}},"113":{"start":{"line":229,"column":8},"end":{"line":229,"column":58}},"114":{"start":{"line":236,"column":24},"end":{"line":269,"column":1}},"115":{"start":{"line":237,"column":82},"end":{"line":237,"column":90}},"116":{"start":{"line":239,"column":4},"end":{"line":268,"column":5}},"117":{"start":{"line":240,"column":20},"end":{"line":240,"column":24}},"118":{"start":{"line":241,"column":8},"end":{"line":241,"column":55}},"119":{"start":{"line":241,"column":17},"end":{"line":241,"column":55}},"120":{"start":{"line":242,"column":8},"end":{"line":242,"column":66}},"121":{"start":{"line":242,"column":20},"end":{"line":242,"column":66}},"122":{"start":{"line":244,"column":8},"end":{"line":264,"column":9}},"123":{"start":{"line":246,"column":12},"end":{"line":246,"column":56}},"124":{"start":{"line":247,"column":12},"end":{"line":247,"column":65}},"125":{"start":{"line":248,"column":12},"end":{"line":248,"column":74}},"126":{"start":{"line":249,"column":12},"end":{"line":249,"column":62}},"127":{"start":{"line":250,"column":12},"end":{"line":250,"column":59}},"128":{"start":{"line":252,"column":33},"end":{"line":252,"column":51}},"129":{"start":{"line":253,"column":12},"end":{"line":253,"column":35}},"130":{"start":{"line":256,"column":29},"end":{"line":262,"column":14}},"131":{"start":{"line":263,"column":12},"end":{"line":263,"column":43}},"132":{"start":{"line":266,"column":8},"end":{"line":266,"column":29}},"133":{"start":{"line":267,"column":8},"end":{"line":267,"column":58}},"134":{"start":{"line":274,"column":25},"end":{"line":282,"column":1}},"135":{"start":{"line":275,"column":4},"end":{"line":281,"column":5}},"136":{"start":{"line":276,"column":23},"end":{"line":276,"column":69}},"137":{"start":{"line":277,"column":8},"end":{"line":277,"column":25}},"138":{"start":{"line":279,"column":8},"end":{"line":279,"column":29}},"139":{"start":{"line":280,"column":8},"end":{"line":280,"column":58}},"140":{"start":{"line":287,"column":24},"end":{"line":314,"column":1}},"141":{"start":{"line":288,"column":4},"end":{"line":313,"column":5}},"142":{"start":{"line":289,"column":21},"end":{"line":289,"column":55}},"143":{"start":{"line":291,"column":8},"end":{"line":309,"column":9}},"144":{"start":{"line":292,"column":12},"end":{"line":292,"column":41}},"145":{"start":{"line":293,"column":32},"end":{"line":293,"column":49}},"146":{"start":{"line":295,"column":12},"end":{"line":299,"column":14}},"147":{"start":{"line":301,"column":12},"end":{"line":306,"column":15}},"148":{"start":{"line":308,"column":12},"end":{"line":308,"column":64}},"149":{"start":{"line":311,"column":8},"end":{"line":311,"column":29}},"150":{"start":{"line":312,"column":8},"end":{"line":312,"column":58}},"151":{"start":{"line":316,"column":21},"end":{"line":326,"column":1}},"152":{"start":{"line":317,"column":4},"end":{"line":325,"column":5}},"153":{"start":{"line":318,"column":21},"end":{"line":321,"column":23}},"154":{"start":{"line":322,"column":8},"end":{"line":322,"column":23}},"155":{"start":{"line":324,"column":8},"end":{"line":324,"column":58}},"156":{"start":{"line":328,"column":21},"end":{"line":328,"column":54}},"157":{"start":{"line":330,"column":22},"end":{"line":375,"column":1}},"158":{"start":{"line":331,"column":66},"end":{"line":331,"column":74}},"159":{"start":{"line":333,"column":4},"end":{"line":335,"column":5}},"160":{"start":{"line":334,"column":8},"end":{"line":334,"column":83}},"161":{"start":{"line":337,"column":4},"end":{"line":374,"column":5}},"162":{"start":{"line":339,"column":22},"end":{"line":339,"column":24}},"163":{"start":{"line":340,"column":8},"end":{"line":342,"column":9}},"164":{"start":{"line":341,"column":12},"end":{"line":341,"column":36}},"165":{"start":{"line":345,"column":22},"end":{"line":345,"column":51}},"166":{"start":{"line":347,"column":8},"end":{"line":349,"column":9}},"167":{"start":{"line":348,"column":12},"end":{"line":348,"column":96}},"168":{"start":{"line":352,"column":30},"end":{"line":357,"column":11}},"169":{"start":{"line":352,"column":49},"end":{"line":357,"column":9}},"170":{"start":{"line":360,"column":8},"end":{"line":360,"column":53}},"171":{"start":{"line":363,"column":8},"end":{"line":367,"column":10}},"172":{"start":{"line":369,"column":8},"end":{"line":369,"column":87}},"173":{"start":{"line":372,"column":8},"end":{"line":372,"column":50}},"174":{"start":{"line":373,"column":8},"end":{"line":373,"column":70}},"175":{"start":{"line":377,"column":24},"end":{"line":401,"column":1}},"176":{"start":{"line":378,"column":24},"end":{"line":378,"column":32}},"177":{"start":{"line":380,"column":4},"end":{"line":382,"column":5}},"178":{"start":{"line":381,"column":8},"end":{"line":381,"column":70}},"179":{"start":{"line":384,"column":4},"end":{"line":400,"column":5}},"180":{"start":{"line":386,"column":23},"end":{"line":386,"column":71}},"181":{"start":{"line":389,"column":8},"end":{"line":394,"column":10}},"182":{"start":{"line":396,"column":8},"end":{"line":396,"column":83}},"183":{"start":{"line":398,"column":8},"end":{"line":398,"column":52}},"184":{"start":{"line":399,"column":8},"end":{"line":399,"column":64}},"185":{"start":{"line":403,"column":26},"end":{"line":482,"column":1}},"186":{"start":{"line":404,"column":4},"end":{"line":481,"column":5}},"187":{"start":{"line":405,"column":27},"end":{"line":405,"column":56}},"188":{"start":{"line":406,"column":30},"end":{"line":406,"column":62}},"189":{"start":{"line":407,"column":28},"end":{"line":407,"column":62}},"190":{"start":{"line":410,"column":27},"end":{"line":410,"column":37}},"191":{"start":{"line":411,"column":8},"end":{"line":411,"column":40}},"192":{"start":{"line":412,"column":30},"end":{"line":412,"column":92}},"193":{"start":{"line":415,"column":29},"end":{"line":415,"column":39}},"194":{"start":{"line":416,"column":8},"end":{"line":416,"column":59}},"195":{"start":{"line":418,"column":30},"end":{"line":432,"column":10}},"196":{"start":{"line":435,"column":27},"end":{"line":435,"column":111}},"197":{"start":{"line":436,"column":27},"end":{"line":440,"column":11}},"198":{"start":{"line":436,"column":54},"end":{"line":440,"column":9}},"199":{"start":{"line":443,"column":28},"end":{"line":450,"column":10}},"200":{"start":{"line":453,"column":27},"end":{"line":457,"column":9}},"201":{"start":{"line":459,"column":33},"end":{"line":463,"column":11}},"202":{"start":{"line":459,"column":58},"end":{"line":463,"column":9}},"203":{"start":{"line":465,"column":8},"end":{"line":477,"column":11}},"204":{"start":{"line":479,"column":8},"end":{"line":479,"column":45}},"205":{"start":{"line":480,"column":8},"end":{"line":480,"column":67}},"206":{"start":{"line":487,"column":21},"end":{"line":513,"column":1}},"207":{"start":{"line":488,"column":4},"end":{"line":512,"column":5}},"208":{"start":{"line":489,"column":21},"end":{"line":489,"column":55}},"209":{"start":{"line":491,"column":8},"end":{"line":509,"column":9}},"210":{"start":{"line":492,"column":12},"end":{"line":492,"column":35}},"211":{"start":{"line":493,"column":12},"end":{"line":495,"column":13}},"212":{"start":{"line":494,"column":16},"end":{"line":494,"column":45}},"213":{"start":{"line":496,"column":12},"end":{"line":496,"column":30}},"214":{"start":{"line":499,"column":12},"end":{"line":504,"column":14}},"215":{"start":{"line":506,"column":12},"end":{"line":506,"column":70}},"216":{"start":{"line":508,"column":12},"end":{"line":508,"column":64}},"217":{"start":{"line":511,"column":8},"end":{"line":511,"column":58}},"218":{"start":{"line":518,"column":24},"end":{"line":538,"column":1}},"219":{"start":{"line":519,"column":4},"end":{"line":537,"column":5}},"220":{"start":{"line":520,"column":22},"end":{"line":520,"column":61}},"221":{"start":{"line":521,"column":8},"end":{"line":523,"column":9}},"222":{"start":{"line":522,"column":12},"end":{"line":522,"column":77}},"223":{"start":{"line":524,"column":81},"end":{"line":524,"column":89}},"224":{"start":{"line":525,"column":8},"end":{"line":525,"column":64}},"225":{"start":{"line":525,"column":30},"end":{"line":525,"column":64}},"226":{"start":{"line":526,"column":8},"end":{"line":526,"column":67}},"227":{"start":{"line":526,"column":30},"end":{"line":526,"column":67}},"228":{"start":{"line":527,"column":8},"end":{"line":527,"column":70}},"229":{"start":{"line":527,"column":30},"end":{"line":527,"column":70}},"230":{"start":{"line":528,"column":8},"end":{"line":528,"column":66}},"231":{"start":{"line":528,"column":30},"end":{"line":528,"column":66}},"232":{"start":{"line":529,"column":8},"end":{"line":529,"column":65}},"233":{"start":{"line":529,"column":30},"end":{"line":529,"column":65}},"234":{"start":{"line":531,"column":24},"end":{"line":531,"column":42}},"235":{"start":{"line":532,"column":8},"end":{"line":532,"column":97}},"236":{"start":{"line":533,"column":8},"end":{"line":533,"column":26}},"237":{"start":{"line":535,"column":8},"end":{"line":535,"column":29}},"238":{"start":{"line":536,"column":8},"end":{"line":536,"column":58}},"239":{"start":{"line":540,"column":0},"end":{"line":558,"column":2}}},"fnMap":{"0":{"name":"(anonymous_0)","decl":{"start":{"line":10,"column":18},"end":{"line":10,"column":19}},"loc":{"start":{"line":10,"column":67},"end":{"line":21,"column":1}},"line":10},"1":{"name":"(anonymous_1)","decl":{"start":{"line":26,"column":20},"end":{"line":26,"column":21}},"loc":{"start":{"line":26,"column":40},"end":{"line":36,"column":1}},"line":26},"2":{"name":"(anonymous_2)","decl":{"start":{"line":41,"column":19},"end":{"line":41,"column":20}},"loc":{"start":{"line":41,"column":39},"end":{"line":58,"column":1}},"line":41},"3":{"name":"(anonymous_3)","decl":{"start":{"line":63,"column":23},"end":{"line":63,"column":24}},"loc":{"start":{"line":63,"column":43},"end":{"line":94,"column":1}},"line":63},"4":{"name":"(anonymous_4)","decl":{"start":{"line":99,"column":22},"end":{"line":99,"column":23}},"loc":{"start":{"line":99,"column":42},"end":{"line":114,"column":1}},"line":99},"5":{"name":"(anonymous_5)","decl":{"start":{"line":119,"column":23},"end":{"line":119,"column":24}},"loc":{"start":{"line":119,"column":43},"end":{"line":155,"column":1}},"line":119},"6":{"name":"(anonymous_6)","decl":{"start":{"line":125,"column":25},"end":{"line":125,"column":26}},"loc":{"start":{"line":125,"column":36},"end":{"line":145,"column":9}},"line":125},"7":{"name":"(anonymous_7)","decl":{"start":{"line":135,"column":80},"end":{"line":135,"column":81}},"loc":{"start":{"line":135,"column":90},"end":{"line":139,"column":13}},"line":135},"8":{"name":"(anonymous_8)","decl":{"start":{"line":137,"column":55},"end":{"line":137,"column":56}},"loc":{"start":{"line":137,"column":60},"end":{"line":137,"column":71}},"line":137},"9":{"name":"(anonymous_9)","decl":{"start":{"line":160,"column":24},"end":{"line":160,"column":25}},"loc":{"start":{"line":160,"column":44},"end":{"line":175,"column":1}},"line":160},"10":{"name":"(anonymous_10)","decl":{"start":{"line":180,"column":27},"end":{"line":180,"column":28}},"loc":{"start":{"line":180,"column":47},"end":{"line":201,"column":1}},"line":180},"11":{"name":"(anonymous_11)","decl":{"start":{"line":206,"column":22},"end":{"line":206,"column":23}},"loc":{"start":{"line":206,"column":42},"end":{"line":231,"column":1}},"line":206},"12":{"name":"(anonymous_12)","decl":{"start":{"line":236,"column":24},"end":{"line":236,"column":25}},"loc":{"start":{"line":236,"column":44},"end":{"line":269,"column":1}},"line":236},"13":{"name":"(anonymous_13)","decl":{"start":{"line":274,"column":25},"end":{"line":274,"column":26}},"loc":{"start":{"line":274,"column":45},"end":{"line":282,"column":1}},"line":274},"14":{"name":"(anonymous_14)","decl":{"start":{"line":287,"column":24},"end":{"line":287,"column":25}},"loc":{"start":{"line":287,"column":44},"end":{"line":314,"column":1}},"line":287},"15":{"name":"(anonymous_15)","decl":{"start":{"line":316,"column":21},"end":{"line":316,"column":22}},"loc":{"start":{"line":316,"column":41},"end":{"line":326,"column":1}},"line":316},"16":{"name":"(anonymous_16)","decl":{"start":{"line":330,"column":22},"end":{"line":330,"column":23}},"loc":{"start":{"line":330,"column":42},"end":{"line":375,"column":1}},"line":330},"17":{"name":"(anonymous_17)","decl":{"start":{"line":352,"column":40},"end":{"line":352,"column":41}},"loc":{"start":{"line":352,"column":49},"end":{"line":357,"column":9}},"line":352},"18":{"name":"(anonymous_18)","decl":{"start":{"line":377,"column":24},"end":{"line":377,"column":25}},"loc":{"start":{"line":377,"column":44},"end":{"line":401,"column":1}},"line":377},"19":{"name":"(anonymous_19)","decl":{"start":{"line":403,"column":26},"end":{"line":403,"column":27}},"loc":{"start":{"line":403,"column":46},"end":{"line":482,"column":1}},"line":403},"20":{"name":"(anonymous_20)","decl":{"start":{"line":436,"column":45},"end":{"line":436,"column":46}},"loc":{"start":{"line":436,"column":54},"end":{"line":440,"column":9}},"line":436},"21":{"name":"(anonymous_21)","decl":{"start":{"line":459,"column":49},"end":{"line":459,"column":50}},"loc":{"start":{"line":459,"column":58},"end":{"line":463,"column":9}},"line":459},"22":{"name":"(anonymous_22)","decl":{"start":{"line":487,"column":21},"end":{"line":487,"column":22}},"loc":{"start":{"line":487,"column":41},"end":{"line":513,"column":1}},"line":487},"23":{"name":"(anonymous_23)","decl":{"start":{"line":518,"column":24},"end":{"line":518,"column":25}},"loc":{"start":{"line":518,"column":44},"end":{"line":538,"column":1}},"line":518}},"branchMap":{"0":{"loc":{"start":{"line":10,"column":50},"end":{"line":10,"column":62}},"type":"default-arg","locations":[{"start":{"line":10,"column":60},"end":{"line":10,"column":62}}],"line":10},"1":{"loc":{"start":{"line":45,"column":8},"end":{"line":53,"column":9}},"type":"if","locations":[{"start":{"line":45,"column":8},"end":{"line":53,"column":9}},{"start":{"line":51,"column":15},"end":{"line":53,"column":9}}],"line":45},"2":{"loc":{"start":{"line":65,"column":21},"end":{"line":65,"column":50}},"type":"binary-expr","locations":[{"start":{"line":65,"column":21},"end":{"line":65,"column":45}},{"start":{"line":65,"column":49},"end":{"line":65,"column":50}}],"line":65},"3":{"loc":{"start":{"line":66,"column":22},"end":{"line":66,"column":53}},"type":"binary-expr","locations":[{"start":{"line":66,"column":22},"end":{"line":66,"column":47}},{"start":{"line":66,"column":51},"end":{"line":66,"column":53}}],"line":66},"4":{"loc":{"start":{"line":71,"column":8},"end":{"line":73,"column":9}},"type":"if","locations":[{"start":{"line":71,"column":8},"end":{"line":73,"column":9}},{"start":{},"end":{}}],"line":71},"5":{"loc":{"start":{"line":71,"column":12},"end":{"line":71,"column":38}},"type":"binary-expr","locations":[{"start":{"line":71,"column":12},"end":{"line":71,"column":18}},{"start":{"line":71,"column":22},"end":{"line":71,"column":38}}],"line":71},"6":{"loc":{"start":{"line":103,"column":8},"end":{"line":109,"column":9}},"type":"if","locations":[{"start":{"line":103,"column":8},"end":{"line":109,"column":9}},{"start":{"line":107,"column":15},"end":{"line":109,"column":9}}],"line":103},"7":{"loc":{"start":{"line":128,"column":25},"end":{"line":128,"column":98}},"type":"cond-expr","locations":[{"start":{"line":128,"column":40},"end":{"line":128,"column":84}},{"start":{"line":128,"column":87},"end":{"line":128,"column":98}}],"line":128},"8":{"loc":{"start":{"line":129,"column":26},"end":{"line":129,"column":100}},"type":"cond-expr","locations":[{"start":{"line":129,"column":41},"end":{"line":129,"column":86}},{"start":{"line":129,"column":89},"end":{"line":129,"column":100}}],"line":129},"9":{"loc":{"start":{"line":130,"column":27},"end":{"line":130,"column":54}},"type":"binary-expr","locations":[{"start":{"line":130,"column":27},"end":{"line":130,"column":41}},{"start":{"line":130,"column":45},"end":{"line":130,"column":54}}],"line":130},"10":{"loc":{"start":{"line":131,"column":30},"end":{"line":131,"column":48}},"type":"binary-expr","locations":[{"start":{"line":131,"column":30},"end":{"line":131,"column":42}},{"start":{"line":131,"column":46},"end":{"line":131,"column":48}}],"line":131},"11":{"loc":{"start":{"line":132,"column":32},"end":{"line":132,"column":88}},"type":"cond-expr","locations":[{"start":{"line":132,"column":56},"end":{"line":132,"column":84}},{"start":{"line":132,"column":87},"end":{"line":132,"column":88}}],"line":132},"12":{"loc":{"start":{"line":135,"column":30},"end":{"line":139,"column":30}},"type":"cond-expr","locations":[{"start":{"line":135,"column":54},"end":{"line":139,"column":25}},{"start":{"line":139,"column":28},"end":{"line":139,"column":30}}],"line":135},"13":{"loc":{"start":{"line":136,"column":34},"end":{"line":136,"column":77}},"type":"binary-expr","locations":[{"start":{"line":136,"column":34},"end":{"line":136,"column":41}},{"start":{"line":136,"column":45},"end":{"line":136,"column":57}},{"start":{"line":136,"column":61},"end":{"line":136,"column":77}}],"line":136},"14":{"loc":{"start":{"line":137,"column":31},"end":{"line":137,"column":97}},"type":"cond-expr","locations":[{"start":{"line":137,"column":42},"end":{"line":137,"column":83}},{"start":{"line":137,"column":86},"end":{"line":137,"column":97}}],"line":137},"15":{"loc":{"start":{"line":137,"column":60},"end":{"line":137,"column":71}},"type":"binary-expr","locations":[{"start":{"line":137,"column":60},"end":{"line":137,"column":66}},{"start":{"line":137,"column":70},"end":{"line":137,"column":71}}],"line":137},"16":{"loc":{"start":{"line":164,"column":8},"end":{"line":170,"column":9}},"type":"if","locations":[{"start":{"line":164,"column":8},"end":{"line":170,"column":9}},{"start":{"line":168,"column":15},"end":{"line":170,"column":9}}],"line":164},"17":{"loc":{"start":{"line":184,"column":8},"end":{"line":186,"column":9}},"type":"if","locations":[{"start":{"line":184,"column":8},"end":{"line":186,"column":9}},{"start":{},"end":{}}],"line":184},"18":{"loc":{"start":{"line":184,"column":12},"end":{"line":184,"column":59}},"type":"binary-expr","locations":[{"start":{"line":184,"column":12},"end":{"line":184,"column":16}},{"start":{"line":184,"column":20},"end":{"line":184,"column":39}},{"start":{"line":184,"column":43},"end":{"line":184,"column":59}}],"line":184},"19":{"loc":{"start":{"line":211,"column":8},"end":{"line":226,"column":9}},"type":"if","locations":[{"start":{"line":211,"column":8},"end":{"line":226,"column":9}},{"start":{"line":224,"column":15},"end":{"line":226,"column":9}}],"line":211},"20":{"loc":{"start":{"line":212,"column":28},"end":{"line":212,"column":50}},"type":"binary-expr","locations":[{"start":{"line":212,"column":28},"end":{"line":212,"column":33}},{"start":{"line":212,"column":37},"end":{"line":212,"column":50}}],"line":212},"21":{"loc":{"start":{"line":213,"column":27},"end":{"line":213,"column":47}},"type":"binary-expr","locations":[{"start":{"line":213,"column":27},"end":{"line":213,"column":31}},{"start":{"line":213,"column":35},"end":{"line":213,"column":47}}],"line":213},"22":{"loc":{"start":{"line":214,"column":29},"end":{"line":214,"column":53}},"type":"binary-expr","locations":[{"start":{"line":214,"column":29},"end":{"line":214,"column":35}},{"start":{"line":214,"column":39},"end":{"line":214,"column":53}}],"line":214},"23":{"loc":{"start":{"line":216,"column":12},"end":{"line":218,"column":13}},"type":"if","locations":[{"start":{"line":216,"column":12},"end":{"line":218,"column":13}},{"start":{},"end":{}}],"line":216},"24":{"loc":{"start":{"line":241,"column":8},"end":{"line":241,"column":55}},"type":"if","locations":[{"start":{"line":241,"column":8},"end":{"line":241,"column":55}},{"start":{},"end":{}}],"line":241},"25":{"loc":{"start":{"line":242,"column":8},"end":{"line":242,"column":66}},"type":"if","locations":[{"start":{"line":242,"column":8},"end":{"line":242,"column":66}},{"start":{},"end":{}}],"line":242},"26":{"loc":{"start":{"line":244,"column":8},"end":{"line":264,"column":9}},"type":"if","locations":[{"start":{"line":244,"column":8},"end":{"line":264,"column":9}},{"start":{"line":254,"column":15},"end":{"line":264,"column":9}}],"line":244},"27":{"loc":{"start":{"line":246,"column":29},"end":{"line":246,"column":55}},"type":"binary-expr","locations":[{"start":{"line":246,"column":29},"end":{"line":246,"column":37}},{"start":{"line":246,"column":41},"end":{"line":246,"column":55}}],"line":246},"28":{"loc":{"start":{"line":247,"column":32},"end":{"line":247,"column":64}},"type":"binary-expr","locations":[{"start":{"line":247,"column":32},"end":{"line":247,"column":43}},{"start":{"line":247,"column":47},"end":{"line":247,"column":64}}],"line":247},"29":{"loc":{"start":{"line":248,"column":35},"end":{"line":248,"column":73}},"type":"binary-expr","locations":[{"start":{"line":248,"column":35},"end":{"line":248,"column":49}},{"start":{"line":248,"column":53},"end":{"line":248,"column":73}}],"line":248},"30":{"loc":{"start":{"line":249,"column":31},"end":{"line":249,"column":61}},"type":"binary-expr","locations":[{"start":{"line":249,"column":31},"end":{"line":249,"column":41}},{"start":{"line":249,"column":45},"end":{"line":249,"column":61}}],"line":249},"31":{"loc":{"start":{"line":250,"column":30},"end":{"line":250,"column":58}},"type":"binary-expr","locations":[{"start":{"line":250,"column":30},"end":{"line":250,"column":39}},{"start":{"line":250,"column":43},"end":{"line":250,"column":58}}],"line":250},"32":{"loc":{"start":{"line":291,"column":8},"end":{"line":309,"column":9}},"type":"if","locations":[{"start":{"line":291,"column":8},"end":{"line":309,"column":9}},{"start":{"line":307,"column":15},"end":{"line":309,"column":9}}],"line":291},"33":{"loc":{"start":{"line":297,"column":16},"end":{"line":297,"column":70}},"type":"cond-expr","locations":[{"start":{"line":297,"column":38},"end":{"line":297,"column":53}},{"start":{"line":297,"column":56},"end":{"line":297,"column":70}}],"line":297},"34":{"loc":{"start":{"line":331,"column":28},"end":{"line":331,"column":41}},"type":"default-arg","locations":[{"start":{"line":331,"column":35},"end":{"line":331,"column":41}}],"line":331},"35":{"loc":{"start":{"line":331,"column":43},"end":{"line":331,"column":61}},"type":"default-arg","locations":[{"start":{"line":331,"column":56},"end":{"line":331,"column":61}}],"line":331},"36":{"loc":{"start":{"line":333,"column":4},"end":{"line":335,"column":5}},"type":"if","locations":[{"start":{"line":333,"column":4},"end":{"line":335,"column":5}},{"start":{},"end":{}}],"line":333},"37":{"loc":{"start":{"line":333,"column":8},"end":{"line":333,"column":26}},"type":"binary-expr","locations":[{"start":{"line":333,"column":8},"end":{"line":333,"column":14}},{"start":{"line":333,"column":18},"end":{"line":333,"column":26}}],"line":333},"38":{"loc":{"start":{"line":340,"column":8},"end":{"line":342,"column":9}},"type":"if","locations":[{"start":{"line":340,"column":8},"end":{"line":342,"column":9}},{"start":{},"end":{}}],"line":340},"39":{"loc":{"start":{"line":347,"column":8},"end":{"line":349,"column":9}},"type":"if","locations":[{"start":{"line":347,"column":8},"end":{"line":349,"column":9}},{"start":{},"end":{}}],"line":347},"40":{"loc":{"start":{"line":380,"column":4},"end":{"line":382,"column":5}},"type":"if","locations":[{"start":{"line":380,"column":4},"end":{"line":382,"column":5}},{"start":{},"end":{}}],"line":380},"41":{"loc":{"start":{"line":380,"column":8},"end":{"line":380,"column":67}},"type":"binary-expr","locations":[{"start":{"line":380,"column":8},"end":{"line":380,"column":16}},{"start":{"line":380,"column":20},"end":{"line":380,"column":43}},{"start":{"line":380,"column":47},"end":{"line":380,"column":67}}],"line":380},"42":{"loc":{"start":{"line":462,"column":19},"end":{"line":462,"column":52}},"type":"binary-expr","locations":[{"start":{"line":462,"column":19},"end":{"line":462,"column":39}},{"start":{"line":462,"column":43},"end":{"line":462,"column":52}}],"line":462},"43":{"loc":{"start":{"line":491,"column":8},"end":{"line":509,"column":9}},"type":"if","locations":[{"start":{"line":491,"column":8},"end":{"line":509,"column":9}},{"start":{"line":507,"column":15},"end":{"line":509,"column":9}}],"line":491},"44":{"loc":{"start":{"line":493,"column":12},"end":{"line":495,"column":13}},"type":"if","locations":[{"start":{"line":493,"column":12},"end":{"line":495,"column":13}},{"start":{},"end":{}}],"line":493},"45":{"loc":{"start":{"line":521,"column":8},"end":{"line":523,"column":9}},"type":"if","locations":[{"start":{"line":521,"column":8},"end":{"line":523,"column":9}},{"start":{},"end":{}}],"line":521},"46":{"loc":{"start":{"line":525,"column":8},"end":{"line":525,"column":64}},"type":"if","locations":[{"start":{"line":525,"column":8},"end":{"line":525,"column":64}},{"start":{},"end":{}}],"line":525},"47":{"loc":{"start":{"line":526,"column":8},"end":{"line":526,"column":67}},"type":"if","locations":[{"start":{"line":526,"column":8},"end":{"line":526,"column":67}},{"start":{},"end":{}}],"line":526},"48":{"loc":{"start":{"line":527,"column":8},"end":{"line":527,"column":70}},"type":"if","locations":[{"start":{"line":527,"column":8},"end":{"line":527,"column":70}},{"start":{},"end":{}}],"line":527},"49":{"loc":{"start":{"line":528,"column":8},"end":{"line":528,"column":66}},"type":"if","locations":[{"start":{"line":528,"column":8},"end":{"line":528,"column":66}},{"start":{},"end":{}}],"line":528},"50":{"loc":{"start":{"line":529,"column":8},"end":{"line":529,"column":65}},"type":"if","locations":[{"start":{"line":529,"column":8},"end":{"line":529,"column":65}},{"start":{},"end":{}}],"line":529}},"s":{"0":0,"1":0,"2":0,"3":0,"4":0,"5":0,"6":0,"7":0,"8":0,"9":0,"10":0,"11":0,"12":0,"13":0,"14":0,"15":0,"16":0,"17":0,"18":0,"19":0,"20":0,"21":0,"22":0,"23":0,"24":0,"25":0,"26":0,"27":0,"28":0,"29":0,"30":0,"31":0,"32":0,"33":0,"34":0,"35":0,"36":0,"37":0,"38":0,"39":0,"40":0,"41":0,"42":0,"43":0,"44":0,"45":0,"46":0,"47":0,"48":0,"49":0,"50":0,"51":0,"52":0,"53":0,"54":0,"55":0,"56":0,"57":0,"58":0,"59":0,"60":0,"61":0,"62":0,"63":0,"64":0,"65":0,"66":0,"67":0,"68":0,"69":0,"70":0,"71":0,"72":0,"73":0,"74":0,"75":0,"76":0,"77":0,"78":0,"79":0,"80":0,"81":0,"82":0,"83":0,"84":0,"85":0,"86":0,"87":0,"88":0,"89":0,"90":0,"91":0,"92":0,"93":0,"94":0,"95":0,"96":0,"97":0,"98":0,"99":0,"100":0,"101":0,"102":0,"103":0,"104":0,"105":0,"106":0,"107":0,"108":0,"109":0,"110":0,"111":0,"112":0,"113":0,"114":0,"115":0,"116":0,"117":0,"118":0,"119":0,"120":0,"121":0,"122":0,"123":0,"124":0,"125":0,"126":0,"127":0,"128":0,"129":0,"130":0,"131":0,"132":0,"133":0,"134":0,"135":0,"136":0,"137":0,"138":0,"139":0,"140":0,"141":0,"142":0,"143":0,"144":0,"145":0,"146":0,"147":0,"148":0,"149":0,"150":0,"151":0,"152":0,"153":0,"154":0,"155":0,"156":0,"157":0,"158":0,"159":0,"160":0,"161":0,"162":0,"163":0,"164":0,"165":0,"166":0,"167":0,"168":0,"169":0,"170":0,"171":0,"172":0,"173":0,"174":0,"175":0,"176":0,"177":0,"178":0,"179":0,"180":0,"181":0,"182":0,"183":0,"184":0,"185":0,"186":0,"187":0,"188":0,"189":0,"190":0,"191":0,"192":0,"193":0,"194":0,"195":0,"196":0,"197":0,"198":0,"199":0,"200":0,"201":0,"202":0,"203":0,"204":0,"205":0,"206":0,"207":0,"208":0,"209":0,"210":0,"211":0,"212":0,"213":0,"214":0,"215":0,"216":0,"217":0,"218":0,"219":0,"220":0,"221":0,"222":0,"223":0,"224":0,"225":0,"226":0,"227":0,"228":0,"229":0,"230":0,"231":0,"232":0,"233":0,"234":0,"235":0,"236":0,"237":0,"238":0,"239":0},"f":{"0":0,"1":0,"2":0,"3":0,"4":0,"5":0,"6":0,"7":0,"8":0,"9":0,"10":0,"11":0,"12":0,"13":0,"14":0,"15":0,"16":0,"17":0,"18":0,"19":0,"20":0,"21":0,"22":0,"23":0},"b":{"0":[0],"1":[0,0],"2":[0,0],"3":[0,0],"4":[0,0],"5":[0,0],"6":[0,0],"7":[0,0],"8":[0,0],"9":[0,0],"10":[0,0],"11":[0,0],"12":[0,0],"13":[0,0,0],"14":[0,0],"15":[0,0],"16":[0,0],"17":[0,0],"18":[0,0,0],"19":[0,0],"20":[0,0],"21":[0,0],"22":[0,0],"23":[0,0],"24":[0,0],"25":[0,0],"26":[0,0],"27":[0,0],"28":[0,0],"29":[0,0],"30":[0,0],"31":[0,0],"32":[0,0],"33":[0,0],"34":[0],"35":[0],"36":[0,0],"37":[0,0],"38":[0,0],"39":[0,0],"40":[0,0],"41":[0,0,0],"42":[0,0],"43":[0,0],"44":[0,0],"45":[0,0],"46":[0,0],"47":[0,0],"48":[0,0],"49":[0,0],"50":[0,0]}}
,"C:\\Users\\harsh\\Downloads\\Website Dashboard Structure (1)\\server\\controllers\\aiAssistantController.js": {"path":"C:\\Users\\harsh\\Downloads\\Website Dashboard Structure (1)\\server\\controllers\\aiAssistantController.js","statementMap":{"0":{"start":{"line":6,"column":27},"end":{"line":6,"column":66}},"1":{"start":{"line":7,"column":16},"end":{"line":7,"column":44}},"2":{"start":{"line":8,"column":16},"end":{"line":8,"column":44}},"3":{"start":{"line":9,"column":15},"end":{"line":9,"column":42}},"4":{"start":{"line":16,"column":25},"end":{"line":16,"column":44}},"5":{"start":{"line":17,"column":25},"end":{"line":17,"column":49}},"6":{"start":{"line":18,"column":24},"end":{"line":18,"column":43}},"7":{"start":{"line":21,"column":4},"end":{"line":31,"column":5}},"8":{"start":{"line":22,"column":24},"end":{"line":22,"column":87}},"9":{"start":{"line":23,"column":8},"end":{"line":28,"column":9}},"10":{"start":{"line":24,"column":31},"end":{"line":26,"column":28}},"11":{"start":{"line":25,"column":26},"end":{"line":25,"column":54}},"12":{"start":{"line":27,"column":12},"end":{"line":27,"column":76}},"13":{"start":{"line":30,"column":8},"end":{"line":30,"column":84}},"14":{"start":{"line":34,"column":4},"end":{"line":48,"column":5}},"15":{"start":{"line":35,"column":25},"end":{"line":40,"column":10}},"16":{"start":{"line":41,"column":8},"end":{"line":45,"column":9}},"17":{"start":{"line":42,"column":12},"end":{"line":44,"column":28}},"18":{"start":{"line":43,"column":26},"end":{"line":43,"column":59}},"19":{"start":{"line":47,"column":8},"end":{"line":47,"column":84}},"20":{"start":{"line":51,"column":4},"end":{"line":58,"column":5}},"21":{"start":{"line":52,"column":24},"end":{"line":52,"column":91}},"22":{"start":{"line":53,"column":8},"end":{"line":55,"column":9}},"23":{"start":{"line":54,"column":12},"end":{"line":54,"column":134}},"24":{"start":{"line":54,"column":45},"end":{"line":54,"column":121}},"25":{"start":{"line":57,"column":8},"end":{"line":57,"column":83}},"26":{"start":{"line":60,"column":4},"end":{"line":80,"column":68}},"27":{"start":{"line":86,"column":21},"end":{"line":114,"column":1}},"28":{"start":{"line":87,"column":4},"end":{"line":113,"column":5}},"29":{"start":{"line":88,"column":29},"end":{"line":88,"column":37}},"30":{"start":{"line":90,"column":8},"end":{"line":92,"column":9}},"31":{"start":{"line":91,"column":12},"end":{"line":91,"column":96}},"32":{"start":{"line":94,"column":8},"end":{"line":96,"column":9}},"33":{"start":{"line":95,"column":12},"end":{"line":95,"column":101}},"34":{"start":{"line":98,"column":8},"end":{"line":98,"column":115}},"35":{"start":{"line":101,"column":29},"end":{"line":101,"column":65}},"36":{"start":{"line":104,"column":22},"end":{"line":104,"column":86}},"37":{"start":{"line":106,"column":8},"end":{"line":106,"column":28}},"38":{"start":{"line":109,"column":8},"end":{"line":109,"column":73}},"39":{"start":{"line":110,"column":8},"end":{"line":112,"column":11}},"40":{"start":{"line":116,"column":0},"end":{"line":116,"column":34}}},"fnMap":{"0":{"name":"buildSystemPrompt","decl":{"start":{"line":15,"column":15},"end":{"line":15,"column":32}},"loc":{"start":{"line":15,"column":41},"end":{"line":81,"column":1}},"line":15},"1":{"name":"(anonymous_1)","decl":{"start":{"line":25,"column":21},"end":{"line":25,"column":22}},"loc":{"start":{"line":25,"column":26},"end":{"line":25,"column":54}},"line":25},"2":{"name":"(anonymous_2)","decl":{"start":{"line":43,"column":21},"end":{"line":43,"column":22}},"loc":{"start":{"line":43,"column":26},"end":{"line":43,"column":59}},"line":43},"3":{"name":"(anonymous_3)","decl":{"start":{"line":54,"column":40},"end":{"line":54,"column":41}},"loc":{"start":{"line":54,"column":45},"end":{"line":54,"column":121}},"line":54},"4":{"name":"(anonymous_4)","decl":{"start":{"line":86,"column":21},"end":{"line":86,"column":22}},"loc":{"start":{"line":86,"column":41},"end":{"line":114,"column":1}},"line":86}},"branchMap":{"0":{"loc":{"start":{"line":23,"column":8},"end":{"line":28,"column":9}},"type":"if","locations":[{"start":{"line":23,"column":8},"end":{"line":28,"column":9}},{"start":{},"end":{}}],"line":23},"1":{"loc":{"start":{"line":41,"column":8},"end":{"line":45,"column":9}},"type":"if","locations":[{"start":{"line":41,"column":8},"end":{"line":45,"column":9}},{"start":{},"end":{}}],"line":41},"2":{"loc":{"start":{"line":53,"column":8},"end":{"line":55,"column":9}},"type":"if","locations":[{"start":{"line":53,"column":8},"end":{"line":55,"column":9}},{"start":{},"end":{}}],"line":53},"3":{"loc":{"start":{"line":54,"column":62},"end":{"line":54,"column":85}},"type":"binary-expr","locations":[{"start":{"line":54,"column":62},"end":{"line":54,"column":72}},{"start":{"line":54,"column":76},"end":{"line":54,"column":85}}],"line":54},"4":{"loc":{"start":{"line":54,"column":90},"end":{"line":54,"column":118}},"type":"binary-expr","locations":[{"start":{"line":54,"column":90},"end":{"line":54,"column":102}},{"start":{"line":54,"column":106},"end":{"line":54,"column":118}}],"line":54},"5":{"loc":{"start":{"line":90,"column":8},"end":{"line":92,"column":9}},"type":"if","locations":[{"start":{"line":90,"column":8},"end":{"line":92,"column":9}},{"start":{},"end":{}}],"line":90},"6":{"loc":{"start":{"line":90,"column":12},"end":{"line":90,"column":85}},"type":"binary-expr","locations":[{"start":{"line":90,"column":12},"end":{"line":90,"column":21}},{"start":{"line":90,"column":25},"end":{"line":90,"column":53}},{"start":{"line":90,"column":57},"end":{"line":90,"column":85}}],"line":90},"7":{"loc":{"start":{"line":94,"column":8},"end":{"line":96,"column":9}},"type":"if","locations":[{"start":{"line":94,"column":8},"end":{"line":96,"column":9}},{"start":{},"end":{}}],"line":94},"8":{"loc":{"start":{"line":111,"column":19},"end":{"line":111,"column":96}},"type":"binary-expr","locations":[{"start":{"line":111,"column":19},"end":{"line":111,"column":32}},{"start":{"line":111,"column":36},"end":{"line":111,"column":96}}],"line":111}},"s":{"0":0,"1":0,"2":0,"3":0,"4":0,"5":0,"6":0,"7":0,"8":0,"9":0,"10":0,"11":0,"12":0,"13":0,"14":0,"15":0,"16":0,"17":0,"18":0,"19":0,"20":0,"21":0,"22":0,"23":0,"24":0,"25":0,"26":0,"27":0,"28":0,"29":0,"30":0,"31":0,"32":0,"33":0,"34":0,"35":0,"36":0,"37":0,"38":0,"39":0,"40":0},"f":{"0":0,"1":0,"2":0,"3":0,"4":0},"b":{"0":[0,0],"1":[0,0],"2":[0,0],"3":[0,0],"4":[0,0],"5":[0,0],"6":[0,0,0],"7":[0,0],"8":[0,0]}}
,"C:\\Users\\harsh\\Downloads\\Website Dashboard Structure (1)\\server\\controllers\\authController.js": {"path":"C:\\Users\\harsh\\Downloads\\Website Dashboard Structure (1)\\server\\controllers\\authController.js","statementMap":{"0":{"start":{"line":1,"column":12},"end":{"line":1,"column":35}},"1":{"start":{"line":2,"column":15},"end":{"line":2,"column":34}},"2":{"start":{"line":3,"column":15},"end":{"line":3,"column":32}},"3":{"start":{"line":4,"column":13},"end":{"line":4,"column":38}},"4":{"start":{"line":5,"column":18},"end":{"line":5,"column":50}},"5":{"start":{"line":6,"column":29},"end":{"line":6,"column":72}},"6":{"start":{"line":9,"column":22},"end":{"line":13,"column":1}},"7":{"start":{"line":10,"column":4},"end":{"line":12,"column":7}},"8":{"start":{"line":16,"column":24},"end":{"line":20,"column":1}},"9":{"start":{"line":18,"column":18},"end":{"line":18,"column":100}},"10":{"start":{"line":19,"column":4},"end":{"line":19,"column":32}},"11":{"start":{"line":25,"column":20},"end":{"line":95,"column":1}},"12":{"start":{"line":26,"column":34},"end":{"line":26,"column":42}},"13":{"start":{"line":28,"column":4},"end":{"line":30,"column":5}},"14":{"start":{"line":29,"column":8},"end":{"line":29,"column":82}},"15":{"start":{"line":33,"column":25},"end":{"line":33,"column":54}},"16":{"start":{"line":35,"column":4},"end":{"line":40,"column":5}},"17":{"start":{"line":36,"column":8},"end":{"line":38,"column":9}},"18":{"start":{"line":37,"column":12},"end":{"line":37,"column":108}},"19":{"start":{"line":43,"column":25},"end":{"line":43,"column":63}},"20":{"start":{"line":46,"column":15},"end":{"line":46,"column":27}},"21":{"start":{"line":47,"column":4},"end":{"line":58,"column":5}},"22":{"start":{"line":48,"column":8},"end":{"line":54,"column":11}},"23":{"start":{"line":56,"column":8},"end":{"line":56,"column":25}},"24":{"start":{"line":57,"column":8},"end":{"line":57,"column":38}},"25":{"start":{"line":60,"column":4},"end":{"line":94,"column":5}},"26":{"start":{"line":62,"column":20},"end":{"line":62,"column":74}},"27":{"start":{"line":65,"column":21},"end":{"line":65,"column":45}},"28":{"start":{"line":66,"column":8},"end":{"line":66,"column":60}},"29":{"start":{"line":67,"column":8},"end":{"line":67,"column":65}},"30":{"start":{"line":69,"column":8},"end":{"line":69,"column":55}},"31":{"start":{"line":72,"column":24},"end":{"line":72,"column":119}},"32":{"start":{"line":74,"column":8},"end":{"line":91,"column":9}},"33":{"start":{"line":75,"column":12},"end":{"line":79,"column":15}},"34":{"start":{"line":81,"column":12},"end":{"line":83,"column":15}},"35":{"start":{"line":85,"column":12},"end":{"line":85,"column":45}},"36":{"start":{"line":86,"column":12},"end":{"line":86,"column":51}},"37":{"start":{"line":87,"column":12},"end":{"line":87,"column":59}},"38":{"start":{"line":89,"column":12},"end":{"line":89,"column":47}},"39":{"start":{"line":90,"column":12},"end":{"line":90,"column":110}},"40":{"start":{"line":93,"column":8},"end":{"line":93,"column":63}},"41":{"start":{"line":100,"column":20},"end":{"line":140,"column":1}},"42":{"start":{"line":101,"column":4},"end":{"line":139,"column":5}},"43":{"start":{"line":102,"column":31},"end":{"line":102,"column":39}},"44":{"start":{"line":104,"column":8},"end":{"line":106,"column":9}},"45":{"start":{"line":105,"column":12},"end":{"line":105,"column":85}},"46":{"start":{"line":108,"column":21},"end":{"line":108,"column":50}},"47":{"start":{"line":110,"column":8},"end":{"line":112,"column":9}},"48":{"start":{"line":111,"column":12},"end":{"line":111,"column":71}},"49":{"start":{"line":114,"column":8},"end":{"line":116,"column":9}},"50":{"start":{"line":115,"column":13},"end":{"line":115,"column":82}},"51":{"start":{"line":118,"column":8},"end":{"line":120,"column":9}},"52":{"start":{"line":119,"column":12},"end":{"line":119,"column":88}},"53":{"start":{"line":122,"column":8},"end":{"line":124,"column":9}},"54":{"start":{"line":123,"column":12},"end":{"line":123,"column":95}},"55":{"start":{"line":127,"column":24},"end":{"line":127,"column":71}},"56":{"start":{"line":129,"column":8},"end":{"line":131,"column":9}},"57":{"start":{"line":130,"column":12},"end":{"line":130,"column":68}},"58":{"start":{"line":134,"column":8},"end":{"line":134,"column":71}},"59":{"start":{"line":137,"column":8},"end":{"line":137,"column":29}},"60":{"start":{"line":138,"column":8},"end":{"line":138,"column":58}},"61":{"start":{"line":145,"column":23},"end":{"line":201,"column":1}},"62":{"start":{"line":146,"column":4},"end":{"line":200,"column":5}},"63":{"start":{"line":147,"column":41},"end":{"line":147,"column":49}},"64":{"start":{"line":149,"column":8},"end":{"line":151,"column":9}},"65":{"start":{"line":150,"column":12},"end":{"line":150,"column":96}},"66":{"start":{"line":153,"column":8},"end":{"line":155,"column":9}},"67":{"start":{"line":154,"column":12},"end":{"line":154,"column":177}},"68":{"start":{"line":157,"column":21},"end":{"line":157,"column":50}},"69":{"start":{"line":159,"column":8},"end":{"line":161,"column":9}},"70":{"start":{"line":160,"column":12},"end":{"line":160,"column":71}},"71":{"start":{"line":164,"column":8},"end":{"line":166,"column":9}},"72":{"start":{"line":165,"column":13},"end":{"line":165,"column":93}},"73":{"start":{"line":168,"column":24},"end":{"line":168,"column":71}},"74":{"start":{"line":169,"column":8},"end":{"line":171,"column":9}},"75":{"start":{"line":170,"column":12},"end":{"line":170,"column":93}},"76":{"start":{"line":174,"column":8},"end":{"line":174,"column":31}},"77":{"start":{"line":175,"column":8},"end":{"line":175,"column":33}},"78":{"start":{"line":176,"column":8},"end":{"line":176,"column":41}},"79":{"start":{"line":177,"column":8},"end":{"line":177,"column":47}},"80":{"start":{"line":179,"column":8},"end":{"line":179,"column":26}},"81":{"start":{"line":182,"column":8},"end":{"line":186,"column":9}},"82":{"start":{"line":183,"column":12},"end":{"line":183,"column":59}},"83":{"start":{"line":185,"column":12},"end":{"line":185,"column":84}},"84":{"start":{"line":189,"column":8},"end":{"line":195,"column":11}},"85":{"start":{"line":198,"column":8},"end":{"line":198,"column":29}},"86":{"start":{"line":199,"column":8},"end":{"line":199,"column":58}},"87":{"start":{"line":206,"column":18},"end":{"line":232,"column":1}},"88":{"start":{"line":207,"column":32},"end":{"line":207,"column":40}},"89":{"start":{"line":210,"column":17},"end":{"line":210,"column":46}},"90":{"start":{"line":212,"column":4},"end":{"line":215,"column":5}},"91":{"start":{"line":213,"column":8},"end":{"line":213,"column":70}},"92":{"start":{"line":214,"column":8},"end":{"line":214,"column":72}},"93":{"start":{"line":217,"column":20},"end":{"line":217,"column":54}},"94":{"start":{"line":218,"column":4},"end":{"line":218,"column":64}},"95":{"start":{"line":220,"column":4},"end":{"line":231,"column":5}},"96":{"start":{"line":221,"column":8},"end":{"line":227,"column":11}},"97":{"start":{"line":229,"column":8},"end":{"line":229,"column":55}},"98":{"start":{"line":230,"column":8},"end":{"line":230,"column":65}},"99":{"start":{"line":237,"column":14},"end":{"line":251,"column":1}},"100":{"start":{"line":238,"column":17},"end":{"line":238,"column":49}},"101":{"start":{"line":240,"column":4},"end":{"line":250,"column":5}},"102":{"start":{"line":241,"column":8},"end":{"line":247,"column":11}},"103":{"start":{"line":249,"column":8},"end":{"line":249,"column":60}},"104":{"start":{"line":256,"column":19},"end":{"line":296,"column":1}},"105":{"start":{"line":257,"column":4},"end":{"line":295,"column":5}},"106":{"start":{"line":258,"column":21},"end":{"line":258,"column":53}},"107":{"start":{"line":259,"column":8},"end":{"line":261,"column":9}},"108":{"start":{"line":260,"column":12},"end":{"line":260,"column":71}},"109":{"start":{"line":264,"column":20},"end":{"line":264,"column":74}},"110":{"start":{"line":267,"column":21},"end":{"line":267,"column":45}},"111":{"start":{"line":268,"column":8},"end":{"line":268,"column":61}},"112":{"start":{"line":269,"column":8},"end":{"line":269,"column":66}},"113":{"start":{"line":271,"column":8},"end":{"line":271,"column":55}},"114":{"start":{"line":274,"column":24},"end":{"line":274,"column":91}},"115":{"start":{"line":276,"column":8},"end":{"line":291,"column":9}},"116":{"start":{"line":277,"column":12},"end":{"line":281,"column":15}},"117":{"start":{"line":283,"column":12},"end":{"line":283,"column":75}},"118":{"start":{"line":285,"column":12},"end":{"line":285,"column":46}},"119":{"start":{"line":286,"column":12},"end":{"line":286,"column":52}},"120":{"start":{"line":287,"column":12},"end":{"line":287,"column":59}},"121":{"start":{"line":289,"column":12},"end":{"line":289,"column":47}},"122":{"start":{"line":290,"column":12},"end":{"line":290,"column":80}},"123":{"start":{"line":293,"column":8},"end":{"line":293,"column":29}},"124":{"start":{"line":294,"column":8},"end":{"line":294,"column":58}},"125":{"start":{"line":301,"column":30},"end":{"line":350,"column":1}},"126":{"start":{"line":302,"column":4},"end":{"line":349,"column":5}},"127":{"start":{"line":303,"column":37},"end":{"line":303,"column":45}},"128":{"start":{"line":305,"column":8},"end":{"line":307,"column":9}},"129":{"start":{"line":306,"column":12},"end":{"line":306,"column":92}},"130":{"start":{"line":309,"column":8},"end":{"line":311,"column":9}},"131":{"start":{"line":310,"column":12},"end":{"line":310,"column":181}},"132":{"start":{"line":313,"column":21},"end":{"line":313,"column":53}},"133":{"start":{"line":315,"column":8},"end":{"line":317,"column":9}},"134":{"start":{"line":316,"column":12},"end":{"line":316,"column":71}},"135":{"start":{"line":319,"column":8},"end":{"line":321,"column":9}},"136":{"start":{"line":320,"column":12},"end":{"line":320,"column":88}},"137":{"start":{"line":323,"column":8},"end":{"line":329,"column":9}},"138":{"start":{"line":325,"column":12},"end":{"line":325,"column":46}},"139":{"start":{"line":326,"column":12},"end":{"line":326,"column":52}},"140":{"start":{"line":327,"column":12},"end":{"line":327,"column":59}},"141":{"start":{"line":328,"column":12},"end":{"line":328,"column":95}},"142":{"start":{"line":332,"column":24},"end":{"line":332,"column":72}},"143":{"start":{"line":334,"column":8},"end":{"line":336,"column":9}},"144":{"start":{"line":335,"column":12},"end":{"line":335,"column":68}},"145":{"start":{"line":339,"column":8},"end":{"line":339,"column":36}},"146":{"start":{"line":340,"column":8},"end":{"line":340,"column":42}},"147":{"start":{"line":341,"column":8},"end":{"line":341,"column":48}},"148":{"start":{"line":343,"column":8},"end":{"line":343,"column":26}},"149":{"start":{"line":345,"column":8},"end":{"line":345,"column":75}},"150":{"start":{"line":347,"column":8},"end":{"line":347,"column":29}},"151":{"start":{"line":348,"column":8},"end":{"line":348,"column":58}},"152":{"start":{"line":352,"column":0},"end":{"line":360,"column":2}}},"fnMap":{"0":{"name":"(anonymous_0)","decl":{"start":{"line":9,"column":22},"end":{"line":9,"column":23}},"loc":{"start":{"line":9,"column":30},"end":{"line":13,"column":1}},"line":9},"1":{"name":"(anonymous_1)","decl":{"start":{"line":16,"column":24},"end":{"line":16,"column":25}},"loc":{"start":{"line":16,"column":38},"end":{"line":20,"column":1}},"line":16},"2":{"name":"(anonymous_2)","decl":{"start":{"line":25,"column":20},"end":{"line":25,"column":21}},"loc":{"start":{"line":25,"column":40},"end":{"line":95,"column":1}},"line":25},"3":{"name":"(anonymous_3)","decl":{"start":{"line":100,"column":20},"end":{"line":100,"column":21}},"loc":{"start":{"line":100,"column":40},"end":{"line":140,"column":1}},"line":100},"4":{"name":"(anonymous_4)","decl":{"start":{"line":145,"column":23},"end":{"line":145,"column":24}},"loc":{"start":{"line":145,"column":43},"end":{"line":201,"column":1}},"line":145},"5":{"name":"(anonymous_5)","decl":{"start":{"line":206,"column":18},"end":{"line":206,"column":19}},"loc":{"start":{"line":206,"column":38},"end":{"line":232,"column":1}},"line":206},"6":{"name":"(anonymous_6)","decl":{"start":{"line":237,"column":14},"end":{"line":237,"column":15}},"loc":{"start":{"line":237,"column":34},"end":{"line":251,"column":1}},"line":237},"7":{"name":"(anonymous_7)","decl":{"start":{"line":256,"column":19},"end":{"line":256,"column":20}},"loc":{"start":{"line":256,"column":39},"end":{"line":296,"column":1}},"line":256},"8":{"name":"(anonymous_8)","decl":{"start":{"line":301,"column":30},"end":{"line":301,"column":31}},"loc":{"start":{"line":301,"column":50},"end":{"line":350,"column":1}},"line":301}},"branchMap":{"0":{"loc":{"start":{"line":28,"column":4},"end":{"line":30,"column":5}},"type":"if","locations":[{"start":{"line":28,"column":4},"end":{"line":30,"column":5}},{"start":{},"end":{}}],"line":28},"1":{"loc":{"start":{"line":28,"column":8},"end":{"line":28,"column":23}},"type":"binary-expr","locations":[{"start":{"line":28,"column":8},"end":{"line":28,"column":13}},{"start":{"line":28,"column":17},"end":{"line":28,"column":23}}],"line":28},"2":{"loc":{"start":{"line":35,"column":4},"end":{"line":40,"column":5}},"type":"if","locations":[{"start":{"line":35,"column":4},"end":{"line":40,"column":5}},{"start":{},"end":{}}],"line":35},"3":{"loc":{"start":{"line":36,"column":8},"end":{"line":38,"column":9}},"type":"if","locations":[{"start":{"line":36,"column":8},"end":{"line":38,"column":9}},{"start":{},"end":{}}],"line":36},"4":{"loc":{"start":{"line":47,"column":4},"end":{"line":58,"column":5}},"type":"if","locations":[{"start":{"line":47,"column":4},"end":{"line":58,"column":5}},{"start":{"line":55,"column":11},"end":{"line":58,"column":5}}],"line":47},"5":{"loc":{"start":{"line":52,"column":18},"end":{"line":52,"column":35}},"type":"binary-expr","locations":[{"start":{"line":52,"column":18},"end":{"line":52,"column":22}},{"start":{"line":52,"column":26},"end":{"line":52,"column":35}}],"line":52},"6":{"loc":{"start":{"line":57,"column":20},"end":{"line":57,"column":37}},"type":"binary-expr","locations":[{"start":{"line":57,"column":20},"end":{"line":57,"column":24}},{"start":{"line":57,"column":28},"end":{"line":57,"column":37}}],"line":57},"7":{"loc":{"start":{"line":60,"column":4},"end":{"line":94,"column":5}},"type":"if","locations":[{"start":{"line":60,"column":4},"end":{"line":94,"column":5}},{"start":{"line":92,"column":11},"end":{"line":94,"column":5}}],"line":60},"8":{"loc":{"start":{"line":104,"column":8},"end":{"line":106,"column":9}},"type":"if","locations":[{"start":{"line":104,"column":8},"end":{"line":106,"column":9}},{"start":{},"end":{}}],"line":104},"9":{"loc":{"start":{"line":104,"column":12},"end":{"line":104,"column":26}},"type":"binary-expr","locations":[{"start":{"line":104,"column":12},"end":{"line":104,"column":18}},{"start":{"line":104,"column":22},"end":{"line":104,"column":26}}],"line":104},"10":{"loc":{"start":{"line":110,"column":8},"end":{"line":112,"column":9}},"type":"if","locations":[{"start":{"line":110,"column":8},"end":{"line":112,"column":9}},{"start":{},"end":{}}],"line":110},"11":{"loc":{"start":{"line":114,"column":8},"end":{"line":116,"column":9}},"type":"if","locations":[{"start":{"line":114,"column":8},"end":{"line":116,"column":9}},{"start":{},"end":{}}],"line":114},"12":{"loc":{"start":{"line":118,"column":8},"end":{"line":120,"column":9}},"type":"if","locations":[{"start":{"line":118,"column":8},"end":{"line":120,"column":9}},{"start":{},"end":{}}],"line":118},"13":{"loc":{"start":{"line":118,"column":12},"end":{"line":118,"column":64}},"type":"binary-expr","locations":[{"start":{"line":118,"column":12},"end":{"line":118,"column":33}},{"start":{"line":118,"column":37},"end":{"line":118,"column":64}}],"line":118},"14":{"loc":{"start":{"line":122,"column":8},"end":{"line":124,"column":9}},"type":"if","locations":[{"start":{"line":122,"column":8},"end":{"line":124,"column":9}},{"start":{},"end":{}}],"line":122},"15":{"loc":{"start":{"line":129,"column":8},"end":{"line":131,"column":9}},"type":"if","locations":[{"start":{"line":129,"column":8},"end":{"line":131,"column":9}},{"start":{},"end":{}}],"line":129},"16":{"loc":{"start":{"line":149,"column":8},"end":{"line":151,"column":9}},"type":"if","locations":[{"start":{"line":149,"column":8},"end":{"line":151,"column":9}},{"start":{},"end":{}}],"line":149},"17":{"loc":{"start":{"line":149,"column":12},"end":{"line":149,"column":39}},"type":"binary-expr","locations":[{"start":{"line":149,"column":12},"end":{"line":149,"column":18}},{"start":{"line":149,"column":22},"end":{"line":149,"column":26}},{"start":{"line":149,"column":30},"end":{"line":149,"column":39}}],"line":149},"18":{"loc":{"start":{"line":153,"column":8},"end":{"line":155,"column":9}},"type":"if","locations":[{"start":{"line":153,"column":8},"end":{"line":155,"column":9}},{"start":{},"end":{}}],"line":153},"19":{"loc":{"start":{"line":159,"column":8},"end":{"line":161,"column":9}},"type":"if","locations":[{"start":{"line":159,"column":8},"end":{"line":161,"column":9}},{"start":{},"end":{}}],"line":159},"20":{"loc":{"start":{"line":164,"column":8},"end":{"line":166,"column":9}},"type":"if","locations":[{"start":{"line":164,"column":8},"end":{"line":166,"column":9}},{"start":{},"end":{}}],"line":164},"21":{"loc":{"start":{"line":164,"column":12},"end":{"line":164,"column":76}},"type":"binary-expr","locations":[{"start":{"line":164,"column":12},"end":{"line":164,"column":33}},{"start":{"line":164,"column":37},"end":{"line":164,"column":76}}],"line":164},"22":{"loc":{"start":{"line":169,"column":8},"end":{"line":171,"column":9}},"type":"if","locations":[{"start":{"line":169,"column":8},"end":{"line":171,"column":9}},{"start":{},"end":{}}],"line":169},"23":{"loc":{"start":{"line":212,"column":4},"end":{"line":215,"column":5}},"type":"if","locations":[{"start":{"line":212,"column":4},"end":{"line":215,"column":5}},{"start":{},"end":{}}],"line":212},"24":{"loc":{"start":{"line":220,"column":4},"end":{"line":231,"column":5}},"type":"if","locations":[{"start":{"line":220,"column":4},"end":{"line":231,"column":5}},{"start":{"line":228,"column":11},"end":{"line":231,"column":5}}],"line":220},"25":{"loc":{"start":{"line":220,"column":8},"end":{"line":220,"column":23}},"type":"binary-expr","locations":[{"start":{"line":220,"column":8},"end":{"line":220,"column":12}},{"start":{"line":220,"column":16},"end":{"line":220,"column":23}}],"line":220},"26":{"loc":{"start":{"line":240,"column":4},"end":{"line":250,"column":5}},"type":"if","locations":[{"start":{"line":240,"column":4},"end":{"line":250,"column":5}},{"start":{"line":248,"column":11},"end":{"line":250,"column":5}}],"line":240},"27":{"loc":{"start":{"line":259,"column":8},"end":{"line":261,"column":9}},"type":"if","locations":[{"start":{"line":259,"column":8},"end":{"line":261,"column":9}},{"start":{},"end":{}}],"line":259},"28":{"loc":{"start":{"line":305,"column":8},"end":{"line":307,"column":9}},"type":"if","locations":[{"start":{"line":305,"column":8},"end":{"line":307,"column":9}},{"start":{},"end":{}}],"line":305},"29":{"loc":{"start":{"line":305,"column":12},"end":{"line":305,"column":32}},"type":"binary-expr","locations":[{"start":{"line":305,"column":12},"end":{"line":305,"column":16}},{"start":{"line":305,"column":20},"end":{"line":305,"column":32}}],"line":305},"30":{"loc":{"start":{"line":309,"column":8},"end":{"line":311,"column":9}},"type":"if","locations":[{"start":{"line":309,"column":8},"end":{"line":311,"column":9}},{"start":{},"end":{}}],"line":309},"31":{"loc":{"start":{"line":315,"column":8},"end":{"line":317,"column":9}},"type":"if","locations":[{"start":{"line":315,"column":8},"end":{"line":317,"column":9}},{"start":{},"end":{}}],"line":315},"32":{"loc":{"start":{"line":319,"column":8},"end":{"line":321,"column":9}},"type":"if","locations":[{"start":{"line":319,"column":8},"end":{"line":321,"column":9}},{"start":{},"end":{}}],"line":319},"33":{"loc":{"start":{"line":319,"column":12},"end":{"line":319,"column":66}},"type":"binary-expr","locations":[{"start":{"line":319,"column":12},"end":{"line":319,"column":34}},{"start":{"line":319,"column":38},"end":{"line":319,"column":66}}],"line":319},"34":{"loc":{"start":{"line":323,"column":8},"end":{"line":329,"column":9}},"type":"if","locations":[{"start":{"line":323,"column":8},"end":{"line":329,"column":9}},{"start":{},"end":{}}],"line":323},"35":{"loc":{"start":{"line":334,"column":8},"end":{"line":336,"column":9}},"type":"if","locations":[{"start":{"line":334,"column":8},"end":{"line":336,"column":9}},{"start":{},"end":{}}],"line":334}},"s":{"0":2,"1":2,"2":2,"3":2,"4":2,"5":2,"6":2,"7":2,"8":2,"9":0,"10":0,"11":2,"12":2,"13":2,"14":1,"15":1,"16":1,"17":0,"18":0,"19":1,"20":1,"21":1,"22":1,"23":0,"24":0,"25":1,"26":1,"27":1,"28":1,"29":1,"30":1,"31":1,"32":1,"33":1,"34":1,"35":0,"36":0,"37":0,"38":0,"39":0,"40":0,"41":2,"42":0,"43":0,"44":0,"45":0,"46":0,"47":0,"48":0,"49":0,"50":0,"51":0,"52":0,"53":0,"54":0,"55":0,"56":0,"57":0,"58":0,"59":0,"60":0,"61":2,"62":0,"63":0,"64":0,"65":0,"66":0,"67":0,"68":0,"69":0,"70":0,"71":0,"72":0,"73":0,"74":0,"75":0,"76":0,"77":0,"78":0,"79":0,"80":0,"81":0,"82":0,"83":0,"84":0,"85":0,"86":0,"87":2,"88":4,"89":4,"90":4,"91":2,"92":2,"93":2,"94":2,"95":2,"96":2,"97":0,"98":0,"99":2,"100":0,"101":0,"102":0,"103":0,"104":2,"105":0,"106":0,"107":0,"108":0,"109":0,"110":0,"111":0,"112":0,"113":0,"114":0,"115":0,"116":0,"117":0,"118":0,"119":0,"120":0,"121":0,"122":0,"123":0,"124":0,"125":2,"126":0,"127":0,"128":0,"129":0,"130":0,"131":0,"132":0,"133":0,"134":0,"135":0,"136":0,"137":0,"138":0,"139":0,"140":0,"141":0,"142":0,"143":0,"144":0,"145":0,"146":0,"147":0,"148":0,"149":0,"150":0,"151":0,"152":2},"f":{"0":2,"1":0,"2":2,"3":0,"4":0,"5":4,"6":0,"7":0,"8":0},"b":{"0":[1,1],"1":[2,2],"2":[0,1],"3":[0,0],"4":[1,0],"5":[1,1],"6":[0,0],"7":[1,0],"8":[0,0],"9":[0,0],"10":[0,0],"11":[0,0],"12":[0,0],"13":[0,0],"14":[0,0],"15":[0,0],"16":[0,0],"17":[0,0,0],"18":[0,0],"19":[0,0],"20":[0,0],"21":[0,0],"22":[0,0],"23":[2,2],"24":[2,0],"25":[2,2],"26":[0,0],"27":[0,0],"28":[0,0],"29":[0,0],"30":[0,0],"31":[0,0],"32":[0,0],"33":[0,0],"34":[0,0],"35":[0,0]},"_coverageSchema":"1a1c01bbd47fc00a2c39e90264f33305004495a9","hash":"2b8ba11ec83bdd63aabeaf4ba5af402f3aef7712"}
,"C:\\Users\\harsh\\Downloads\\Website Dashboard Structure (1)\\server\\controllers\\careerController.js": {"path":"C:\\Users\\harsh\\Downloads\\Website Dashboard Structure (1)\\server\\controllers\\careerController.js","statementMap":{"0":{"start":{"line":1,"column":15},"end":{"line":1,"column":42}},"1":{"start":{"line":2,"column":31},"end":{"line":2,"column":78}},"2":{"start":{"line":3,"column":25},"end":{"line":3,"column":62}},"3":{"start":{"line":6,"column":24},"end":{"line":6,"column":33}},"4":{"start":{"line":7,"column":21},"end":{"line":7,"column":35}},"5":{"start":{"line":12,"column":0},"end":{"line":21,"column":2}},"6":{"start":{"line":13,"column":2},"end":{"line":20,"column":3}},"7":{"start":{"line":14,"column":18},"end":{"line":14,"column":50}},"8":{"start":{"line":15,"column":20},"end":{"line":15,"column":76}},"9":{"start":{"line":16,"column":4},"end":{"line":16,"column":22}},"10":{"start":{"line":18,"column":4},"end":{"line":18,"column":52}},"11":{"start":{"line":19,"column":4},"end":{"line":19,"column":77}},"12":{"start":{"line":26,"column":0},"end":{"line":43,"column":2}},"13":{"start":{"line":27,"column":2},"end":{"line":42,"column":3}},"14":{"start":{"line":28,"column":26},"end":{"line":28,"column":54}},"15":{"start":{"line":29,"column":22},"end":{"line":29,"column":47}},"16":{"start":{"line":30,"column":24},"end":{"line":30,"column":46}},"17":{"start":{"line":33,"column":4},"end":{"line":33,"column":28}},"18":{"start":{"line":35,"column":4},"end":{"line":35,"column":38}},"19":{"start":{"line":37,"column":4},"end":{"line":37,"column":51}},"20":{"start":{"line":38,"column":4},"end":{"line":40,"column":5}},"21":{"start":{"line":39,"column":8},"end":{"line":39,"column":91}},"22":{"start":{"line":41,"column":4},"end":{"line":41,"column":83}},"23":{"start":{"line":48,"column":0},"end":{"line":72,"column":2}},"24":{"start":{"line":49,"column":2},"end":{"line":71,"column":3}},"25":{"start":{"line":50,"column":26},"end":{"line":50,"column":54}},"26":{"start":{"line":51,"column":19},"end":{"line":55,"column":5}},"27":{"start":{"line":57,"column":4},"end":{"line":59,"column":5}},"28":{"start":{"line":58,"column":6},"end":{"line":58,"column":67}},"29":{"start":{"line":62,"column":4},"end":{"line":62,"column":28}},"30":{"start":{"line":64,"column":4},"end":{"line":64,"column":21}},"31":{"start":{"line":66,"column":4},"end":{"line":66,"column":51}},"32":{"start":{"line":67,"column":4},"end":{"line":69,"column":5}},"33":{"start":{"line":68,"column":8},"end":{"line":68,"column":91}},"34":{"start":{"line":70,"column":4},"end":{"line":70,"column":83}},"35":{"start":{"line":77,"column":0},"end":{"line":93,"column":2}},"36":{"start":{"line":78,"column":2},"end":{"line":92,"column":3}},"37":{"start":{"line":79,"column":19},"end":{"line":79,"column":64}},"38":{"start":{"line":81,"column":4},"end":{"line":83,"column":5}},"39":{"start":{"line":82,"column":6},"end":{"line":82,"column":67}},"40":{"start":{"line":86,"column":4},"end":{"line":86,"column":28}},"41":{"start":{"line":88,"column":4},"end":{"line":88,"column":57}},"42":{"start":{"line":90,"column":4},"end":{"line":90,"column":51}},"43":{"start":{"line":91,"column":4},"end":{"line":91,"column":76}},"44":{"start":{"line":98,"column":0},"end":{"line":120,"column":2}},"45":{"start":{"line":99,"column":2},"end":{"line":119,"column":3}},"46":{"start":{"line":100,"column":19},"end":{"line":100,"column":30}},"47":{"start":{"line":103,"column":4},"end":{"line":108,"column":5}},"48":{"start":{"line":104,"column":23},"end":{"line":104,"column":50}},"49":{"start":{"line":105,"column":8},"end":{"line":107,"column":9}},"50":{"start":{"line":106,"column":12},"end":{"line":106,"column":58}},"51":{"start":{"line":110,"column":24},"end":{"line":110,"column":56}},"52":{"start":{"line":113,"column":4},"end":{"line":113,"column":78}},"53":{"start":{"line":115,"column":4},"end":{"line":115,"column":30}},"54":{"start":{"line":117,"column":4},"end":{"line":117,"column":54}},"55":{"start":{"line":118,"column":4},"end":{"line":118,"column":112}}},"fnMap":{"0":{"name":"(anonymous_0)","decl":{"start":{"line":12,"column":21},"end":{"line":12,"column":22}},"loc":{"start":{"line":12,"column":41},"end":{"line":21,"column":1}},"line":12},"1":{"name":"(anonymous_1)","decl":{"start":{"line":26,"column":23},"end":{"line":26,"column":24}},"loc":{"start":{"line":26,"column":43},"end":{"line":43,"column":1}},"line":26},"2":{"name":"(anonymous_2)","decl":{"start":{"line":48,"column":23},"end":{"line":48,"column":24}},"loc":{"start":{"line":48,"column":43},"end":{"line":72,"column":1}},"line":48},"3":{"name":"(anonymous_3)","decl":{"start":{"line":77,"column":23},"end":{"line":77,"column":24}},"loc":{"start":{"line":77,"column":43},"end":{"line":93,"column":1}},"line":77},"4":{"name":"(anonymous_4)","decl":{"start":{"line":98,"column":25},"end":{"line":98,"column":26}},"loc":{"start":{"line":98,"column":45},"end":{"line":120,"column":1}},"line":98}},"branchMap":{"0":{"loc":{"start":{"line":14,"column":18},"end":{"line":14,"column":50}},"type":"binary-expr","locations":[{"start":{"line":14,"column":18},"end":{"line":14,"column":43}},{"start":{"line":14,"column":47},"end":{"line":14,"column":50}}],"line":14},"1":{"loc":{"start":{"line":38,"column":4},"end":{"line":40,"column":5}},"type":"if","locations":[{"start":{"line":38,"column":4},"end":{"line":40,"column":5}},{"start":{},"end":{}}],"line":38},"2":{"loc":{"start":{"line":57,"column":4},"end":{"line":59,"column":5}},"type":"if","locations":[{"start":{"line":57,"column":4},"end":{"line":59,"column":5}},{"start":{},"end":{}}],"line":57},"3":{"loc":{"start":{"line":67,"column":4},"end":{"line":69,"column":5}},"type":"if","locations":[{"start":{"line":67,"column":4},"end":{"line":69,"column":5}},{"start":{},"end":{}}],"line":67},"4":{"loc":{"start":{"line":81,"column":4},"end":{"line":83,"column":5}},"type":"if","locations":[{"start":{"line":81,"column":4},"end":{"line":83,"column":5}},{"start":{},"end":{}}],"line":81},"5":{"loc":{"start":{"line":103,"column":4},"end":{"line":108,"column":5}},"type":"if","locations":[{"start":{"line":103,"column":4},"end":{"line":108,"column":5}},{"start":{},"end":{}}],"line":103},"6":{"loc":{"start":{"line":105,"column":8},"end":{"line":107,"column":9}},"type":"if","locations":[{"start":{"line":105,"column":8},"end":{"line":107,"column":9}},{"start":{},"end":{}}],"line":105}},"s":{"0":0,"1":0,"2":0,"3":0,"4":0,"5":0,"6":0,"7":0,"8":0,"9":0,"10":0,"11":0,"12":0,"13":0,"14":0,"15":0,"16":0,"17":0,"18":0,"19":0,"20":0,"21":0,"22":0,"23":0,"24":0,"25":0,"26":0,"27":0,"28":0,"29":0,"30":0,"31":0,"32":0,"33":0,"34":0,"35":0,"36":0,"37":0,"38":0,"39":0,"40":0,"41":0,"42":0,"43":0,"44":0,"45":0,"46":0,"47":0,"48":0,"49":0,"50":0,"51":0,"52":0,"53":0,"54":0,"55":0},"f":{"0":0,"1":0,"2":0,"3":0,"4":0},"b":{"0":[0,0],"1":[0,0],"2":[0,0],"3":[0,0],"4":[0,0],"5":[0,0],"6":[0,0]}}
,"C:\\Users\\harsh\\Downloads\\Website Dashboard Structure (1)\\server\\controllers\\communityController.js": {"path":"C:\\Users\\harsh\\Downloads\\Website Dashboard Structure (1)\\server\\controllers\\communityController.js","statementMap":{"0":{"start":{"line":1,"column":13},"end":{"line":1,"column":38}},"1":{"start":{"line":2,"column":37},"end":{"line":2,"column":80}},"2":{"start":{"line":3,"column":33},"end":{"line":3,"column":73}},"3":{"start":{"line":8,"column":17},"end":{"line":18,"column":1}},"4":{"start":{"line":9,"column":4},"end":{"line":17,"column":5}},"5":{"start":{"line":10,"column":22},"end":{"line":12,"column":36}},"6":{"start":{"line":13,"column":8},"end":{"line":13,"column":24}},"7":{"start":{"line":15,"column":8},"end":{"line":15,"column":29}},"8":{"start":{"line":16,"column":8},"end":{"line":16,"column":45}},"9":{"start":{"line":23,"column":19},"end":{"line":44,"column":1}},"10":{"start":{"line":24,"column":4},"end":{"line":43,"column":5}},"11":{"start":{"line":25,"column":45},"end":{"line":25,"column":53}},"12":{"start":{"line":27,"column":24},"end":{"line":32,"column":10}},"13":{"start":{"line":34,"column":21},"end":{"line":34,"column":41}},"14":{"start":{"line":37,"column":30},"end":{"line":37,"column":84}},"15":{"start":{"line":39,"column":8},"end":{"line":39,"column":32}},"16":{"start":{"line":41,"column":8},"end":{"line":41,"column":29}},"17":{"start":{"line":42,"column":8},"end":{"line":42,"column":45}},"18":{"start":{"line":49,"column":17},"end":{"line":76,"column":1}},"19":{"start":{"line":50,"column":4},"end":{"line":75,"column":5}},"20":{"start":{"line":51,"column":21},"end":{"line":51,"column":55}},"21":{"start":{"line":52,"column":8},"end":{"line":54,"column":9}},"22":{"start":{"line":53,"column":12},"end":{"line":53,"column":71}},"23":{"start":{"line":57,"column":8},"end":{"line":57,"column":24}},"24":{"start":{"line":58,"column":8},"end":{"line":58,"column":26}},"25":{"start":{"line":61,"column":8},"end":{"line":69,"column":9}},"26":{"start":{"line":62,"column":12},"end":{"line":68,"column":13}},"27":{"start":{"line":63,"column":16},"end":{"line":63,"column":57}},"28":{"start":{"line":64,"column":16},"end":{"line":64,"column":79}},"29":{"start":{"line":65,"column":16},"end":{"line":65,"column":65}},"30":{"start":{"line":67,"column":16},"end":{"line":67,"column":77}},"31":{"start":{"line":71,"column":8},"end":{"line":71,"column":23}},"32":{"start":{"line":73,"column":8},"end":{"line":73,"column":29}},"33":{"start":{"line":74,"column":8},"end":{"line":74,"column":45}},"34":{"start":{"line":81,"column":19},"end":{"line":93,"column":1}},"35":{"start":{"line":82,"column":4},"end":{"line":92,"column":5}},"36":{"start":{"line":83,"column":21},"end":{"line":83,"column":55}},"37":{"start":{"line":84,"column":8},"end":{"line":86,"column":9}},"38":{"start":{"line":85,"column":12},"end":{"line":85,"column":71}},"39":{"start":{"line":87,"column":8},"end":{"line":87,"column":31}},"40":{"start":{"line":88,"column":8},"end":{"line":88,"column":46}},"41":{"start":{"line":90,"column":8},"end":{"line":90,"column":29}},"42":{"start":{"line":91,"column":8},"end":{"line":91,"column":45}},"43":{"start":{"line":95,"column":0},"end":{"line":100,"column":2}}},"fnMap":{"0":{"name":"(anonymous_0)","decl":{"start":{"line":8,"column":17},"end":{"line":8,"column":18}},"loc":{"start":{"line":8,"column":37},"end":{"line":18,"column":1}},"line":8},"1":{"name":"(anonymous_1)","decl":{"start":{"line":23,"column":19},"end":{"line":23,"column":20}},"loc":{"start":{"line":23,"column":39},"end":{"line":44,"column":1}},"line":23},"2":{"name":"(anonymous_2)","decl":{"start":{"line":49,"column":17},"end":{"line":49,"column":18}},"loc":{"start":{"line":49,"column":37},"end":{"line":76,"column":1}},"line":49},"3":{"name":"(anonymous_3)","decl":{"start":{"line":81,"column":19},"end":{"line":81,"column":20}},"loc":{"start":{"line":81,"column":39},"end":{"line":93,"column":1}},"line":81}},"branchMap":{"0":{"loc":{"start":{"line":52,"column":8},"end":{"line":54,"column":9}},"type":"if","locations":[{"start":{"line":52,"column":8},"end":{"line":54,"column":9}},{"start":{},"end":{}}],"line":52},"1":{"loc":{"start":{"line":61,"column":8},"end":{"line":69,"column":9}},"type":"if","locations":[{"start":{"line":61,"column":8},"end":{"line":69,"column":9}},{"start":{},"end":{}}],"line":61},"2":{"loc":{"start":{"line":84,"column":8},"end":{"line":86,"column":9}},"type":"if","locations":[{"start":{"line":84,"column":8},"end":{"line":86,"column":9}},{"start":{},"end":{}}],"line":84}},"s":{"0":0,"1":0,"2":0,"3":0,"4":0,"5":0,"6":0,"7":0,"8":0,"9":0,"10":0,"11":0,"12":0,"13":0,"14":0,"15":0,"16":0,"17":0,"18":0,"19":0,"20":0,"21":0,"22":0,"23":0,"24":0,"25":0,"26":0,"27":0,"28":0,"29":0,"30":0,"31":0,"32":0,"33":0,"34":0,"35":0,"36":0,"37":0,"38":0,"39":0,"40":0,"41":0,"42":0,"43":0},"f":{"0":0,"1":0,"2":0,"3":0},"b":{"0":[0,0],"1":[0,0],"2":[0,0]}}
,"C:\\Users\\harsh\\Downloads\\Website Dashboard Structure (1)\\server\\controllers\\courseController.js": {"path":"C:\\Users\\harsh\\Downloads\\Website Dashboard Structure (1)\\server\\controllers\\courseController.js","statementMap":{"0":{"start":{"line":1,"column":15},"end":{"line":1,"column":42}},"1":{"start":{"line":2,"column":15},"end":{"line":2,"column":42}},"2":{"start":{"line":3,"column":13},"end":{"line":3,"column":38}},"3":{"start":{"line":4,"column":16},"end":{"line":4,"column":44}},"4":{"start":{"line":5,"column":16},"end":{"line":5,"column":44}},"5":{"start":{"line":6,"column":16},"end":{"line":6,"column":44}},"6":{"start":{"line":7,"column":15},"end":{"line":7,"column":42}},"7":{"start":{"line":8,"column":27},"end":{"line":8,"column":66}},"8":{"start":{"line":9,"column":17},"end":{"line":9,"column":36}},"9":{"start":{"line":14,"column":19},"end":{"line":22,"column":1}},"10":{"start":{"line":15,"column":4},"end":{"line":21,"column":5}},"11":{"start":{"line":16,"column":24},"end":{"line":16,"column":64}},"12":{"start":{"line":17,"column":8},"end":{"line":17,"column":26}},"13":{"start":{"line":19,"column":8},"end":{"line":19,"column":29}},"14":{"start":{"line":20,"column":8},"end":{"line":20,"column":45}},"15":{"start":{"line":27,"column":21},"end":{"line":47,"column":1}},"16":{"start":{"line":28,"column":4},"end":{"line":46,"column":5}},"17":{"start":{"line":29,"column":23},"end":{"line":29,"column":59}},"18":{"start":{"line":30,"column":8},"end":{"line":32,"column":9}},"19":{"start":{"line":31,"column":12},"end":{"line":31,"column":73}},"20":{"start":{"line":34,"column":8},"end":{"line":34,"column":29}},"21":{"start":{"line":35,"column":8},"end":{"line":35,"column":28}},"22":{"start":{"line":37,"column":21},"end":{"line":37,"column":46}},"23":{"start":{"line":38,"column":8},"end":{"line":40,"column":11}},"24":{"start":{"line":42,"column":8},"end":{"line":42,"column":55}},"25":{"start":{"line":44,"column":8},"end":{"line":44,"column":29}},"26":{"start":{"line":45,"column":8},"end":{"line":45,"column":45}},"27":{"start":{"line":52,"column":21},"end":{"line":60,"column":1}},"28":{"start":{"line":53,"column":4},"end":{"line":59,"column":5}},"29":{"start":{"line":54,"column":23},"end":{"line":54,"column":52}},"30":{"start":{"line":55,"column":8},"end":{"line":55,"column":37}},"31":{"start":{"line":57,"column":8},"end":{"line":57,"column":29}},"32":{"start":{"line":58,"column":8},"end":{"line":58,"column":45}},"33":{"start":{"line":65,"column":21},"end":{"line":79,"column":1}},"34":{"start":{"line":66,"column":4},"end":{"line":78,"column":5}},"35":{"start":{"line":67,"column":23},"end":{"line":70,"column":10}},"36":{"start":{"line":71,"column":8},"end":{"line":73,"column":9}},"37":{"start":{"line":72,"column":12},"end":{"line":72,"column":73}},"38":{"start":{"line":74,"column":8},"end":{"line":74,"column":25}},"39":{"start":{"line":76,"column":8},"end":{"line":76,"column":29}},"40":{"start":{"line":77,"column":8},"end":{"line":77,"column":45}},"41":{"start":{"line":84,"column":21},"end":{"line":96,"column":1}},"42":{"start":{"line":85,"column":4},"end":{"line":95,"column":5}},"43":{"start":{"line":86,"column":23},"end":{"line":86,"column":59}},"44":{"start":{"line":87,"column":8},"end":{"line":89,"column":9}},"45":{"start":{"line":88,"column":12},"end":{"line":88,"colu
[...]
,"C:\\Users\\harsh\\Downloads\\Website Dashboard Structure (1)\\server\\services\\mistakeAnalysis.service.js": {"path":"C:\\Users\\harsh\\Downloads\\Website Dashboard Structure (1)\\server\\services\\mistakeAnalysis.service.js","statementMap":{"0":{"start":{"line":1,"column":16},"end":{"line":1,"column":44}},"1":{"start":{"line":2,"column":15},"end":{"line":2,"column":42}},"2":{"start":{"line":11,"column":25},"end":{"line":11,"column":44}},"3":{"start":{"line":12,"column":26},"end":{"line":12,"column":112}},"4":{"start":{"line":15,"column":33},"end":{"line":23,"column":10}},"5":{"start":{"line":25,"column":30},"end":{"line":25,"column":32}},"6":{"start":{"line":26,"column":38},"end":{"line":26,"column":40}},"7":{"start":{"line":27,"column":33},"end":{"line":27,"column":35}},"8":{"start":{"line":29,"column":8},"end":{"line":35,"column":11}},"9":{"start":{"line":30,"column":12},"end":{"line":34,"column":13}},"10":{"start":{"line":31,"column":16},"end":{"line":31,"column":51}},"11":{"start":{"line":32,"column":16},"end":{"line":32,"column":68}},"12":{"start":{"line":33,"column":16},"end":{"line":33,"column":47}},"13":{"start":{"line":38,"column":31},"end":{"line":40,"column":58}},"14":{"start":{"line":43,"column":34},"end":{"line":43,"column":90}},"15":{"start":{"line":45,"column":8},"end":{"line":51,"column":10}},"16":{"start":{"line":59,"column":30},"end":{"line":59,"column":69}},"17":{"start":{"line":61,"column":8},"end":{"line":63,"column":9}},"18":{"start":{"line":62,"column":12},"end":{"line":62,"column":22}},"19":{"start":{"line":66,"column":35},"end":{"line":68,"column":40}},"20":{"start":{"line":70,"column":8},"end":{"line":70,"column":34}},"21":{"start":{"line":77,"column":25},"end":{"line":77,"column":44}},"22":{"start":{"line":78,"column":26},"end":{"line":78,"column":112}},"23":{"start":{"line":81,"column":34},"end":{"line":86,"column":10}},"24":{"start":{"line":89,"column":29},"end":{"line":99,"column":10}},"25":{"start":{"line":102,"column":37},"end":{"line":106,"column":10}},"26":{"start":{"line":109,"column":32},"end":{"line":113,"column":10}},"27":{"start":{"line":115,"column":8},"end":{"line":120,"column":10}},"28":{"start":{"line":124,"column":0},"end":{"line":124,"column":46}}},"fnMap":{"0":{"name":"(anonymous_0)","decl":{"start":{"line":10,"column":4},"end":{"line":10,"column":5}},"loc":{"start":{"line":10,"column":38},"end":{"line":52,"column":5}},"line":10},"1":{"name":"(anonymous_1)","decl":{"start":{"line":29,"column":33},"end":{"line":29,"column":34}},"loc":{"start":{"line":29,"column":40},"end":{"line":35,"column":9}},"line":29},"2":{"name":"(anonymous_2)","decl":{"start":{"line":57,"column":4},"end":{"line":57,"column":5}},"loc":{"start":{"line":57,"column":58},"end":{"line":71,"column":5}},"line":57},"3":{"name":"(anonymous_3)","decl":{"start":{"line":76,"column":4},"end":{"line":76,"column":5}},"loc":{"start":{"line":76,"column":40},"end":{"line":121,"column":5}},"line":76}},"branchMap":{"0":{"loc":{"start":{"line":12,"column":26},"end":{"line":12,"column":112}},"type":"cond-expr","locations":[{"start":{"line":12,"column":68},"end":{"line":12,"column":103}},{"start":{"line":12,"column":106},"end":{"line":12,"column":112}}],"line":12},"1":{"loc":{"start":{"line":30,"column":12},"end":{"line":34,"column":13}},"type":"if","locations":[{"start":{"line":30,"column":12},"end":{"line":34,"column":13}},{"start":{},"end":{}}],"line":30},"2":{"loc":{"start":{"line":59,"column":31},"end":{"line":59,"column":56}},"type":"binary-expr","locations":[{"start":{"line":59,"column":31},"end":{"line":59,"column":50}},{"start":{"line":59,"column":54},"end":{"line":59,"column":56}}],"line":59},"3":{"loc":{"start":{"line":61,"column":8},"end":{"line":63,"column":9}},"type":"if","locations":[{"start":{"line":61,"column":8},"end":{"line":63,"column":9}},{"start":{},"end":{}}],"line":61},"4":{"loc":{"start":{"line":78,"column":26},"end":{"line":78,"column":112}},"type":"cond-expr","locations":[{"start":{"line":78,"column":68},"end":{"line":78,"column":103}},{"start":{"line":78,"column":106},"end":{"line":78,"column":112}}],"line":78}},"s":{"0":1,"1":1,"2":0,"3":0,"4":0,"5":0,"6":0,"7":0,"8":0,"9":0,"10":0,"11":0,"12":0,"13":0,"14":0,"15":0,"16":0,"17":0,"18":0,"19":0,"20":0,"21":0,"22":0,"23":0,"24":0,"25":0,"26":0,"27":0,"28":1},"f":{"0":0,"1":0,"2":0,"3":0},"b":{"0":[0,0],"1":[0,0],"2":[0,0],"3":[0,0],"4":[0,0]},"_coverageSchema":"1a1c01bbd47fc00a2c39e90264f33305004495a9","hash":"f877610765a59dd267adf8f5453b1574d32a8f26"}
,"C:\\Users\\harsh\\Downloads\\Website Dashboard Structure (1)\\server\\services\\resumeParser.service.js": {"path":"C:\\Users\\harsh\\Downloads\\Website Dashboard Structure (1)\\server\\services\\resumeParser.service.js","statementMap":{"0":{"start":{"line":1,"column":11},"end":{"line":1,"column":24}},"1":{"start":{"line":2,"column":17},"end":{"line":2,"column":37}},"2":{"start":{"line":3,"column":31},"end":{"line":3,"column":63}},"3":{"start":{"line":5,"column":14},"end":{"line":5,"column":70}},"4":{"start":{"line":18,"column":8},"end":{"line":21,"column":9}},"5":{"start":{"line":19,"column":12},"end":{"line":19,"column":68}},"6":{"start":{"line":20,"column":12},"end":{"line":20,"column":22}},"7":{"start":{"line":23,"column":8},"end":{"line":62,"column":9}},"8":{"start":{"line":25,"column":31},"end":{"line":25,"column":56}},"9":{"start":{"line":26,"column":28},"end":{"line":26,"column":54}},"10":{"start":{"line":27,"column":28},"end":{"line":27,"column":40}},"11":{"start":{"line":29,"column":12},"end":{"line":31,"column":13}},"12":{"start":{"line":30,"column":16},"end":{"line":30,"column":65}},"13":{"start":{"line":34,"column":27},"end":{"line":44,"column":13}},"14":{"start":{"line":46,"column":26},"end":{"line":46,"column":84}},"15":{"start":{"line":47,"column":27},"end":{"line":47,"column":62}},"16":{"start":{"line":48,"column":33},"end":{"line":48,"column":55}},"17":{"start":{"line":51,"column":30},"end":{"line":51,"column":77}},"18":{"start":{"line":52,"column":36},"end":{"line":52,"column":57}},"19":{"start":{"line":54,"column":12},"end":{"line":56,"column":13}},"20":{"start":{"line":55,"column":16},"end":{"line":55,"column":84}},"21":{"start":{"line":55,"column":48},"end":{"line":55,"column":56}},"22":{"start":{"line":55,"column":70},"end":{"line":55,"column":82}},"23":{"start":{"line":58,"column":12},"end":{"line":58,"column":22}},"24":{"start":{"line":60,"column":12},"end":{"line":60,"column":76}},"25":{"start":{"line":61,"column":12},"end":{"line":61,"column":22}},"26":{"start":{"line":66,"column":0},"end":{"line":66,"column":37}}},"fnMap":{"0":{"name":"(anonymous_0)","decl":{"start":{"line":17,"column":4},"end":{"line":17,"column":5}},"loc":{"start":{"line":17,"column":48},"end":{"line":63,"column":5}},"line":17},"1":{"name":"(anonymous_1)","decl":{"start":{"line":55,"column":43},"end":{"line":55,"column":44}},"loc":{"start":{"line":55,"column":48},"end":{"line":55,"column":56}},"line":55},"2":{"name":"(anonymous_2)","decl":{"start":{"line":55,"column":65},"end":{"line":55,"column":66}},"loc":{"start":{"line":55,"column":70},"end":{"line":55,"column":82}},"line":55}},"branchMap":{"0":{"loc":{"start":{"line":5,"column":37},"end":{"line":5,"column":69}},"type":"binary-expr","locations":[{"start":{"line":5,"column":37},"end":{"line":5,"column":63}},{"start":{"line":5,"column":67},"end":{"line":5,"column":69}}],"line":5},"1":{"loc":{"start":{"line":18,"column":8},"end":{"line":21,"column":9}},"type":"if","locations":[{"start":{"line":18,"column":8},"end":{"line":21,"column":9}},{"start":{},"end":{}}],"line":18},"2":{"loc":{"start":{"line":29,"column":12},"end":{"line":31,"column":13}},"type":"if","locations":[{"start":{"line":29,"column":12},"end":{"line":31,"column":13}},{"start":{},"end":{}}],"line":29},"3":{"loc":{"start":{"line":29,"column":16},"end":{"line":29,"column":49}},"type":"binary-expr","locations":[{"start":{"line":29,"column":16},"end":{"line":29,"column":24}},{"start":{"line":29,"column":28},"end":{"line":29,"column":49}}],"line":29},"4":{"loc":{"start":{"line":54,"column":12},"end":{"line":56,"column":13}},"type":"if","locations":[{"start":{"line":54,"column":12},"end":{"line":56,"column":13}},{"start":{},"end":{}}],"line":54}},"s":{"0":0,"1":0,"2":0,"3":0,"4":0,"5":0,"6":0,"7":0,"8":0,"9":0,"10":0,"11":0,"12":0,"13":0,"14":0,"15":0,"16":0,"17":0,"18":0,"19":0,"20":0,"21":0,"22":0,"23":0,"24":0,"25":0,"26":0},"f":{"0":0,"1":0,"2":0},"b":{"0":[0,0],"1":[0,0],"2":[0,0],"3":[0,0],"4":[0,0]}}
,"C:\\Users\\harsh\\Downloads\\Website Dashboard Structure (1)\\server\\services\\skillExtraction.service.js": {"path":"C:\\Users\\harsh\\Downloads\\Website Dashboard Structure (1)\\server\\services\\skillExtraction.service.js","statementMap":{"0":{"start":{"line":5,"column":28},"end":{"line":15,"column":1}},"1":{"start":{"line":24,"column":8},"end":{"line":24,"column":36}},"2":{"start":{"line":24,"column":26},"end":{"line":24,"column":36}},"3":{"start":{"line":25,"column":26},"end":{"line":25,"column":51}},"4":{"start":{"line":26,"column":26},"end":{"line":26,"column":35}},"5":{"start":{"line":28,"column":8},"end":{"line":37,"column":9}},"6":{"start":{"line":31,"column":35},"end":{"line":31,"column":81}},"7":{"start":{"line":32,"column":26},"end":{"line":32,"column":68}},"8":{"start":{"line":34,"column":12},"end":{"line":36,"column":13}},"9":{"start":{"line":35,"column":16},"end":{"line":35,"column":39}},"10":{"start":{"line":40,"column":8},"end":{"line":40,"column":60}},"11":{"start":{"line":40,"column":39},"end":{"line":40,"column":60}},"12":{"start":{"line":41,"column":8},"end":{"line":41,"column":58}},"13":{"start":{"line":41,"column":38},"end":{"line":41,"column":58}},"14":{"start":{"line":42,"column":8},"end":{"line":42,"column":100}},"15":{"start":{"line":42,"column":75},"end":{"line":42,"column":100}},"16":{"start":{"line":43,"column":8},"end":{"line":43,"column":97}},"17":{"start":{"line":43,"column":73},"end":{"line":43,"column":97}},"18":{"start":{"line":44,"column":8},"end":{"line":44,"column":100}},"19":{"start":{"line":44,"column":77},"end":{"line":44,"column":100}},"20":{"start":{"line":46,"column":8},"end":{"line":46,"column":37}},"21":{"start":{"line":50,"column":0},"end":{"line":50,"column":40}}},"fnMap":{"0":{"name":"(anonymous_0)","decl":{"start":{"line":23,"column":4},"end":{"line":23,"column":5}},"loc":{"start":{"line":23,"column":38},"end":{"line":47,"column":5}},"line":23}},"branchMap":{"0":{"loc":{"start":{"line":24,"column":8},"end":{"line":24,"column":36}},"type":"if","locations":[{"start":{"line":24,"column":8},"end":{"line":24,"column":36}},{"start":{},"end":{}}],"line":24},"1":{"loc":{"start":{"line":34,"column":12},"end":{"line":36,"column":13}},"type":"if","locations":[{"start":{"line":34,"column":12},"end":{"line":36,"column":13}},{"start":{},"end":{}}],"line":34},"2":{"loc":{"start":{"line":40,"column":8},"end":{"line":40,"column":60}},"type":"if","locations":[{"start":{"line":40,"column":8},"end":{"line":40,"column":60}},{"start":{},"end":{}}],"line":40},"3":{"loc":{"start":{"line":41,"column":8},"end":{"line":41,"column":58}},"type":"if","locations":[{"start":{"line":41,"column":8},"end":{"line":41,"column":58}},{"start":{},"end":{}}],"line":41},"4":{"loc":{"start":{"line":42,"column":8},"end":{"line":42,"column":100}},"type":"if","locations":[{"start":{"line":42,"column":8},"end":{"line":42,"column":100}},{"start":{},"end":{}}],"line":42},"5":{"loc":{"start":{"line":42,"column":12},"end":{"line":42,"column":73}},"type":"binary-expr","locations":[{"start":{"line":42,"column":12},"end":{"line":42,"column":41}},{"start":{"line":42,"column":45},"end":{"line":42,"column":73}}],"line":42},"6":{"loc":{"start":{"line":43,"column":8},"end":{"line":43,"column":97}},"type":"if","locations":[{"start":{"line":43,"column":8},"end":{"line":43,"column":97}},{"start":{},"end":{}}],"line":43},"7":{"loc":{"start":{"line":43,"column":12},"end":{"line":43,"column":71}},"type":"binary-expr","locations":[{"start":{"line":43,"column":12},"end":{"line":43,"column":40}},{"start":{"line":43,"column":44},"end":{"line":43,"column":71}}],"line":43},"8":{"loc":{"start":{"line":44,"column":8},"end":{"line":44,"column":100}},"type":"if","locations":[{"start":{"line":44,"column":8},"end":{"line":44,"column":100}},{"start":{},"end":{}}],"line":44},"9":{"loc":{"start":{"line":44,"column":12},"end":{"line":44,"column":75}},"type":"binary-expr","locations":[{"start":{"line":44,"column":12},"end":{"line":44,"column":42}},{"start":{"line":44,"column":46},"end":{"line":44,"column":75}}],"line":44}},"s":{"0":0,"1":0,"2":0,"3":0,"4":0,"5":0,"6":0,"7":0,"8":0,"9":0,"10":0,"11":0,"12":0,"13":0,"14":0,"15":0,"16":0,"17":0,"18":0,"19":0,"20":0,"21":0},"f":{"0":0},"b":{"0":[0,0],"1":[0,0],"2":[0,0],"3":[0,0],"4":[0,0],"5":[0,0],"6":[0,0],"7":[0,0],"8":[0,0],"9":[0,0]}}
,"C:\\Users\\harsh\\Downloads\\Website Dashboard Structure (1)\\server\\services\\skillGraph.service.js": {"path":"C:\\Users\\harsh\\Downloads\\Website Dashboard Structure (1)\\server\\services\\skillGraph.service.js","statementMap":{"0":{"start":{"line":1,"column":14},"end":{"line":1,"column":40}},"1":{"start":{"line":18,"column":8},"end":{"line":20,"column":9}},"2":{"start":{"line":19,"column":12},"end":{"line":19,"column":29}},"3":{"start":{"line":22,"column":28},"end":{"line":22,"column":80}},"4":{"start":{"line":22,"column":56},"end":{"line":22,"column":78}},"5":{"start":{"line":24,"column":8},"end":{"line":44,"column":9}},"6":{"start":{"line":26,"column":34},"end":{"line":30,"column":14}},"7":{"start":{"line":28,"column":45},"end":{"line":28,"column":77}},"8":{"start":{"line":33,"column":12},"end":{"line":39,"column":15}},"9":{"start":{"line":34,"column":16},"end":{"line":38,"column":17}},"10":{"start":{"line":35,"column":20},"end":{"line":37,"column":23}},"11":{"start":{"line":36,"column":24},"end":{"line":36,"column":70}},"12":{"start":{"line":42,"column":12},"end":{"line":42,"column":80}},"13":{"start":{"line":46,"column":8},"end":{"line":46,"column":27}},"14":{"start":{"line":50,"column":0},"end":{"line":50,"column":35}}},"fnMap":{"0":{"name":"(anonymous_0)","decl":{"start":{"line":17,"column":4},"end":{"line":17,"column":5}},"loc":{"start":{"line":17,"column":42},"end":{"line":47,"column":5}},"line":17},"1":{"name":"(anonymous_1)","decl":{"start":{"line":22,"column":51},"end":{"line":22,"column":52}},"loc":{"start":{"line":22,"column":56},"end":{"line":22,"column":78}},"line":22},"2":{"name":"(anonymous_2)","decl":{"start":{"line":28,"column":40},"end":{"line":28,"column":41}},"loc":{"start":{"line":28,"column":45},"end":{"line":28,"column":77}},"line":28},"3":{"name":"(anonymous_3)","decl":{"start":{"line":33,"column":34},"end":{"line":33,"column":35}},"loc":{"start":{"line":33,"column":46},"end":{"line":39,"column":13}},"line":33},"4":{"name":"(anonymous_4)","decl":{"start":{"line":35,"column":51},"end":{"line":35,"column":52}},"loc":{"start":{"line":35,"column":62},"end":{"line":37,"column":21}},"line":35}},"branchMap":{"0":{"loc":{"start":{"line":18,"column":8},"end":{"line":20,"column":9}},"type":"if","locations":[{"start":{"line":18,"column":8},"end":{"line":20,"column":9}},{"start":{},"end":{}}],"line":18},"1":{"loc":{"start":{"line":18,"column":12},"end":{"line":18,"column":80}},"type":"binary-expr","locations":[{"start":{"line":18,"column":12},"end":{"line":18,"column":23}},{"start":{"line":18,"column":27},"end":{"line":18,"column":53}},{"start":{"line":18,"column":57},"end":{"line":18,"column":80}}],"line":18},"2":{"loc":{"start":{"line":34,"column":16},"end":{"line":38,"column":17}},"type":"if","locations":[{"start":{"line":34,"column":16},"end":{"line":38,"column":17}},{"start":{},"end":{}}],"line":34},"3":{"loc":{"start":{"line":34,"column":20},"end":{"line":34,"column":83}},"type":"binary-expr","locations":[{"start":{"line":34,"column":20},"end":{"line":34,"column":42}},{"start":{"line":34,"column":46},"end":{"line":34,"column":83}}],"line":34}},"s":{"0":0,"1":0,"2":0,"3":0,"4":0,"5":0,"6":0,"7":0,"8":0,"9":0,"10":0,"11":0,"12":0,"13":0,"14":0},"f":{"0":0,"1":0,"2":0,"3":0,"4":0},"b":{"0":[0,0],"1":[0,0,0],"2":[0,0],"3":[0,0]}}
,"C:\\Users\\harsh\\Downloads\\Website Dashboard Structure (1)\\server\\utils\\emailService.js": {"path":"C:\\Users\\harsh\\Downloads\\Website Dashboard Structure (1)\\server\\utils\\emailService.js","statementMap":{"0":{"start":{"line":1,"column":19},"end":{"line":1,"column":40}},"1":{"start":{"line":3,"column":18},"end":{"line":51,"column":1}},"2":{"start":{"line":11,"column":4},"end":{"line":34,"column":5}},"3":{"start":{"line":13,"column":8},"end":{"line":21,"column":11}},"4":{"start":{"line":24,"column":28},"end":{"line":24,"column":64}},"5":{"start":{"line":25,"column":8},"end":{"line":33,"column":11}},"6":{"start":{"line":36,"column":20},"end":{"line":41,"column":5}},"7":{"start":{"line":43,"column":17},"end":{"line":43,"column":52}},"8":{"start":{"line":45,"column":4},"end":{"line":45,"column":52}},"9":{"start":{"line":47,"column":4},"end":{"line":50,"column":5}},"10":{"start":{"line":49,"column":8},"end":{"line":49,"column":75}},"11":{"start":{"line":53,"column":0},"end":{"line":53,"column":27}}},"fnMap":{"0":{"name":"(anonymous_0)","decl":{"start":{"line":3,"column":18},"end":{"line":3,"column":19}},"loc":{"start":{"line":3,"column":37},"end":{"line":51,"column":1}},"line":3}},"branchMap":{"0":{"loc":{"start":{"line":11,"column":4},"end":{"line":34,"column":5}},"type":"if","locations":[{"start":{"line":11,"column":4},"end":{"line":34,"column":5}},{"start":{"line":22,"column":11},"end":{"line":34,"column":5}}],"line":11},"1":{"loc":{"start":{"line":11,"column":8},"end":{"line":11,"column":83}},"type":"binary-expr","locations":[{"start":{"line":11,"column":8},"end":{"line":11,"column":29}},{"start":{"line":11,"column":33},"end":{"line":11,"column":54}},{"start":{"line":11,"column":58},"end":{"line":11,"column":83}}],"line":11},"2":{"loc":{"start":{"line":15,"column":18},"end":{"line":15,"column":46}},"type":"binary-expr","locations":[{"start":{"line":15,"column":18},"end":{"line":15,"column":39}},{"start":{"line":15,"column":43},"end":{"line":15,"column":46}}],"line":15},"3":{"loc":{"start":{"line":37,"column":17},"end":{"line":37,"column":56}},"type":"binary-expr","locations":[{"start":{"line":37,"column":17},"end":{"line":37,"column":38}},{"start":{"line":37,"column":42},"end":{"line":37,"column":56}}],"line":37},"4":{"loc":{"start":{"line":37,"column":61},"end":{"line":37,"column":108}},"type":"binary-expr","locations":[{"start":{"line":37,"column":61},"end":{"line":37,"column":83}},{"start":{"line":37,"column":87},"end":{"line":37,"column":108}}],"line":37},"5":{"loc":{"start":{"line":47,"column":4},"end":{"line":50,"column":5}},"type":"if","locations":[{"start":{"line":47,"column":4},"end":{"line":50,"column":5}},{"start":{},"end":{}}],"line":47}},"s":{"0":3,"1":3,"2":1,"3":0,"4":1,"5":1,"6":1,"7":1,"8":1,"9":1,"10":1,"11":3},"f":{"0":1},"b":{"0":[0,1],"1":[1,0,0],"2":[0,0],"3":[1,1],"4":[1,1],"5":[1,0]},"_coverageSchema":"1a1c01bbd47fc00a2c39e90264f33305004495a9","hash":"a20b9f9b1a418ff7a25bf7e27574a1bece9384d6"}
}
