TN:
SF:controllers\adminController.js
FN:10,(anonymous_0)
FN:26,(anonymous_1)
FN:41,(anonymous_2)
FN:63,(anonymous_3)
FN:99,(anonymous_4)
FN:119,(anonymous_5)
FN:125,(anonymous_6)
FN:135,(anonymous_7)
FN:137,(anonymous_8)
FN:160,(anonymous_9)
FN:180,(anonymous_10)
FN:206,(anonymous_11)
FN:236,(anonymous_12)
FN:274,(anonymous_13)
FN:287,(anonymous_14)
FN:316,(anonymous_15)
FN:330,(anonymous_16)
FN:352,(anonymous_17)
FN:377,(anonymous_18)
FN:403,(anonymous_19)
FN:436,(anonymous_20)
FN:459,(anonymous_21)
FN:487,(anonymous_22)
FN:518,(anonymous_23)
FNF:24
FNH:0
FNDA:0,(anonymous_0)
FNDA:0,(anonymous_1)
FNDA:0,(anonymous_2)
FNDA:0,(anonymous_3)
FNDA:0,(anonymous_4)
FNDA:0,(anonymous_5)
FNDA:0,(anonymous_6)
FNDA:0,(anonymous_7)
FNDA:0,(anonymous_8)
FNDA:0,(anonymous_9)
FNDA:0,(anonymous_10)
FNDA:0,(anonymous_11)
FNDA:0,(anonymous_12)
FNDA:0,(anonymous_13)
FNDA:0,(anonymous_14)
FNDA:0,(anonymous_15)
FNDA:0,(anonymous_16)
FNDA:0,(anonymous_17)
FNDA:0,(anonymous_18)
FNDA:0,(anonymous_19)
FNDA:0,(anonymous_20)
FNDA:0,(anonymous_21)
FNDA:0,(anonymous_22)
FNDA:0,(anonymous_23)
DA:1,0
DA:2,0
DA:3,0
DA:4,0
DA:5,0
DA:6,0
DA:7,0
DA:10,0
DA:11,0
DA:12,0
DA:19,0
DA:26,0
DA:27,0
DA:28,0
DA:31,0
DA:33,0
DA:34,0
DA:41,0
DA:42,0
DA:43,0
DA:45,0
DA:46,0
DA:47,0
DA:49,0
DA:50,0
DA:52,0
DA:55,0
DA:56,0
DA:63,0
DA:64,0
DA:65,0
DA:66,0
DA:67,0
DA:68,0
DA:70,0
DA:71,0
DA:72,0
DA:75,0
DA:76,0
DA:78,0
DA:84,0
DA:91,0
DA:92,0
DA:99,0
DA:100,0
DA:101,0
DA:103,0
DA:104,0
DA:105,0
DA:106,0
DA:108,0
DA:111,0
DA:112,0
DA:119,0
DA:120,0
DA:121,0
DA:123,0
DA:125,0
DA:126,0
DA:127,0
DA:128,0
DA:129,0
DA:130,0
DA:131,0
DA:132,0
DA:135,0
DA:136,0
DA:137,0
DA:138,0
DA:140,0
DA:142,0
DA:144,0
DA:147,0
DA:148,0
DA:149,0
DA:152,0
DA:153,0
DA:160,0
DA:161,0
DA:162,0
DA:164,0
DA:165,0
DA:166,0
DA:167,0
DA:169,0
DA:172,0
DA:173,0
DA:180,0
DA:181,0
DA:182,0
DA:184,0
DA:185,0
DA:188,0
DA:190,0
DA:196,0
DA:198,0
DA:199,0
DA:206,0
DA:207,0
DA:208,0
DA:209,0
DA:211,0
DA:212,0
DA:213,0
DA:214,0
DA:216,0
DA:217,0
DA:220,0
DA:221,0
DA:223,0
DA:225,0
DA:228,0
DA:229,0
DA:236,0
DA:237,0
DA:239,0
DA:240,0
DA:241,0
DA:242,0
DA:244,0
DA:246,0
DA:247,0
DA:248,0
DA:249,0
DA:250,0
DA:252,0
DA:253,0
DA:256,0
DA:263,0
DA:266,0
DA:267,0
DA:274,0
DA:275,0
DA:276,0
DA:277,0
DA:279,0
DA:280,0
DA:287,0
DA:288,0
DA:289,0
DA:291,0
DA:292,0
DA:293,0
DA:295,0
DA:301,0
DA:308,0
DA:311,0
DA:312,0
DA:316,0
DA:317,0
DA:318,0
DA:322,0
DA:324,0
DA:328,0
DA:330,0
DA:331,0
DA:333,0
DA:334,0
DA:337,0
DA:339,0
DA:340,0
DA:341,0
DA:345,0
DA:347,0
DA:348,0
DA:352,0
DA:360,0
DA:363,0
DA:369,0
DA:372,0
DA:373,0
DA:377,0
DA:378,0
DA:380,0
DA:381,0
DA:384,0
DA:386,0
DA:389,0
DA:396,0
DA:398,0
DA:399,0
DA:403,0
DA:404,0
DA:405,0
DA:406,0
DA:407,0
DA:410,0
DA:411,0
DA:412,0
DA:415,0
DA:416,0
DA:418,0
DA:435,0
DA:436,0
DA:443,0
DA:453,0
DA:459,0
DA:465,0
DA:479,0
DA:480,0
DA:487,0
DA:488,0
DA:489,0
DA:491,0
DA:492,0
DA:493,0
DA:494,0
DA:496,0
DA:499,0
DA:506,0
DA:508,0
DA:511,0
DA:518,0
DA:519,0
DA:520,0
DA:521,0
DA:522,0
DA:524,0
DA:525,0
DA:526,0
DA:527,0
DA:528,0
DA:529,0
DA:531,0
DA:532,0
DA:533,0
DA:535,0
DA:536,0
DA:540,0
LF:229
LH:0
BRDA:10,0,0,0
BRDA:45,1,0,0
BRDA:45,1,1,0
BRDA:65,2,0,0
BRDA:65,2,1,0
BRDA:66,3,0,0
BRDA:66,3,1,0
BRDA:71,4,0,0
BRDA:71,4,1,0
BRDA:71,5,0,0
BRDA:71,5,1,0
BRDA:103,6,0,0
BRDA:103,6,1,0
BRDA:128,7,0,0
BRDA:128,7,1,0
BRDA:129,8,0,0
BRDA:129,8,1,0
BRDA:130,9,0,0
BRDA:130,9,1,0
BRDA:131,10,0,0
BRDA:131,10,1,0
BRDA:132,11,0,0
BRDA:132,11,1,0
BRDA:135,12,0,0
BRDA:135,12,1,0
BRDA:136,13,0,0
BRDA:136,13,1,0
BRDA:136,13,2,0
BRDA:137,14,0,0
BRDA:137,14,1,0
BRDA:137,15,0,0
BRDA:137,15,1,0
BRDA:164,16,0,0
BRDA:164,16,1,0
BRDA:184,17,0,0
BRDA:184,17,1,0
BRDA:184,18,0,0
BRDA:184,18,1,0
BRDA:184,18,2,0
BRDA:211,19,0,0
BRDA:211,19,1,0
BRDA:212,20,0,0
BRDA:212,20,1,0
BRDA:213,21,0,0
BRDA:213,21,1,0
BRDA:214,22,0,0
BRDA:214,22,1,0
BRDA:216,23,0,0
BRDA:216,23,1,0
BRDA:241,24,0,0
BRDA:241,24,1,0
BRDA:242,25,0,0
BRDA:242,25,1,0
BRDA:244,26,0,0
BRDA:244,26,1,0
BRDA:246,27,0,0
BRDA:246,27,1,0
BRDA:247,28,0,0
BRDA:247,28,1,0
BRDA:248,29,0,0
BRDA:248,29,1,0
BRDA:249,30,0,0
BRDA:249,30,1,0
BRDA:250,31,0,0
BRDA:250,31,1,0
BRDA:291,32,0,0
BRDA:291,32,1,0
BRDA:297,33,0,0
BRDA:297,33,1,0
BRDA:331,34,0,0
BRDA:331,35,0,0
BRDA:333,36,0,0
BRDA:333,36,1,0
BRDA:333,37,0,0
BRDA:333,37,1,0
BRDA:340,38,0,0
BRDA:340,38,1,0
BRDA:347,39,0,0
BRDA:347,39,1,0
BRDA:380,40,0,0
BRDA:380,40,1,0
BRDA:380,41,0,0
BRDA:380,41,1,0
BRDA:380,41,2,0
BRDA:462,42,0,0
BRDA:462,42,1,0
BRDA:491,43,0,0
BRDA:491,43,1,0
BRDA:493,44,0,0
BRDA:493,44,1,0
BRDA:521,45,0,0
BRDA:521,45,1,0
BRDA:525,46,0,0
BRDA:525,46,1,0
BRDA:526,47,0,0
BRDA:526,47,1,0
BRDA:527,48,0,0
BRDA:527,48,1,0
BRDA:528,49,0,0
BRDA:528,49,1,0
BRDA:529,50,0,0
BRDA:529,50,1,0
BRF:102
BRH:0
end_of_record
TN:
SF:controllers\aiAssistantController.js
FN:15,buildSystemPrompt
FN:25,(anonymous_1)
FN:43,(anonymous_2)
FN:54,(anonymous_3)
FN:86,(anonymous_4)
FNF:5
FNH:0
FNDA:0,buildSystemPrompt
FNDA:0,(anonymous_1)
FNDA:0,(anonymous_2)
FNDA:0,(anonymous_3)
FNDA:0,(anonymous_4)
DA:6,0
DA:7,0
DA:8,0
DA:9,0
DA:16,0
DA:17,0
DA:18,0
DA:21,0
DA:22,0
DA:23,0
DA:24,0
DA:25,0
DA:27,0
DA:30,0
DA:34,0
DA:35,0
DA:41,0
DA:42,0
DA:43,0
DA:47,0
DA:51,0
DA:52,0
DA:53,0
DA:54,0
DA:57,0
DA:60,0
DA:86,0
DA:87,0
DA:88,0
DA:90,0
DA:91,0
DA:94,0
DA:95,0
DA:98,0
DA:101,0
DA:104,0
DA:106,0
DA:109,0
DA:110,0
DA:116,0
LF:40
LH:0
BRDA:23,0,0,0
BRDA:23,0,1,0
BRDA:41,1,0,0
BRDA:41,1,1,0
BRDA:53,2,0,0
BRDA:53,2,1,0
BRDA:54,3,0,0
BRDA:54,3,1,0
BRDA:54,4,0,0
BRDA:54,4,1,0
BRDA:90,5,0,0
BRDA:90,5,1,0
BRDA:90,6,0,0
BRDA:90,6,1,0
BRDA:90,6,2,0
BRDA:94,7,0,0
BRDA:94,7,1,0
BRDA:111,8,0,0
BRDA:111,8,1,0
BRF:19
BRH:0
end_of_record
TN:
SF:controllers\authController.js
FN:9,(anonymous_0)
FN:16,(anonymous_1)
FN:25,(anonymous_2)
FN:100,(anonymous_3)
FN:145,(anonymous_4)
FN:206,(anonymous_5)
FN:237,(anonymous_6)
FN:256,(anonymous_7)
FN:301,(anonymous_8)
FNF:9
FNH:3
FNDA:2,(anonymous_0)
FNDA:0,(anonymous_1)
FNDA:2,(anonymous_2)
FNDA:0,(anonymous_3)
FNDA:0,(anonymous_4)
FNDA:4,(anonymous_5)
FNDA:0,(anonymous_6)
FNDA:0,(anonymous_7)
FNDA:0,(anonymous_8)
DA:1,2
DA:2,2
DA:3,2
DA:4,2
DA:5,2
DA:6,2
DA:9,2
DA:10,2
DA:16,2
DA:18,0
DA:19,0
DA:25,2
DA:26,2
DA:28,2
DA:29,1
DA:33,1
DA:35,1
DA:36,0
DA:37,0
DA:43,1
DA:46,1
DA:47,1
DA:48,1
DA:56,0
DA:57,0
DA:60,1
DA:62,1
DA:65,1
DA:66,1
DA:67,1
DA:69,1
DA:72,1
DA:74,1
DA:75,1
DA:81,1
DA:85,0
DA:86,0
DA:87,0
DA:89,0
DA:90,0
DA:93,0
DA:100,2
DA:101,0
DA:102,0
DA:104,0
DA:105,0
DA:108,0
DA:110,0
DA:111,0
DA:114,0
DA:115,0
DA:118,0
DA:119,0
DA:122,0
DA:123,0
DA:127,0
DA:129,0
DA:130,0
DA:134,0
DA:137,0
DA:138,0
DA:145,2
DA:146,0
DA:147,0
DA:149,0
DA:150,0
DA:153,0
DA:154,0
DA:157,0
DA:159,0
DA:160,0
DA:164,0
DA:165,0
DA:168,0
DA:169,0
DA:170,0
DA:174,0
DA:175,0
DA:176,0
DA:177,0
DA:179,0
DA:182,0
DA:183,0
DA:185,0
DA:189,0
DA:198,0
DA:199,0
DA:206,2
DA:207,4
DA:210,4
DA:212,4
DA:213,2
DA:214,2
DA:217,2
DA:218,2
DA:220,2
DA:221,2
DA:229,0
DA:230,0
DA:237,2
DA:238,0
DA:240,0
DA:241,0
DA:249,0
DA:256,2
DA:257,0
DA:258,0
DA:259,0
DA:260,0
DA:264,0
DA:267,0
DA:268,0
DA:269,0
DA:271,0
DA:274,0
DA:276,0
DA:277,0
DA:283,0
DA:285,0
DA:286,0
DA:287,0
DA:289,0
DA:290,0
DA:293,0
DA:294,0
DA:301,2
DA:302,0
DA:303,0
DA:305,0
DA:306,0
DA:309,0
DA:310,0
DA:313,0
DA:315,0
DA:316,0
DA:319,0
DA:320,0
DA:323,0
DA:325,0
DA:326,0
DA:327,0
DA:328,0
DA:332,0
DA:334,0
DA:335,0
DA:339,0
DA:340,0
DA:341,0
DA:343,0
DA:345,0
DA:347,0
DA:348,0
DA:352,2
LF:153
LH:45
BRDA:28,0,0,1
BRDA:28,0,1,1
BRDA:28,1,0,2
BRDA:28,1,1,2
BRDA:35,2,0,0
BRDA:35,2,1,1
BRDA:36,3,0,0
BRDA:36,3,1,0
BRDA:47,4,0,1
BRDA:47,4,1,0
BRDA:52,5,0,1
BRDA:52,5,1,1
BRDA:57,6,0,0
BRDA:57,6,1,0
BRDA:60,7,0,1
BRDA:60,7,1,0
BRDA:104,8,0,0
BRDA:104,8,1,0
BRDA:104,9,0,0
BRDA:104,9,1,0
BRDA:110,10,0,0
BRDA:110,10,1,0
BRDA:114,11,0,0
BRDA:114,11,1,0
BRDA:118,12,0,0
BRDA:118,12,1,0
BRDA:118,13,0,0
BRDA:118,13,1,0
BRDA:122,14,0,0
BRDA:122,14,1,0
BRDA:129,15,0,0
BRDA:129,15,1,0
BRDA:149,16,0,0
BRDA:149,16,1,0
BRDA:149,17,0,0
BRDA:149,17,1,0
BRDA:149,17,2,0
BRDA:153,18,0,0
BRDA:153,18,1,0
BRDA:159,19,0,0
BRDA:159,19,1,0
BRDA:164,20,0,0
BRDA:164,20,1,0
BRDA:164,21,0,0
BRDA:164,21,1,0
BRDA:169,22,0,0
BRDA:169,22,1,0
BRDA:212,23,0,2
BRDA:212,23,1,2
BRDA:220,24,0,2
BRDA:220,24,1,0
BRDA:220,25,0,2
BRDA:220,25,1,2
BRDA:240,26,0,0
BRDA:240,26,1,0
BRDA:259,27,0,0
BRDA:259,27,1,0
BRDA:305,28,0,0
BRDA:305,28,1,0
BRDA:305,29,0,0
BRDA:305,29,1,0
BRDA:309,30,0,0
BRDA:309,30,1,0
BRDA:315,31,0,0
BRDA:315,31,1,0
BRDA:319,32,0,0
BRDA:319,32,1,0
BRDA:319,33,0,0
BRDA:319,33,1,0
BRDA:323,34,0,0
BRDA:323,34,1,0
BRDA:334,35,0,0
BRDA:334,35,1,0
BRF:73
BRH:14
end_of_record
TN:
SF:controllers\careerController.js
FN:12,(anonymous_0)
FN:26,(anonymous_1)
FN:48,(anonymous_2)
FN:77,(anonymous_3)
FN:98,(anonymous_4)
FNF:5
FNH:0
FNDA:0,(anonymous_0)
FNDA:0,(anonymous_1)
FNDA:0,(anonymous_2)
FNDA:0,(anonymous_3)
FNDA:0,(anonymous_4)
DA:1,0
DA:2,0
DA:3,0
DA:6,0
DA:7,0
DA:12,0
DA:13,0
DA:14,0
DA:15,0
DA:16,0
DA:18,0
DA:19,0
DA:26,0
DA:27,0
DA:28,0
DA:29,0
DA:30,0
DA:33,0
DA:35,0
DA:37,0
DA:38,0
DA:39,0
DA:41,0
DA:48,0
DA:49,0
DA:50,0
DA:51,0
DA:57,0
DA:58,0
DA:62,0
DA:64,0
DA:66,0
DA:67,0
DA:68,0
DA:70,0
DA:77,0
DA:78,0
DA:79,0
DA:81,0
DA:82,0
DA:86,0
DA:88,0
DA:90,0
DA:91,0
DA:98,0
DA:99,0
DA:100,0
DA:103,0
DA:104,0
DA:105,0
DA:106,0
DA:110,0
DA:113,0
DA:115,0
DA:117,0
DA:118,0
LF:56
LH:0
BRDA:14,0,0,0
BRDA:14,0,1,0
BRDA:38,1,0,0
BRDA:38,1,1,0
BRDA:57,2,0,0
BRDA:57,2,1,0
BRDA:67,3,0,0
BRDA:67,3,1,0
BRDA:81,4,0,0
BRDA:81,4,1,0
BRDA:103,5,0,0
BRDA:103,5,1,0
BRDA:105,6,0,0
BRDA:105,6,1,0
BRF:14
BRH:0
end_of_record
TN:
SF:controllers\communityController.js
FN:8,(anonymous_0)
FN:23,(anonymous_1)
FN:49,(anonymous_2)
FN:81,(anonymous_3)
FNF:4
FNH:0
FNDA:0,(anonymous_0)
FNDA:0,(anonymous_1)
FNDA:0,(anonymous_2)
FNDA:0,(anonymous_3)
DA:1,0
DA:2,0
DA:3,0
DA:8,0
DA:9,0
DA:10,0
DA:13,0
DA:15,0
DA:16,0
DA:23,0
DA:24,0
DA:25,0
DA:27,0
DA:34,0
DA:37,0
DA:39,0
DA:41,0
DA:42,0
DA:49,0
DA:50,0
DA:51,0
DA:52,0
DA:53,0
DA:57,0
DA:58,0
DA:61,0
DA:62,0
DA:63,0
DA:64,0
DA:65,0
DA:67,0
DA:71,0
DA:73,0
DA:74,0
DA:81,0
DA:82,0
DA:83,0
DA:84,0
DA:85,0
DA:87,0
DA:88,0
DA:90,0
DA:91,0
DA:95,0
LF:44
LH:0
BRDA:52,0,0,0
BRDA:52,0,1,0
BRDA:61,1,0,0
BRDA:61,1,1,0
BRDA:84,2,0,0
BRDA:84,2,1,0
BRF:6
BRH:0
end_of_record
TN:
SF:controllers\courseController.js
FN:14,(anonymous_0)
FN:27,(anonymous_1)
FN:52,(anonymous_2)
FN:65,(anonymous_3)
FN:84,(anonymous_4)
FN:99,(anonymous_5)
FN:109,(anonymous_6)
FN:115,(anonymous_7)
FN:117,(anonymous_8)
FN:141,(anonymous_9)
FN:227,(anonymous_10)
FN:227,(anonymous_11)
FN:248,(anonymous_12)
FN:261,(anonymous_13)
FN:274,(anonymous_14)
FN:284,(anonymous_15)
FN:313,(anonymous_16)
FN:330,(anonymous_17)
FN:353,(anonymous_18)
FN:379,(anonymous_19)
FN:398,(anonymous_20)
FNF:21
FNH:0
FNDA:0,(anonymous_0)
FNDA:0,(anonymous_1)
FNDA:0,(anonymous_2)
FNDA:0,(anonymous_3)
FNDA:0,(anonymous_4)
FNDA:0,(anonymous_5)
FNDA:0,(anonymous_6)
FNDA:0,(anonymous_7)
FNDA:0,(anonymous_8)
FNDA:0,(anonymous_9)
FNDA:0,(anonymous_10)
FNDA:0,(anonymous_11)
FNDA:0,(anonymous_12)
FNDA:0,(anonymous_13)
FNDA:0,(anonymous_14)
FNDA:0,(anonymous_15)
FNDA:0,(anonymous_16)
FNDA:0,(anonymous_17)
FNDA:0,(anonymous_18)
FNDA:0,(anonymous_19)
FNDA:0,(anonymous_20)
DA:1,0
DA:2,0
DA:3,0
DA:4,0
DA:5,0
DA:6,0
DA:7,0
DA:8,0
DA:9,0
DA:14,0
DA:15,0
DA:16,0
DA:17,0
DA:19,0
DA:20,0
DA:27,0
DA:28,0
DA:29,0
DA:30,0
DA:31,0
DA:34,0
DA:35,0
DA:37,0
DA:38,0
DA:42,0
DA:44,0
DA:45,0
DA:52,0
DA:53,0
DA:54,0
DA:55,0
DA:57,0
DA:58,0
DA:65,0
DA:66,0
DA:67,0
DA:71,0
DA:72,0
DA:74,0
DA:76,0
DA:77,0
DA:84,0
DA:85,0
DA:86,0
DA:87,0
DA:88,0
DA:90,0
DA:91,0
DA:93,0
DA:94,0
DA:99,0
DA:100,0
DA:101,0
DA:104,0
DA:105,0
DA:108,0
DA:109,0
DA:112,0
DA:113,0
DA:114,0
DA:115,0
DA:116,0
DA:117,0
DA:118,0
DA:119,0
DA:125,0
DA:128,0
DA:129,0
DA:130,0
DA:132,0
DA:133,0
DA:141,0
DA:142,0
DA:143,0
DA:144,0
DA:145,0
DA:146,0
DA:148,0
DA:158,0
DA:159,0
DA:161,0
DA:175,0
DA:176,0
DA:177,0
DA:178,0
DA:185,0
DA:187,0
DA:188,0
DA:189,0
DA:191,0
DA:192,0
DA:202,0
DA:206,0
DA:207,0
DA:208,0
DA:209,0
DA:210,0
DA:212,0
DA:215,0
DA:216,0
DA:217,0
DA:218,0
DA:219,0
DA:220,0
DA:222,0
DA:226,0
DA:227,0
DA:228,0
DA:229,0
DA:230,0
DA:231,0
DA:232,0
DA:235,0
DA:243,0
DA:244,0
DA:248,0
DA:249,0
DA:250,0
DA:251,0
DA:252,0
DA:254,0
DA:256,0
DA:257,0
DA:261,0
DA:262,0
DA:263,0
DA:264,0
DA:265,0
DA:267,0
DA:269,0
DA:270,0
DA:274,0
DA:275,0
DA:276,0
DA:277,0
DA:279,0
DA:280,0
DA:284,0
DA:285,0
DA:286,0
DA:287,0
DA:288,0
DA:290,0
DA:300,0
DA:301,0
DA:303,0
DA:304,0
DA:306,0
DA:308,0
DA:309,0
DA:313,0
DA:314,0
DA:315,0
DA:316,0
DA:318,0
DA:322,0
DA:323,0
DA:325,0
DA:326,0
DA:330,0
DA:331,0
DA:332,0
DA:333,0
DA:334,0
DA:335,0
DA:338,0
DA:346,0
DA:348,0
DA:349,0
DA:353,0
DA:354,0
DA:355,0
DA:357,0
DA:358,0
DA:359,0
DA:362,0
DA:363,0
DA:366,0
DA:367,0
DA:368,0
DA:369,0
DA:371,0
DA:372,0
DA:374,0
DA:375,0
DA:379,0
DA:380,0
DA:381,0
DA:382,0
DA:383,0
DA:386,0
DA:387,0
DA:390,0
DA:391,0
DA:393,0
DA:394,0
DA:398,0
DA:399,0
DA:400,0
DA:401,0
DA:402,0
DA:404,0
DA:405,0
DA:407,0
DA:408,0
DA:411,0
DA:412,0
DA:414,0
DA:417,0
DA:421,0
DA:422,0
DA:423,0
DA:425,0
DA:427,0
DA:428,0
DA:432,0
LF:216
LH:0
BRDA:30,0,0,0
BRDA:30,0,1,0
BRDA:71,1,0,0
BRDA:71,1,1,0
BRDA:87,2,0,0
BRDA:87,2,1,0
BRDA:105,3,0,0
BRDA:105,3,1,0
BRDA:114,4,0,0
BRDA:114,4,1,0
BRDA:114,5,0,0
BRDA:114,5,1,0
BRDA:116,6,0,0
BRDA:116,6,1,0
BRDA:118,7,0,0
BRDA:118,7,1,0
BRDA:118,8,0,0
BRDA:118,8,1,0
BRDA:132,9,0,0
BRDA:132,9,1,0
BRDA:144,10,0,0
BRDA:144,10,1,0
BRDA:162,11,0,0
BRDA:162,11,1,0
BRDA:163,12,0,0
BRDA:163,12,1,0
BRDA:176,13,0,0
BRDA:176,13,1,0
BRDA:206,14,0,0
BRDA:206,14,1,0
BRDA:206,15,0,0
BRDA:206,15,1,0
BRDA:209,16,0,0
BRDA:209,16,1,0
BRDA:216,17,0,0
BRDA:216,17,1,0
BRDA:216,18,0,0
BRDA:216,18,1,0
BRDA:219,19,0,0
BRDA:219,19,1,0
BRDA:228,20,0,0
BRDA:228,20,1,0
BRDA:228,21,0,0
BRDA:228,21,1,0
BRDA:230,22,0,0
BRDA:230,22,1,0
BRDA:251,23,0,0
BRDA:251,23,1,0
BRDA:264,24,0,0
BRDA:264,24,1,0
BRDA:288,25,0,0
BRDA:288,25,1,0
BRDA:300,26,0,0
BRDA:300,26,1,0
BRDA:316,27,0,0
BRDA:316,27,1,0
BRDA:334,28,0,0
BRDA:334,28,1,0
BRDA:334,29,0,0
BRDA:334,29,1,0
BRDA:358,30,0,0
BRDA:358,30,1,0
BRDA:362,31,0,0
BRDA:362,31,1,0
BRDA:366,32,0,0
BRDA:366,32,1,0
BRDA:367,33,0,0
BRDA:367,33,1,0
BRDA:368,34,0,0
BRDA:368,34,1,0
BRDA:369,35,0,0
BRDA:369,35,1,0
BRDA:382,36,0,0
BRDA:382,36,1,0
BRDA:386,37,0,0
BRDA:386,37,1,0
BRDA:405,38,0,0
BRDA:405,38,1,0
BRDA:407,39,0,0
BRDA:407,39,1,0
BRDA:407,40,0,0
BRDA:407,40,1,0
BRDA:412,41,0,0
BRDA:412,41,1,0
BRDA:418,42,0,0
BRDA:418,42,1,0
BRDA:422,43,0,0
BRDA:422,43,1,0
BRF:88
BRH:0
end_of_record
TN:
SF:controllers\gamificationController.js
FN:9,(anonymous_0)
FN:27,(anonymous_1)
FN:28,(anonymous_2)
FN:58,(anonymous_3)
FN:63,(anonymous_4)
FN:80,(anonymous_5)
FN:90,(anonymous_6)
FN:93,(anonymous_7)
FN:122,(anonymous_8)
FN:143,(anonymous_9)
FN:148,(anonymous_10)
FN:162,(anonymous_11)
FN:171,(anonymous_12)
FN:185,(anonymous_13)
FN:189,(anonymous_14)
FN:195,(anonymous_15)
FN:205,(anonymous_16)
FNF:17
FNH:0
FNDA:0,(anonymous_0)
FNDA:0,(anonymous_1)
FNDA:0,(anonymous_2)
FNDA:0,(anonymous_3)
FNDA:0,(anonymous_4)
FNDA:0,(anonymous_5)
FNDA:0,(anonymous_6)
FNDA:0,(anonymous_7)
FNDA:0,(anonymous_8)
FNDA:0,(anonymous_9)
FNDA:0,(anonymous_10)
FNDA:0,(anonymous_11)
FNDA:0,(anonymous_12)
FNDA:0,(anonymous_13)
FNDA:0,(anonymous_14)
FNDA:0,(anonymous_15)
FNDA:0,(anonymous_16)
DA:1,0
DA:2,0
DA:3,0
DA:4,0
DA:5,0
DA:6,0
DA:9,0
DA:10,0
DA:11,0
DA:14,0
DA:15,0
DA:16,0
DA:20,0
DA:23,0
DA:24,0
DA:25,0
DA:26,0
DA:27,0
DA:28,0
DA:29,0
DA:30,0
DA:33,0
DA:36,0
DA:37,0
DA:38,0
DA:42,0
DA:52,0
DA:53,0
DA:58,0
DA:59,0
DA:60,0
DA:61,0
DA:63,0
DA:71,0
DA:73,0
DA:74,0
DA:80,0
DA:81,0
DA:82,0
DA:84,0
DA:90,0
DA:91,0
DA:93,0
DA:94,0
DA:95,0
DA:96,0
DA:97,0
DA:98,0
DA:99,0
DA:100,0
DA:102,0
DA:113,0
DA:115,0
DA:116,0
DA:122,0
DA:123,0
DA:124,0
DA:125,0
DA:126,0
DA:130,0
DA:132,0
DA:133,0
DA:134,0
DA:135,0
DA:136,0
DA:137,0
DA:138,0
DA:139,0
DA:141,0
DA:142,0
DA:143,0
DA:144,0
DA:145,0
DA:147,0
DA:148,0
DA:150,0
DA:152,0
DA:153,0
DA:154,0
DA:155,0
DA:156,0
DA:158,0
DA:161,0
DA:162,0
DA:163,0
DA:164,0
DA:165,0
DA:166,0
DA:167,0
DA:170,0
DA:171,0
DA:172,0
DA:173,0
DA:176,0
DA:178,0
DA:179,0
DA:180,0
DA:182,0
DA:184,0
DA:185,0
DA:186,0
DA:188,0
DA:189,0
DA:191,0
DA:195,0
DA:196,0
DA:199,0
DA:200,0
DA:205,0
DA:206,0
DA:207,0
DA:208,0
DA:209,0
DA:211,0
DA:212,0
DA:216,0
LF:116
LH:0
BRDA:15,0,0,0
BRDA:15,0,1,0
BRDA:23,1,0,0
BRDA:23,1,1,0
BRDA:25,2,0,0
BRDA:25,2,1,0
BRDA:25,3,0,0
BRDA:25,3,1,0
BRDA:25,3,2,0
BRDA:28,4,0,0
BRDA:28,4,1,0
BRDA:30,5,0,0
BRDA:30,5,1,0
BRDA:30,6,0,0
BRDA:30,6,1,0
BRDA:33,7,0,0
BRDA:33,7,1,0
BRDA:36,8,0,0
BRDA:36,8,1,0
BRDA:43,9,0,0
BRDA:43,9,1,0
BRDA:44,10,0,0
BRDA:44,10,1,0
BRDA:46,11,0,0
BRDA:46,11,1,0
BRDA:47,12,0,0
BRDA:47,12,1,0
BRDA:48,13,0,0
BRDA:48,13,1,0
BRDA:90,14,0,0
BRDA:90,14,1,0
BRDA:91,15,0,0
BRDA:91,15,1,0
BRDA:95,16,0,0
BRDA:95,16,1,0
BRDA:95,16,2,0
BRDA:95,16,3,0
BRDA:95,16,4,0
BRDA:96,17,0,0
BRDA:96,17,1,0
BRDA:97,18,0,0
BRDA:97,18,1,0
BRDA:98,19,0,0
BRDA:98,19,1,0
BRDA:99,20,0,0
BRDA:99,20,1,0
BRDA:100,21,0,0
BRDA:100,21,1,0
BRDA:125,22,0,0
BRDA:125,22,1,0
BRDA:130,23,0,0
BRDA:130,23,1,0
BRDA:150,24,0,0
BRDA:150,24,1,0
BRDA:167,25,0,0
BRDA:167,25,1,0
BRDA:173,26,0,0
BRDA:173,26,1,0
BRDA:176,27,0,0
BRDA:176,27,1,0
BRF:60
BRH:0
end_of_record
TN:
SF:controllers\jobController.js
FN:11,(anonymous_0)
FN:33,(anonymous_1)
FN:50,(anonymous_2)
FN:87,(anonymous_3)
FN:101,(anonymous_4)
FN:125,(anonymous_5)
FN:142,(anonymous_6)
FN:154,(anonymous_7)
FN:160,(anonymous_8)
FN:172,(anonymous_9)
FN:173,(anonymous_10)
FN:178,(anonymous_11)
FN:178,(anonymous_12)
FN:185,(anonymous_13)
FN:186,(anonymous_14)
FN:187,(anonymous_15)
FN:217,(anonymous_16)
FN:238,(anonymous_17)
FN:245,(anonymous_18)
FN:259,(anonymous_19)
FN:271,(anonymous_20)
FNF:21
FNH:0
FNDA:0,(anonymous_0)
FNDA:0,(anonymous_1)
FNDA:0,(anonymous_2)
FNDA:0,(anonymous_3)
FNDA:0,(anonymous_4)
FNDA:0,(anonymous_5)
FNDA:0,(anonymous_6)
FNDA:0,(anonymous_7)
FNDA:0,(anonymous_8)
FNDA:0,(anonymous_9)
FNDA:0,(anonymous_10)
FNDA:0,(anonymous_11)
FNDA:0,(anonymous_12)
FNDA:0,(anonymous_13)
FNDA:0,(anonymous_14)
FNDA:0,(anonymous_15)
FNDA:0,(anonymous_16)
FNDA:0,(anonymous_17)
FNDA:0,(anonymous_18)
FNDA:0,(anonymous_19)
FNDA:0,(anonymous_20)
DA:1,0
DA:2,0
DA:3,0
DA:4,0
DA:5,0
DA:6,0
DA:11,0
DA:12,0
DA:13,0
DA:14,0
DA:15,0
DA:17,0
DA:18,0
DA:20,0
DA:25,0
DA:26,0
DA:33,0
DA:34,0
DA:35,0
DA:36,0
DA:37,0
DA:39,0
DA:41,0
DA:42,0
DA:50,0
DA:51,0
DA:52,0
DA:53,0
DA:54,0
DA:57,0
DA:58,0
DA:62,0
DA:63,0
DA:64,0
DA:68,0
DA:74,0
DA:75,0
DA:77,0
DA:79,0
DA:80,0
DA:87,0
DA:88,0
DA:89,0
DA:90,0
DA:91,0
DA:93,0
DA:94,0
DA:101,0
DA:102,0
DA:103,0
DA:105,0
DA:106,0
DA:108,0
DA:112,0
DA:113,0
DA:115,0
DA:117,0
DA:118,0
DA:125,0
DA:126,0
DA:127,0
DA:128,0
DA:129,0
DA:131,0
DA:132,0
DA:134,0
DA:135,0
DA:142,0
DA:143,0
DA:144,0
DA:145,0
DA:148,0
DA:149,0
DA:150,0
DA:153,0
DA:154,0
DA:156,0
DA:158,0
DA:160,0
DA:161,0
DA:162,0
DA:163,0
DA:171,0
DA:172,0
DA:173,0
DA:177,0
DA:178,0
DA:179,0
DA:182,0
DA:185,0
DA:186,0
DA:187,0
DA:188,0
DA:189,0
DA:195,0
DA:201,0
DA:203,0
DA:209,0
DA:210,0
DA:217,0
DA:218,0
DA:219,0
DA:220,0
DA:221,0
DA:222,0
DA:223,0
DA:225,0
DA:231,0
DA:232,0
DA:238,0
DA:239,0
DA:240,0
DA:241,0
DA:242,0
DA:244,0
DA:245,0
DA:247,0
DA:249,0
DA:250,0
DA:252,0
DA:253,0
DA:259,0
DA:260,0
DA:261,0
DA:262,0
DA:263,0
DA:265,0
DA:271,0
DA:272,0
DA:273,0
DA:276,0
DA:278,0
DA:282,0
LF:133
LH:0
BRDA:13,0,0,0
BRDA:13,0,1,0
BRDA:14,1,0,0
BRDA:14,1,1,0
BRDA:36,2,0,0
BRDA:36,2,1,0
BRDA:53,3,0,0
BRDA:53,3,1,0
BRDA:57,4,0,0
BRDA:57,4,1,0
BRDA:57,5,0,0
BRDA:57,5,1,0
BRDA:63,6,0,0
BRDA:63,6,1,0
BRDA:112,7,0,0
BRDA:112,7,1,0
BRDA:128,8,0,0
BRDA:128,8,1,0
BRDA:144,9,0,0
BRDA:144,9,1,0
BRDA:144,10,0,0
BRDA:144,10,1,0
BRDA:149,11,0,0
BRDA:149,11,1,0
BRDA:153,12,0,0
BRDA:153,12,1,0
BRDA:189,13,0,0
BRDA:189,13,1,0
BRDA:189,13,2,0
BRDA:189,13,3,0
BRDA:189,13,4,0
BRDA:189,13,5,0
BRDA:244,14,0,0
BRDA:244,14,1,0
BRDA:263,15,0,0
BRDA:263,15,1,0
BRDA:276,16,0,0
BRDA:276,16,1,0
BRF:38
BRH:0
end_of_record
TN:
SF:controllers\learningProgressController.js
FN:8,(anonymous_0)
FN:13,(anonymous_1)
FN:14,(anonymous_2)
FN:21,(anonymous_3)
FN:30,(anonymous_4)
FN:43,(anonymous_5)
FN:68,(anonymous_6)
FN:123,(anonymous_7)
FNF:8
FNH:0
FNDA:0,(anonymous_0)
FNDA:0,(anonymous_1)
FNDA:0,(anonymous_2)
FNDA:0,(anonymous_3)
FNDA:0,(anonymous_4)
FNDA:0,(anonymous_5)
FNDA:0,(anonymous_6)
FNDA:0,(anonymous_7)
DA:1,0
DA:2,0
DA:3,0
DA:4,0
DA:5,0
DA:6,0
DA:8,0
DA:9,0
DA:10,0
DA:11,0
DA:13,0
DA:14,0
DA:16,0
DA:21,0
DA:25,0
DA:26,0
DA:30,0
DA:31,0
DA:32,0
DA:36,0
DA:38,0
DA:39,0
DA:43,0
DA:44,0
DA:45,0
DA:46,0
DA:48,0
DA:50,0
DA:51,0
DA:59,0
DA:61,0
DA:62,0
DA:63,0
DA:64,0
DA:65,0
DA:66,0
DA:67,0
DA:68,0
DA:69,0
DA:71,0
DA:72,0
DA:77,0
DA:80,0
DA:81,0
DA:83,0
DA:85,0
DA:86,0
DA:87,0
DA:89,0
DA:90,0
DA:93,0
DA:96,0
DA:98,0
DA:99,0
DA:100,0
DA:103,0
DA:104,0
DA:105,0
DA:106,0
DA:110,0
DA:112,0
DA:116,0
DA:118,0
DA:119,0
DA:123,0
DA:124,0
DA:125,0
DA:126,0
DA:128,0
DA:129,0
DA:131,0
DA:133,0
DA:135,0
DA:136,0
DA:139,0
DA:160,0
DA:161,0
DA:163,0
DA:166,0
DA:169,0
DA:170,0
LF:81
LH:0
BRDA:20,0,0,0
BRDA:20,0,1,0
BRDA:36,1,0,0
BRDA:36,1,1,0
BRDA:50,2,0,0
BRDA:50,2,1,0
BRDA:59,3,0,0
BRDA:59,3,1,0
BRDA:62,4,0,0
BRDA:62,4,1,0
BRDA:62,5,0,0
BRDA:62,5,1,0
BRDA:64,6,0,0
BRDA:64,6,1,0
BRDA:65,7,0,0
BRDA:65,7,1,0
BRDA:69,8,0,0
BRDA:69,8,1,0
BRDA:69,9,0,0
BRDA:69,9,1,0
BRDA:71,10,0,0
BRDA:71,10,1,0
BRDA:81,11,0,0
BRDA:81,11,1,0
BRDA:85,12,0,0
BRDA:85,12,1,0
BRDA:85,13,0,0
BRDA:85,13,1,0
BRDA:103,14,0,0
BRDA:103,14,1,0
BRDA:103,15,0,0
BRDA:103,15,1,0
BRDA:129,16,0,0
BRDA:129,16,1,0
BRDA:133,17,0,0
BRDA:133,17,1,0
BRDA:136,18,0,0
BRDA:136,18,1,0
BRDA:142,19,0,0
BRDA:142,19,1,0
BRDA:149,20,0,0
BRDA:149,20,1,0
BRDA:150,21,0,0
BRDA:150,21,1,0
BRF:44
BRH:0
end_of_record
TN:
SF:controllers\mentorController.js
FN:13,(anonymous_0)
FN:25,(anonymous_1)
FN:37,(anonymous_2)
FN:136,(anonymous_3)
FN:156,(anonymous_4)
FN:173,(anonymous_5)
FN:219,(anonymous_6)
FN:239,(anonymous_7)
FN:274,(anonymous_8)
FN:289,(anonymous_9)
FN:291,(anonymous_10)
FN:318,(anonymous_11)
FN:349,(anonymous_12)
FN:351,(anonymous_13)
FN:379,(anonymous_14)
FN:410,(anonymous_15)
FN:446,(anonymous_16)
FN:482,(anonymous_17)
FN:490,(anonymous_18)
FN:505,(anonymous_19)
FN:573,(anonymous_20)
FN:582,(anonymous_21)
FN:584,(anonymous_22)
FN:596,(anonymous_23)
FN:608,(anonymous_24)
FN:634,(anonymous_25)
FN:641,(anonymous_26)
FN:649,(anonymous_27)
FN:651,(anonymous_28)
FN:658,(anonymous_29)
FN:681,(anonymous_30)
FN:717,(anonymous_31)
FN:736,(anonymous_32)
FN:744,(anonymous_33)
FN:768,(anonymous_34)
FNF:35
FNH:3
FNDA:1,(anonymous_0)
FNDA:2,(anonymous_1)
FNDA:3,(anonymous_2)
FNDA:0,(anonymous_3)
FNDA:0,(anonymous_4)
FNDA:0,(anonymous_5)
FNDA:0,(anonymous_6)
FNDA:0,(anonymous_7)
FNDA:0,(anonymous_8)
FNDA:0,(anonymous_9)
FNDA:0,(anonymous_10)
FNDA:0,(anonymous_11)
FNDA:0,(anonymous_12)
FNDA:0,(anonymous_13)
FNDA:0,(anonymous_14)
FNDA:0,(anonymous_15)
FNDA:0,(anonymous_16)
FNDA:0,(anonymous_17)
FNDA:0,(anonymous_18)
FNDA:0,(anonymous_19)
FNDA:0,(anonymous_20)
FNDA:0,(anonymous_21)
FNDA:0,(anonymous_22)
FNDA:0,(anonymous_23)
FNDA:0,(anonymous_24)
FNDA:0,(anonymous_25)
FNDA:0,(anonymous_26)
FNDA:0,(anonymous_27)
FNDA:0,(anonymous_28)
FNDA:0,(anonymous_29)
FNDA:0,(anonymous_30)
FNDA:0,(anonymous_31)
FNDA:0,(anonymous_32)
FNDA:0,(anonymous_33)
FNDA:0,(anonymous_34)
DA:1,1
DA:2,1
DA:3,1
DA:4,1
DA:5,1
DA:6,1
DA:7,1
DA:8,1
DA:13,1
DA:14,1
DA:16,1
DA:25,2
DA:27,1
DA:29,0
DA:30,0
DA:37,1
DA:38,3
DA:39,3
DA:40,3
DA:42,3
DA:44,3
DA:45,1
DA:50,2
DA:51,2
DA:53,2
DA:54,1
DA:57,1
DA:58,0
DA:61,1
DA:63,1
DA:64,0
DA:68,1
DA:69,1
DA:71,1
DA:72,1
DA:73,1
DA:75,1
DA:76,0
DA:77,0
DA:78,0
DA:79,1
DA:81,0
DA:82,0
DA:84,1
DA:86,0
DA:87,0
DA:88,0
DA:89,0
DA:90,0
DA:92,0
DA:93,0
DA:96,1
DA:100,1
DA:101,1
DA:109,1
DA:110,0
DA:111,0
DA:112,0
DA:113,0
DA:114,0
DA:117,0
DA:118,0
DA:119,0
DA:121,0
DA:126,1
DA:128,0
DA:129,0
DA:136,1
DA:137,0
DA:138,0
DA:141,0
DA:142,0
DA:143,0
DA:147,0
DA:148,0
DA:149,0
DA:150,0
DA:151,0
DA:153,0
DA:154,0
DA:156,0
DA:158,0
DA:159,0
DA:162,0
DA:163,0
DA:164,0
DA:165,0
DA:166,0
DA:167,0
DA:171,0
DA:172,0
DA:173,0
DA:179,0
DA:181,0
DA:191,0
DA:192,0
DA:195,0
DA:196,0
DA:197,0
DA:200,0
DA:207,0
DA:209,0
DA:211,0
DA:212,0
DA:219,1
DA:220,0
DA:222,0
DA:229,0
DA:231,0
DA:232,0
DA:239,1
DA:240,0
DA:242,0
DA:247,0
DA:249,0
DA:250,0
DA:252,0
DA:254,0
DA:256,0
DA:258,0
DA:271,0
DA:274,0
DA:276,0
DA:277,0
DA:278,0
DA:279,0
DA:280,0
DA:284,0
DA:285,0
DA:286,0
DA:287,0
DA:289,0
DA:290,0
DA:291,0
DA:292,0
DA:293,0
DA:294,0
DA:300,0
DA:301,0
DA:305,0
DA:308,0
DA:310,0
DA:311,0
DA:318,1
DA:319,0
DA:320,0
DA:323,0
DA:328,0
DA:329,0
DA:332,0
DA:335,0
DA:336,0
DA:337,0
DA:338,0
DA:339,0
DA:340,0
DA:344,0
DA:345,0
DA:346,0
DA:347,0
DA:348,0
DA:349,0
DA:350,0
DA:351,0
DA:352,0
DA:353,0
DA:357,0
DA:360,0
DA:371,0
DA:372,0
DA:379,1
DA:380,0
DA:381,0
DA:384,0
DA:389,0
DA:390,0
DA:394,0
DA:396,0
DA:397,0
DA:400,0
DA:402,0
DA:403,0
DA:410,1
DA:411,0
DA:412,0
DA:415,0
DA:420,0
DA:421,0
DA:424,0
DA:426,0
DA:427,0
DA:436,0
DA:438,0
DA:439,0
DA:446,1
DA:447,0
DA:448,0
DA:449,0
DA:451,0
DA:452,0
DA:455,0
DA:460,0
DA:461,0
DA:464,0
DA:465,0
DA:466,0
DA:469,0
DA:470,0
DA:472,0
DA:474,0
DA:475,0
DA:482,1
DA:483,0
DA:484,0
DA:490,0
DA:491,0
DA:492,0
DA:495,0
DA:497,0
DA:498,0
DA:505,1
DA:506,0
DA:507,0
DA:509,0
DA:514,0
DA:515,0
DA:518,0
DA:521,0
DA:522,0
DA:525,0
DA:527,0
DA:528,0
DA:531,0
DA:532,0
DA:533,0
DA:534,0
DA:537,0
DA:538,0
DA:548,0
DA:550,0
DA:551,0
DA:561,0
DA:563,0
DA:565,0
DA:566,0
DA:573,1
DA:574,0
DA:576,0
DA:580,0
DA:582,0
DA:583,0
DA:584,0
DA:585,0
DA:596,0
DA:598,0
DA:600,0
DA:601,0
DA:608,1
DA:609,0
DA:610,0
DA:611,0
DA:612,0
DA:617,0
DA:619,0
DA:626,0
DA:627,0
DA:634,1
DA:635,0
DA:636,0
DA:639,0
DA:640,0
DA:641,0
DA:642,0
DA:644,0
DA:647,0
DA:648,0
DA:649,0
DA:650,0
DA:651,0
DA:656,0
DA:657,0
DA:658,0
DA:660,0
DA:661,0
DA:665,0
DA:667,0
DA:673,0
DA:674,0
DA:681,1
DA:682,0
DA:683,0
DA:685,0
DA:695,0
DA:697,0
DA:705,0
DA:707,0
DA:709,0
DA:710,0
DA:717,1
DA:718,0
DA:719,0
DA:722,0
DA:723,0
DA:724,0
DA:725,0
DA:726,0
DA:727,0
DA:728,0
DA:733,0
DA:735,0
DA:736,0
DA:737,0
DA:740,0
DA:741,0
DA:744,0
DA:752,0
DA:755,0
DA:756,0
DA:758,0
DA:760,0
DA:761,0
DA:768,1
DA:769,0
DA:770,0
DA:772,0
DA:774,0
DA:775,0
DA:778,0
DA:785,0
DA:786,0
DA:788,0
DA:796,0
DA:798,0
DA:799,0
DA:803,1
LF:335
LH:56
BRDA:44,0,0,1
BRDA:44,0,1,2
BRDA:53,1,0,1
BRDA:53,1,1,1
BRDA:53,2,0,2
BRDA:53,2,1,1
BRDA:57,3,0,0
BRDA:57,3,1,1
BRDA:63,4,0,0
BRDA:63,4,1,1
BRDA:63,5,0,1
BRDA:63,5,1,0
BRDA:71,6,0,1
BRDA:71,6,1,0
BRDA:72,7,0,1
BRDA:72,7,1,0
BRDA:75,8,0,0
BRDA:75,8,1,1
BRDA:77,9,0,0
BRDA:77,9,1,0
BRDA:77,10,0,0
BRDA:77,10,1,0
BRDA:79,11,0,0
BRDA:79,11,1,1
BRDA:86,12,0,0
BRDA:86,12,1,0
BRDA:87,13,0,0
BRDA:87,13,1,0
BRDA:89,14,0,0
BRDA:89,14,1,0
BRDA:89,15,0,0
BRDA:89,15,1,0
BRDA:92,16,0,0
BRDA:92,16,1,0
BRDA:100,17,0,1
BRDA:100,17,1,0
BRDA:103,18,0,1
BRDA:103,18,1,0
BRDA:103,19,0,0
BRDA:103,19,1,0
BRDA:105,20,0,1
BRDA:105,20,1,0
BRDA:105,21,0,0
BRDA:105,21,1,0
BRDA:109,22,0,0
BRDA:109,22,1,1
BRDA:142,23,0,0
BRDA:142,23,1,0
BRDA:148,24,0,0
BRDA:148,24,1,0
BRDA:148,25,0,0
BRDA:148,25,1,0
BRDA:148,25,2,0
BRDA:148,25,3,0
BRDA:150,26,0,0
BRDA:150,26,1,0
BRDA:158,27,0,0
BRDA:158,27,1,0
BRDA:163,28,0,0
BRDA:163,28,1,0
BRDA:163,29,0,0
BRDA:163,29,1,0
BRDA:165,30,0,0
BRDA:165,30,1,0
BRDA:165,31,0,0
BRDA:165,31,1,0
BRDA:171,32,0,0
BRDA:171,32,1,0
BRDA:179,33,0,0
BRDA:179,33,1,0
BRDA:188,34,0,0
BRDA:188,34,1,0
BRDA:196,35,0,0
BRDA:196,35,1,0
BRDA:250,36,0,0
BRDA:250,36,1,0
BRDA:254,37,0,0
BRDA:254,37,1,0
BRDA:277,38,0,0
BRDA:277,38,1,0
BRDA:277,39,0,0
BRDA:277,39,1,0
BRDA:277,39,2,0
BRDA:279,40,0,0
BRDA:279,40,1,0
BRDA:279,41,0,0
BRDA:279,41,1,0
BRDA:279,41,2,0
BRDA:285,42,0,0
BRDA:285,42,1,0
BRDA:285,43,0,0
BRDA:285,43,1,0
BRDA:290,44,0,0
BRDA:290,44,1,0
BRDA:293,45,0,0
BRDA:293,45,1,0
BRDA:293,46,0,0
BRDA:293,46,1,0
BRDA:300,47,0,0
BRDA:300,47,1,0
BRDA:328,48,0,0
BRDA:328,48,1,0
BRDA:328,49,0,0
BRDA:328,49,1,0
BRDA:337,50,0,0
BRDA:337,50,1,0
BRDA:337,51,0,0
BRDA:337,51,1,0
BRDA:337,51,2,0
BRDA:339,52,0,0
BRDA:339,52,1,0
BRDA:339,53,0,0
BRDA:339,53,1,0
BRDA:339,53,2,0
BRDA:346,54,0,0
BRDA:346,54,1,0
BRDA:346,55,0,0
BRDA:346,55,1,0
BRDA:350,56,0,0
BRDA:350,56,1,0
BRDA:353,57,0,0
BRDA:353,57,1,0
BRDA:353,58,0,0
BRDA:353,58,1,0
BRDA:357,59,0,0
BRDA:357,59,1,0
BRDA:389,60,0,0
BRDA:389,60,1,0
BRDA:396,61,0,0
BRDA:396,61,1,0
BRDA:420,62,0,0
BRDA:420,62,1,0
BRDA:426,63,0,0
BRDA:426,63,1,0
BRDA:451,64,0,0
BRDA:451,64,1,0
BRDA:460,65,0,0
BRDA:460,65,1,0
BRDA:465,66,0,0
BRDA:465,66,1,0
BRDA:514,67,0,0
BRDA:514,67,1,0
BRDA:521,68,0,0
BRDA:521,68,1,0
BRDA:521,69,0,0
BRDA:521,69,1,0
BRDA:527,70,0,0
BRDA:527,70,1,0
BRDA:548,71,0,0
BRDA:548,71,1,0
BRDA:583,72,0,0
BRDA:583,72,1,0
BRDA:583,73,0,0
BRDA:583,73,1,0
BRDA:583,73,2,0
BRDA:642,74,0,0
BRDA:642,74,1,0
BRDA:650,75,0,0
BRDA:650,75,1,0
BRDA:660,76,0,0
BRDA:660,76,1,0
BRDA:690,77,0,0
BRDA:690,77,1,0
BRDA:723,78,0,0
BRDA:723,78,1,0
BRDA:726,79,0,0
BRDA:726,79,1,0
BRDA:737,80,0,0
BRDA:737,80,1,0
BRDA:740,81,0,0
BRDA:740,81,1,0
BRDA:774,82,0,0
BRDA:774,82,1,0
BRF:173
BRH:17
end_of_record
TN:
SF:controllers\mistakeController.js
FN:7,(anonymous_0)
FN:20,(anonymous_1)
FN:53,(anonymous_2)
FN:79,(anonymous_3)
FN:105,(anonymous_4)
FNF:5
FNH:0
FNDA:0,(anonymous_0)
FNDA:0,(anonymous_1)
FNDA:0,(anonymous_2)
FNDA:0,(anonymous_3)
FNDA:0,(anonymous_4)
DA:1,0
DA:2,0
DA:7,0
DA:8,0
DA:9,0
DA:10,0
DA:12,0
DA:13,0
DA:20,0
DA:21,0
DA:22,0
DA:25,0
DA:27,0
DA:28,0
DA:29,0
DA:31,0
DA:40,0
DA:43,0
DA:45,0
DA:46,0
DA:53,0
DA:54,0
DA:55,0
DA:56,0
DA:57,0
DA:59,0
DA:60,0
DA:63,0
DA:69,0
DA:71,0
DA:72,0
DA:79,0
DA:80,0
DA:81,0
DA:82,0
DA:83,0
DA:85,0
DA:86,0
DA:89,0
DA:95,0
DA:97,0
DA:98,0
DA:105,0
DA:106,0
DA:108,0
DA:114,0
DA:116,0
DA:122,0
DA:123,0
DA:127,0
LF:50
LH:0
BRDA:27,0,0,0
BRDA:27,0,1,0
BRDA:35,1,0,0
BRDA:35,1,1,0
BRDA:36,2,0,0
BRDA:36,2,1,0
BRDA:37,3,0,0
BRDA:37,3,1,0
BRDA:38,4,0,0
BRDA:38,4,1,0
BRDA:56,5,0,0
BRDA:56,5,1,0
BRDA:59,6,0,0
BRDA:59,6,1,0
BRDA:82,7,0,0
BRDA:82,7,1,0
BRDA:85,8,0,0
BRDA:85,8,1,0
BRF:18
BRH:0
end_of_record
TN:
SF:controllers\notificationController.js
FN:6,(anonymous_0)
FN:21,(anonymous_1)
FN:47,(anonymous_2)
FNF:3
FNH:0
FNDA:0,(anonymous_0)
FNDA:0,(anonymous_1)
FNDA:0,(anonymous_2)
DA:1,0
DA:6,0
DA:7,0
DA:8,0
DA:11,0
DA:13,0
DA:14,0
DA:21,0
DA:22,0
DA:23,0
DA:25,0
DA:26,0
DA:30,0
DA:31,0
DA:34,0
DA:35,0
DA:37,0
DA:39,0
DA:40,0
DA:47,0
DA:48,0
DA:49,0
DA:53,0
DA:55,0
DA:56,0
DA:60,0
LF:26
LH:0
BRDA:25,0,0,0
BRDA:25,0,1,0
BRDA:30,1,0,0
BRDA:30,1,1,0
BRF:4
BRH:0
end_of_record
TN:
SF:controllers\profileController.js
FN:8,(anonymous_0)
FN:26,(anonymous_1)
FN:47,(anonymous_2)
FN:49,(anonymous_3)
FN:51,(anonymous_4)
FN:90,(anonymous_5)
FN:116,(anonymous_6)
FNF:7
FNH:2
FNDA:3,(anonymous_0)
FNDA:2,(anonymous_1)
FNDA:0,(anonymous_2)
FNDA:0,(anonymous_3)
FNDA:0,(anonymous_4)
FNDA:0,(anonymous_5)
FNDA:0,(anonymous_6)
DA:1,2
DA:2,2
DA:3,2
DA:8,2
DA:9,3
DA:10,3
DA:12,3
DA:13,1
DA:16,2
DA:18,0
DA:19,0
DA:26,2
DA:40,2
DA:43,2
DA:44,2
DA:47,2
DA:48,0
DA:49,0
DA:50,0
DA:51,0
DA:52,0
DA:54,0
DA:58,2
DA:59,2
DA:60,2
DA:61,2
DA:62,2
DA:63,2
DA:64,2
DA:65,2
DA:66,2
DA:67,2
DA:68,2
DA:69,2
DA:71,2
DA:72,2
DA:74,2
DA:76,1
DA:83,1
DA:84,0
DA:88,1
DA:89,1
DA:90,1
DA:93,1
DA:97,1
DA:98,1
DA:101,1
DA:102,0
DA:105,1
DA:108,0
DA:109,0
DA:116,2
DA:117,0
DA:118,0
DA:120,0
DA:122,0
DA:124,0
DA:125,0
DA:126,0
DA:128,0
DA:132,2
LF:61
LH:41
BRDA:12,0,0,1
BRDA:12,0,1,2
BRDA:48,1,0,0
BRDA:48,1,1,0
BRDA:48,2,0,0
BRDA:48,2,1,0
BRDA:52,3,0,0
BRDA:52,3,1,0
BRDA:58,4,0,2
BRDA:58,4,1,0
BRDA:59,5,0,1
BRDA:59,5,1,1
BRDA:60,6,0,0
BRDA:60,6,1,2
BRDA:61,7,0,1
BRDA:61,7,1,1
BRDA:62,8,0,0
BRDA:62,8,1,2
BRDA:63,9,0,0
BRDA:63,9,1,2
BRDA:64,10,0,0
BRDA:64,10,1,2
BRDA:65,11,0,0
BRDA:65,11,1,2
BRDA:66,12,0,0
BRDA:66,12,1,2
BRDA:67,13,0,0
BRDA:67,13,1,2
BRDA:68,14,0,0
BRDA:68,14,1,2
BRDA:69,15,0,0
BRDA:69,15,1,2
BRDA:74,16,0,1
BRDA:74,16,1,1
BRDA:83,17,0,0
BRDA:83,17,1,1
BRDA:88,18,0,1
BRDA:88,18,1,1
BRDA:88,18,2,1
BRDA:89,19,0,1
BRDA:89,19,1,0
BRDA:101,20,0,0
BRDA:101,20,1,1
BRDA:120,21,0,0
BRDA:120,21,1,0
BRDA:125,22,0,0
BRDA:125,22,1,0
BRF:47
BRH:24
end_of_record
TN:
SF:controllers\resourcesController.js
FN:6,(anonymous_0)
FNF:1
FNH:0
FNDA:0,(anonymous_0)
DA:1,0
DA:6,0
DA:7,0
DA:8,0
DA:9,0
DA:11,0
DA:12,0
DA:16,0
LF:8
LH:0
BRF:0
BRH:0
end_of_record
TN:
SF:controllers\settingsController.js
FN:5,(anonymous_0)
FN:18,(anonymous_1)
FN:30,(anonymous_2)
FNF:3
FNH:0
FNDA:0,(anonymous_0)
FNDA:0,(anonymous_1)
FNDA:0,(anonymous_2)
DA:1,0
DA:2,0
DA:5,0
DA:6,0
DA:7,0
DA:14,0
DA:18,0
DA:19,0
DA:20,0
DA:21,0
DA:22,0
DA:24,0
DA:26,0
DA:30,0
DA:31,0
DA:32,0
DA:33,0
DA:34,0
DA:38,0
DA:39,0
DA:40,0
DA:42,0
DA:43,0
DA:47,0
DA:48,0
DA:49,0
DA:50,0
DA:51,0
DA:53,0
DA:56,0
DA:57,0
DA:60,0
DA:62,0
DA:63,0
DA:67,0
LF:35
LH:0
BRDA:21,0,0,0
BRDA:21,0,1,0
BRDA:33,1,0,0
BRDA:33,1,1,0
BRDA:39,2,0,0
BRDA:39,2,1,0
BRDA:39,3,0,0
BRDA:39,3,1,0
BRDA:42,4,0,0
BRDA:42,4,1,0
BRDA:42,5,0,0
BRDA:42,5,1,0
BRDA:47,6,0,0
BRDA:47,6,1,0
BRDA:48,7,0,0
BRDA:48,7,1,0
BRDA:49,8,0,0
BRDA:49,8,1,0
BRDA:50,9,0,0
BRDA:50,9,1,0
BRDA:56,10,0,0
BRDA:56,10,1,0
BRF:22
BRH:0
end_of_record
TN:
SF:controllers\skillController.js
FN:10,escapeRegex
FN:17,(anonymous_1)
FN:64,(anonymous_2)
FN:136,(anonymous_3)
FN:239,(anonymous_4)
FN:265,(anonymous_5)
FN:266,(anonymous_6)
FN:275,(anonymous_7)
FN:276,(anonymous_8)
FN:282,(anonymous_9)
FN:285,(anonymous_10)
FN:351,(anonymous_11)
FNF:12
FNH:1
FNDA:0,escapeRegex
FNDA:3,(anonymous_1)
FNDA:0,(anonymous_2)
FNDA:0,(anonymous_3)
FNDA:0,(anonymous_4)
FNDA:0,(anonymous_5)
FNDA:0,(anonymous_6)
FNDA:0,(anonymous_7)
FNDA:0,(anonymous_8)
FNDA:0,(anonymous_9)
FNDA:0,(anonymous_10)
FNDA:0,(anonymous_11)
DA:1,1
DA:2,1
DA:3,1
DA:4,1
DA:5,1
DA:6,1
DA:7,1
DA:11,0
DA:17,1
DA:18,3
DA:19,3
DA:20,3
DA:23,3
DA:28,3
DA:30,3
DA:31,0
DA:32,0
DA:36,3
DA:37,3
DA:42,3
DA:43,1
DA:44,1
DA:49,2
DA:50,2
DA:51,2
DA:52,2
DA:55,2
DA:59,2
DA:60,0
DA:61,0
DA:64,0
DA:66,0
DA:80,2
DA:83,0
DA:87,2
DA:90,2
DA:118,2
DA:120,2
DA:121,2
DA:124,2
DA:125,2
DA:126,2
DA:130,1
DA:131,1
DA:133,1
DA:134,0
DA:135,0
DA:136,0
DA:139,1
DA:140,1
DA:145,2
DA:147,2
DA:148,1
DA:150,1
DA:185,1
DA:190,2
DA:191,2
DA:192,2
DA:195,2
DA:197,2
DA:198,1
DA:199,1
DA:205,1
DA:208,0
DA:209,0
DA:213,1
DA:214,1
DA:215,1
DA:216,1
DA:222,1
DA:224,0
DA:229,1
DA:231,0
DA:232,0
DA:239,1
DA:240,0
DA:241,0
DA:242,0
DA:243,0
DA:247,0
DA:250,0
DA:251,0
DA:252,0
DA:254,0
DA:258,0
DA:259,0
DA:261,0
DA:264,0
DA:265,0
DA:266,0
DA:267,0
DA:270,0
DA:273,0
DA:275,0
DA:276,0
DA:281,0
DA:282,0
DA:283,0
DA:284,0
DA:285,0
DA:289,0
DA:290,0
DA:291,0
DA:293,0
DA:294,0
DA:295,0
DA:297,0
DA:298,0
DA:300,0
DA:307,0
DA:308,0
DA:309,0
DA:310,0
DA:311,0
DA:315,0
DA:316,0
DA:317,0
DA:325,0
DA:334,0
DA:339,0
DA:341,0
DA:343,0
DA:344,0
DA:351,1
DA:352,0
DA:353,0
DA:354,0
DA:356,0
DA:357,0
DA:358,0
DA:361,0
DA:362,0
DA:363,0
DA:367,0
DA:368,0
DA:369,0
DA:370,0
DA:371,0
DA:372,0
DA:373,0
DA:374,0
DA:377,0
DA:380,0
DA:381,0
DA:384,0
DA:385,0
DA:387,0
DA:388,0
DA:392,1
LF:149
LH:61
BRDA:7,0,0,1
BRDA:7,0,1,0
BRDA:23,1,0,3
BRDA:23,1,1,0
BRDA:23,1,2,0
BRDA:23,1,3,0
BRDA:23,1,4,0
BRDA:26,2,0,0
BRDA:26,2,1,0
BRDA:30,3,0,0
BRDA:30,3,1,3
BRDA:36,4,0,3
BRDA:36,4,1,0
BRDA:36,5,0,3
BRDA:36,5,1,3
BRDA:42,6,0,1
BRDA:42,6,1,2
BRDA:59,7,0,0
BRDA:59,7,1,2
BRDA:61,8,0,0
BRDA:61,8,1,0
BRDA:133,9,0,0
BRDA:133,9,1,1
BRDA:133,10,0,1
BRDA:133,10,1,0
BRDA:147,11,0,1
BRDA:147,11,1,1
BRDA:197,12,0,1
BRDA:197,12,1,1
BRDA:214,13,0,1
BRDA:214,13,1,0
BRDA:242,14,0,0
BRDA:242,14,1,0
BRDA:261,15,0,0
BRDA:261,15,1,0
BRDA:261,16,0,0
BRDA:261,16,1,0
BRDA:267,17,0,0
BRDA:267,17,1,0
BRDA:285,18,0,0
BRDA:285,18,1,0
BRDA:285,19,0,0
BRDA:285,19,1,0
BRDA:285,20,0,0
BRDA:285,20,1,0
BRDA:295,21,0,0
BRDA:295,21,1,0
BRDA:310,22,0,0
BRDA:310,22,1,0
BRDA:310,23,0,0
BRDA:310,23,1,0
BRDA:315,24,0,0
BRDA:315,24,1,0
BRDA:357,25,0,0
BRDA:357,25,1,0
BRDA:362,26,0,0
BRDA:362,26,1,0
BRDA:371,27,0,0
BRDA:371,27,1,0
BRDA:377,28,0,0
BRDA:377,28,1,0
BRDA:380,29,0,0
BRDA:380,29,1,0
BRF:63
BRH:16
end_of_record
TN:
SF:controllers\userController.js
FN:6,(anonymous_0)
FN:27,(anonymous_1)
FNF:2
FNH:0
FNDA:0,(anonymous_0)
FNDA:0,(anonymous_1)
DA:1,0
DA:6,0
DA:7,0
DA:8,0
DA:9,0
DA:19,0
DA:20,0
DA:27,0
DA:28,0
DA:29,0
DA:31,0
DA:32,0
DA:35,0
DA:36,0
DA:38,0
DA:39,0
DA:41,0
DA:42,0
DA:45,0
DA:47,0
DA:56,0
DA:59,0
DA:60,0
DA:64,0
LF:24
LH:0
BRDA:31,0,0,0
BRDA:31,0,1,0
BRDA:32,1,0,0
BRDA:32,1,1,0
BRDA:35,2,0,0
BRDA:35,2,1,0
BRDA:38,3,0,0
BRDA:38,3,1,0
BRDA:41,4,0,0
BRDA:41,4,1,0
BRF:10
BRH:0
end_of_record
TN:
SF:routes\adminRoutes.js
FNF:0
FNH:0
DA:1,0
DA:2,0
DA:3,0
DA:4,0
DA:23,0
DA:24,0
DA:26,0
DA:27,0
DA:29,0
DA:30,0
DA:31,0
DA:32,0
DA:33,0
DA:35,0
DA:36,0
DA:37,0
DA:38,0
DA:39,0
DA:41,0
DA:42,0
DA:44,0
DA:48,0
DA:50,0
DA:54,0
DA:55,0
DA:57,0
LF:26
LH:0
BRF:0
BRH:0
end_of_record
TN:
SF:routes\aiAssistant.js
FNF:0
FNH:0
DA:5,0
DA:6,0
DA:7,0
DA:8,0
DA:12,0
DA:14,0
LF:6
LH:0
BRF:0
BRH:0
end_of_record
TN:
SF:routes\auth.js
FNF:0
FNH:0
DA:1,1
DA:2,1
DA:3,1
DA:4,1
DA:6,1
DA:7,1
DA:8,1
DA:9,1
DA:10,1
DA:11,1
DA:12,1
DA:14,1
LF:12
LH:12
BRF:0
BRH:0
end_of_record
TN:
SF:routes\careerRoutes.js
FNF:0
FNH:0
DA:1,0
DA:2,0
DA:3,0
DA:4,0
DA:5,0
DA:6,0
DA:8,0
DA:17,0
DA:22,0
DA:25,0
DA:26,0
DA:27,0
DA:29,0
LF:13
LH:0
BRF:0
BRH:0
end_of_record
TN:
SF:routes\community.js
FNF:0
FNH:0
DA:1,0
DA:2,0
DA:3,0
DA:4,0
DA:5,0
DA:7,0
DA:8,0
DA:9,0
DA:12,0
DA:14,0
LF:10
LH:0
BRF:0
BRH:0
end_of_record
TN:
SF:routes\courses.js
FNF:0
FNH:0
DA:1,0
DA:2,0
DA:3,0
DA:4,0
DA:16,0
DA:18,0
DA:19,0
DA:20,0
DA:21,0
DA:22,0
DA:23,0
DA:24,0
DA:27,0
DA:28,0
DA:29,0
DA:32,0
DA:33,0
DA:34,0
DA:37,0
DA:38,0
DA:39,0
DA:41,0
LF:22
LH:0
BRF:0
BRH:0
end_of_record
TN:
SF:routes\gamification.js
FNF:0
FNH:0
DA:1,0
DA:2,0
DA:3,0
DA:10,0
DA:12,0
DA:13,0
DA:14,0
DA:15,0
DA:16,0
DA:18,0
LF:10
LH:0
BRF:0
BRH:0
end_of_record
TN:
SF:routes\jobs.js
FNF:0
FNH:0
DA:1,0
DA:2,0
DA:3,0
DA:4,0
DA:5,0
DA:7,0
DA:8,0
DA:9,0
DA:10,0
DA:11,0
DA:12,0
DA:13,0
DA:14,0
DA:17,0
DA:18,0
DA:19,0
DA:21,0
LF:17
LH:0
BRF:0
BRH:0
end_of_record
TN:
SF:routes\learningProgressRoutes.js
FNF:0
FNH:0
DA:1,0
DA:2,0
DA:3,0
DA:9,0
DA:11,0
DA:12,0
DA:13,0
DA:14,0
DA:16,0
LF:9
LH:0
BRF:0
BRH:0
end_of_record
TN:
SF:routes\mentors.js
FNF:0
FNH:0
DA:1,0
DA:2,0
DA:3,0
DA:22,0
DA:24,0
DA:25,0
DA:26,0
DA:27,0
DA:28,0
DA:29,0
DA:30,0
DA:31,0
DA:34,0
DA:35,0
DA:36,0
DA:37,0
DA:38,0
DA:39,0
DA:40,0
DA:41,0
DA:42,0
DA:44,0
LF:22
LH:0
BRF:0
BRH:0
end_of_record
TN:
SF:routes\mistakes.js
FNF:0
FNH:0
DA:1,0
DA:2,0
DA:3,0
DA:4,0
DA:7,0
DA:8,0
DA:9,0
DA:10,0
DA:11,0
DA:13,0
LF:10
LH:0
BRF:0
BRH:0
end_of_record
TN:
SF:routes\notifications.js
FNF:0
FNH:0
DA:1,0
DA:2,0
DA:3,0
DA:4,0
DA:6,0
DA:8,0
DA:9,0
DA:10,0
DA:12,0
LF:9
LH:0
BRF:0
BRH:0
end_of_record
TN:
SF:routes\profile.js
FNF:0
FNH:0
DA:1,1
DA:2,1
DA:3,1
DA:8,1
DA:13,1
DA:18,1
DA:23,1
DA:25,1
LF:8
LH:8
BRF:0
BRH:0
end_of_record
TN:
SF:routes\resources.js
FNF:0
FNH:0
DA:1,0
DA:2,0
DA:3,0
DA:5,0
DA:7,0
LF:5
LH:0
BRF:0
BRH:0
end_of_record
TN:
SF:routes\skills.js
FNF:0
FNH:0
DA:1,0
DA:2,0
DA:3,0
DA:4,0
DA:6,0
DA:7,0
DA:8,0
DA:10,0
LF:8
LH:0
BRF:0
BRH:0
end_of_record
TN:
SF:routes\upload.js
FN:15,(anonymous_0)
FN:18,(anonymous_1)
FN:28,(anonymous_2)
FN:49,(anonymous_3)
FNF:4
FNH:0
FNDA:0,(anonymous_0)
FNDA:0,(anonymous_1)
FNDA:0,(anonymous_2)
FNDA:0,(anonymous_3)
DA:1,0
DA:2,0
DA:3,0
DA:4,0
DA:5,0
DA:8,0
DA:9,0
DA:10,0
DA:14,0
DA:16,0
DA:20,0
DA:21,0
DA:25,0
DA:29,0
DA:30,0
DA:31,0
DA:33,0
DA:34,0
DA:36,0
DA:40,0
DA:41,0
DA:42,0
DA:49,0
DA:50,0
DA:51,0
DA:52,0
DA:55,0
DA:56,0
DA:59,0
DA:66,0
DA:67,0
DA:70,0
DA:78,0
DA:83,0
DA:84,0
DA:88,0
LF:36
LH:0
BRDA:9,0,0,0
BRDA:9,0,1,0
BRDA:33,1,0,0
BRDA:33,1,1,0
BRDA:33,2,0,0
BRDA:33,2,1,0
BRDA:51,3,0,0
BRDA:51,3,1,0
BRDA:59,4,0,0
BRDA:59,4,1,0
BRF:10
BRH:0
end_of_record
TN:
SF:routes\users.js
FNF:0
FNH:0
DA:1,0
DA:2,0
DA:3,0
DA:4,0
DA:6,0
DA:7,0
DA:9,0
LF:7
LH:0
BRF:0
BRH:0
end_of_record
TN:
SF:services\achievementEngine.js
FN:22,seedBadges
FN:42,checkAndUnlockBadges
FN:50,(anonymous_2)
FNF:3
FNH:0
FNDA:0,seedBadges
FNDA:0,checkAndUnlockBadges
FNDA:0,(anonymous_2)
DA:1,0
DA:2,0
DA:3,0
DA:8,0
DA:23,0
DA:24,0
DA:25,0
DA:31,0
DA:33,0
DA:43,0
DA:44,0
DA:45,0
DA:46,0
DA:48,0
DA:49,0
DA:50,0
DA:52,0
DA:53,0
DA:55,0
DA:56,0
DA:57,0
DA:58,0
DA:59,0
DA:60,0
DA:61,0
DA:62,0
DA:65,0
DA:66,0
DA:67,0
DA:68,0
DA:70,0
DA:75,0
DA:77,0
DA:80,0
LF:34
LH:0
BRDA:46,0,0,0
BRDA:46,0,1,0
BRDA:53,1,0,0
BRDA:53,1,1,0
BRDA:56,2,0,0
BRDA:56,2,1,0
BRDA:56,2,2,0
BRDA:56,2,3,0
BRDA:56,2,4,0
BRDA:56,2,5,0
BRDA:57,3,0,0
BRDA:57,3,1,0
BRDA:58,4,0,0
BRDA:58,4,1,0
BRDA:59,5,0,0
BRDA:59,5,1,0
BRDA:60,6,0,0
BRDA:60,6,1,0
BRDA:61,7,0,0
BRDA:61,7,1,0
BRDA:65,8,0,0
BRDA:65,8,1,0
BRDA:70,9,0,0
BRDA:70,9,1,0
BRF:24
BRH:0
end_of_record
TN:
SF:services\aiRouter.service.js
FN:20,routeAIRequest
FNF:1
FNH:0
FNDA:0,routeAIRequest
DA:7,0
DA:8,0
DA:10,0
DA:21,0
DA:24,0
DA:28,0
DA:29,0
DA:30,0
DA:31,0
DA:33,0
DA:36,0
DA:37,0
DA:38,0
DA:39,0
DA:40,0
DA:41,0
DA:42,0
DA:43,0
DA:44,0
DA:46,0
DA:47,0
DA:52,0
LF:22
LH:0
BRDA:21,0,0,0
BRDA:21,0,1,0
BRDA:37,1,0,0
BRDA:37,1,1,0
BRF:4
BRH:0
end_of_record
TN:
SF:services\careerPrediction.service.js
FN:10,normalizeSkill
FN:25,calculateCareerScore
FN:34,(anonymous_2)
FN:58,(anonymous_3)
FN:92,(anonymous_4)
FN:99,(anonymous_5)
FN:101,(anonymous_6)
FN:103,(anonymous_7)
FN:126,generatePredictionExplanation
FN:146,(anonymous_9)
FN:161,(anonymous_10)
FN:164,(anonymous_11)
FN:180,(anonymous_12)
FN:189,(anonymous_13)
FN:194,(anonymous_14)
FN:202,(anonymous_15)
FNF:16
FNH:0
FNDA:0,normalizeSkill
FNDA:0,calculateCareerScore
FNDA:0,(anonymous_2)
FNDA:0,(anonymous_3)
FNDA:0,(anonymous_4)
FNDA:0,(anonymous_5)
FNDA:0,(anonymous_6)
FNDA:0,(anonymous_7)
FNDA:0,generatePredictionExplanation
FNDA:0,(anonymous_9)
FNDA:0,(anonymous_10)
FNDA:0,(anonymous_11)
FNDA:0,(anonymous_12)
FNDA:0,(anonymous_13)
FNDA:0,(anonymous_14)
FNDA:0,(anonymous_15)
DA:1,0
DA:2,0
DA:3,0
DA:4,0
DA:5,0
DA:11,0
DA:12,0
DA:26,0
DA:29,0
DA:30,0
DA:31,0
DA:32,0
DA:34,0
DA:35,0
DA:36,0
DA:38,0
DA:42,0
DA:43,0
DA:44,0
DA:46,0
DA:48,0
DA:49,0
DA:52,0
DA:53,0
DA:54,0
DA:55,0
DA:56,0
DA:57,0
DA:58,0
DA:60,0
DA:61,0
DA:64,0
DA:67,0
DA:71,0
DA:72,0
DA:75,0
DA:76,0
DA:77,0
DA:78,0
DA:79,0
DA:80,0
DA:81,0
DA:82,0
DA:83,0
DA:84,0
DA:86,0
DA:88,0
DA:91,0
DA:92,0
DA:93,0
DA:94,0
DA:98,0
DA:99,0
DA:100,0
DA:101,0
DA:102,0
DA:103,0
DA:104,0
DA:106,0
DA:109,0
DA:110,0
DA:114,0
DA:127,0
DA:134,0
DA:135,0
DA:136,0
DA:138,0
DA:139,0
DA:146,0
DA:148,0
DA:149,0
DA:150,0
DA:151,0
DA:155,0
DA:156,0
DA:157,0
DA:159,0
DA:160,0
DA:161,0
DA:162,0
DA:163,0
DA:164,0
DA:167,0
DA:168,0
DA:173,0
DA:174,0
DA:180,0
DA:183,0
DA:184,0
DA:185,0
DA:189,0
DA:190,0
DA:194,0
DA:195,0
DA:198,0
DA:201,0
DA:203,0
DA:204,0
DA:211,0
LF:99
LH:0
BRDA:11,0,0,0
BRDA:11,0,1,0
BRDA:29,1,0,0
BRDA:29,1,1,0
BRDA:30,2,0,0
BRDA:30,2,1,0
BRDA:35,3,0,0
BRDA:35,3,1,0
BRDA:43,4,0,0
BRDA:43,4,1,0
BRDA:54,5,0,0
BRDA:54,5,1,0
BRDA:58,6,0,0
BRDA:58,6,1,0
BRDA:60,7,0,0
BRDA:60,7,1,0
BRDA:60,8,0,0
BRDA:60,8,1,0
BRDA:60,8,2,0
BRDA:77,9,0,0
BRDA:77,9,1,0
BRDA:79,10,0,0
BRDA:79,10,1,0
BRDA:81,11,0,0
BRDA:81,11,1,0
BRDA:83,12,0,0
BRDA:83,12,1,0
BRDA:93,13,0,0
BRDA:93,13,1,0
BRDA:101,14,0,0
BRDA:101,14,1,0
BRDA:103,15,0,0
BRDA:103,15,1,0
BRDA:110,16,0,0
BRDA:110,16,1,0
BRDA:112,17,0,0
BRDA:112,17,1,0
BRDA:128,18,0,0
BRDA:128,18,1,0
BRDA:130,19,0,0
BRDA:130,19,1,0
BRDA:136,20,0,0
BRDA:136,20,1,0
BRDA:149,21,0,0
BRDA:149,21,1,0
BRDA:157,22,0,0
BRDA:157,22,1,0
BRDA:157,23,0,0
BRDA:157,23,1,0
BRDA:162,24,0,0
BRDA:162,24,1,0
BRDA:167,25,0,0
BRDA:167,25,1,0
BRDA:184,26,0,0
BRDA:184,26,1,0
BRDA:184,27,0,0
BRDA:184,27,1,0
BRDA:198,28,0,0
BRDA:198,28,1,0
BRF:59
BRH:0
end_of_record
TN:
SF:services\gamification.service.js
FN:9,addPoints
FN:34,updateStreak
FN:62,logActivity
FN:73,triggerMilestone
FN:91,incrementStat
FN:106,setStat
FNF:6
FNH:0
FNDA:0,addPoints
FNDA:0,updateStreak
FNDA:0,logActivity
FNDA:0,triggerMilestone
FNDA:0,incrementStat
FNDA:0,setStat
DA:1,1
DA:2,1
DA:3,1
DA:10,0
DA:11,0
DA:12,0
DA:13,0
DA:17,0
DA:20,0
DA:21,0
DA:23,0
DA:24,0
DA:26,0
DA:35,0
DA:36,0
DA:38,0
DA:39,0
DA:40,0
DA:43,0
DA:44,0
DA:45,0
DA:47,0
DA:49,0
DA:50,0
DA:53,0
DA:56,0
DA:63,0
DA:64,0
DA:66,0
DA:74,0
DA:75,0
DA:82,0
DA:83,0
DA:92,0
DA:93,0
DA:99,0
DA:107,0
DA:108,0
DA:114,0
DA:118,1
LF:40
LH:4
BRDA:12,0,0,0
BRDA:12,0,1,0
BRDA:20,1,0,0
BRDA:20,1,1,0
BRDA:36,2,0,0
BRDA:36,2,1,0
BRDA:38,3,0,0
BRDA:38,3,1,0
BRDA:47,4,0,0
BRDA:47,4,1,0
BRDA:49,5,0,0
BRDA:49,5,1,0
BRDA:50,6,0,0
BRDA:50,6,1,0
BRDA:82,7,0,0
BRDA:82,7,1,0
BRDA:91,8,0,0
BRF:17
BRH:0
end_of_record
TN:
SF:services\grokAI.service.js
FN:17,askGrok
FNF:1
FNH:0
FNDA:0,askGrok
DA:6,0
DA:8,0
DA:9,0
DA:18,0
DA:20,0
DA:21,0
DA:24,0
DA:41,0
DA:43,0
DA:52,0
DA:53,0
DA:54,0
DA:55,0
DA:58,0
DA:59,0
DA:61,0
DA:62,0
DA:65,0
DA:66,0
DA:69,0
LF:20
LH:0
BRDA:20,0,0,0
BRDA:20,0,1,0
BRDA:20,1,0,0
BRDA:20,1,1,0
BRDA:52,2,0,0
BRDA:52,2,1,0
BRDA:61,3,0,0
BRDA:61,3,1,0
BRF:8
BRH:0
end_of_record
TN:
SF:services\jobFetcher.service.js
FN:13,(anonymous_0)
FNF:1
FNH:0
FNDA:0,(anonymous_0)
DA:1,0
DA:2,0
DA:3,0
DA:14,0
DA:15,0
DA:17,0
DA:18,0
DA:19,0
DA:22,0
DA:23,0
DA:24,0
DA:25,0
DA:27,0
DA:28,0
DA:31,0
DA:32,0
DA:33,0
DA:35,0
DA:37,0
DA:38,0
DA:41,0
DA:42,0
DA:44,0
DA:57,0
DA:60,0
DA:61,0
DA:64,0
DA:65,0
DA:70,0
LF:29
LH:0
BRDA:13,0,0,0
BRDA:13,1,0,0
BRDA:17,2,0,0
BRDA:17,2,1,0
BRDA:17,3,0,0
BRDA:17,3,1,0
BRDA:27,4,0,0
BRDA:27,4,1,0
BRDA:32,5,0,0
BRDA:32,5,1,0
BRDA:38,6,0,0
BRDA:38,6,1,0
BRDA:41,7,0,0
BRDA:41,7,1,0
BRDA:46,8,0,0
BRDA:46,8,1,0
BRDA:47,9,0,0
BRDA:47,9,1,0
BRDA:50,10,0,0
BRDA:50,10,1,0
BRDA:54,11,0,0
BRDA:54,11,1,0
BRDA:55,12,0,0
BRDA:55,12,1,0
BRF:24
BRH:0
end_of_record
TN:
SF:services\jobMatch.service.js
FN:13,(anonymous_0)
FN:18,(anonymous_1)
FN:26,(anonymous_2)
FN:46,(anonymous_3)
FN:51,(anonymous_4)
FN:52,(anonymous_5)
FN:81,(anonymous_6)
FN:83,(anonymous_7)
FN:91,(anonymous_8)
FN:98,(anonymous_9)
FN:103,(anonymous_10)
FNF:11
FNH:6
FNDA:2,(anonymous_0)
FNDA:2,(anonymous_1)
FNDA:2,(anonymous_2)
FNDA:1,(anonymous_3)
FNDA:0,(anonymous_4)
FNDA:0,(anonymous_5)
FNDA:1,(anonymous_6)
FNDA:3,(anonymous_7)
FNDA:0,(anonymous_8)
FNDA:0,(anonymous_9)
FNDA:0,(anonymous_10)
DA:1,1
DA:14,2
DA:17,1
DA:18,1
DA:19,2
DA:21,1
DA:22,1
DA:25,1
DA:26,1
DA:27,2
DA:28,0
DA:33,1
DA:36,1
DA:39,1
DA:40,1
DA:42,1
DA:43,1
DA:44,1
DA:46,1
DA:47,1
DA:49,1
DA:51,0
DA:52,0
DA:55,1
DA:56,1
DA:58,0
DA:62,1
DA:63,1
DA:64,0
DA:65,0
DA:66,0
DA:68,1
DA:69,0
DA:70,0
DA:72,1
DA:74,1
DA:75,1
DA:82,1
DA:83,1
DA:84,3
DA:92,0
DA:99,0
DA:101,0
DA:103,0
DA:106,0
DA:114,0
DA:116,0
DA:117,0
DA:122,1
LF:49
LH:32
BRDA:14,0,0,1
BRDA:14,0,1,1
BRDA:14,1,0,2
BRDA:14,1,1,2
BRDA:19,2,0,2
BRDA:19,2,1,0
BRDA:27,3,0,0
BRDA:27,3,1,2
BRDA:27,4,0,2
BRDA:27,4,1,2
BRDA:33,5,0,0
BRDA:33,5,1,1
BRDA:42,6,0,1
BRDA:42,6,1,0
BRDA:43,7,0,1
BRDA:43,7,1,1
BRDA:44,8,0,1
BRDA:44,8,1,1
BRDA:44,8,2,1
BRDA:47,9,0,0
BRDA:47,9,1,1
BRDA:49,10,0,1
BRDA:49,10,1,0
BRDA:55,11,0,1
BRDA:55,11,1,0
BRDA:55,12,0,1
BRDA:55,12,1,0
BRDA:55,12,2,0
BRDA:63,13,0,0
BRDA:63,13,1,1
BRDA:65,14,0,0
BRDA:65,14,1,0
BRDA:66,15,0,0
BRDA:66,15,1,0
BRDA:68,16,0,0
BRDA:68,16,1,1
BRDA:69,17,0,0
BRDA:69,17,1,0
BRDA:70,18,0,0
BRDA:70,18,1,0
BRDA:82,19,0,0
BRDA:82,19,1,1
BRDA:99,20,0,0
BRDA:99,20,1,0
BRDA:99,21,0,0
BRDA:99,21,1,0
BRF:46
BRH:22
end_of_record
TN:
SF:services\jobRanking.service.js
FN:16,(anonymous_0)
FN:23,(anonymous_1)
FN:65,(anonymous_2)
FN:66,(anonymous_3)
FN:80,(anonymous_4)
FNF:5
FNH:0
FNDA:0,(anonymous_0)
FNDA:0,(anonymous_1)
FNDA:0,(anonymous_2)
FNDA:0,(anonymous_3)
FNDA:0,(anonymous_4)
DA:1,0
DA:3,0
DA:17,0
DA:18,0
DA:21,0
DA:23,0
DA:31,0
DA:37,0
DA:55,0
DA:56,0
DA:57,0
DA:59,0
DA:60,0
DA:62,0
DA:64,0
DA:65,0
DA:66,0
DA:67,0
DA:71,0
DA:72,0
DA:76,0
DA:78,0
DA:80,0
DA:85,0
LF:24
LH:0
BRDA:3,0,0,0
BRDA:3,0,1,0
BRDA:17,1,0,0
BRDA:17,1,1,0
BRDA:17,2,0,0
BRDA:17,2,1,0
BRDA:32,3,0,0
BRDA:32,3,1,0
BRDA:33,4,0,0
BRDA:33,4,1,0
BRDA:34,5,0,0
BRDA:34,5,1,0
BRDA:62,6,0,0
BRDA:62,6,1,0
BRDA:62,7,0,0
BRDA:62,7,1,0
BRDA:67,8,0,0
BRDA:67,8,1,0
BRDA:71,9,0,0
BRDA:71,9,1,0
BRF:20
BRH:0
end_of_record
TN:
SF:services\mistakeAnalysis.service.js
FN:10,(anonymous_0)
FN:29,(anonymous_1)
FN:57,(anonymous_2)
FN:76,(anonymous_3)
FNF:4
FNH:0
FNDA:0,(anonymous_0)
FNDA:0,(anonymous_1)
FNDA:0,(anonymous_2)
FNDA:0,(anonymous_3)
DA:1,1
DA:2,1
DA:11,0
DA:12,0
DA:15,0
DA:25,0
DA:26,0
DA:27,0
DA:29,0
DA:30,0
DA:31,0
DA:32,0
DA:33,0
DA:38,0
DA:43,0
DA:45,0
DA:59,0
DA:61,0
DA:62,0
DA:66,0
DA:70,0
DA:77,0
DA:78,0
DA:81,0
DA:89,0
DA:102,0
DA:109,0
DA:115,0
DA:124,1
LF:29
LH:3
BRDA:12,0,0,0
BRDA:12,0,1,0
BRDA:30,1,0,0
BRDA:30,1,1,0
BRDA:59,2,0,0
BRDA:59,2,1,0
BRDA:61,3,0,0
BRDA:61,3,1,0
BRDA:78,4,0,0
BRDA:78,4,1,0
BRF:10
BRH:0
end_of_record
TN:
SF:services\resumeParser.service.js
FN:17,(anonymous_0)
FN:55,(anonymous_1)
FN:55,(anonymous_2)
FNF:3
FNH:0
FNDA:0,(anonymous_0)
FNDA:0,(anonymous_1)
FNDA:0,(anonymous_2)
DA:1,0
DA:2,0
DA:3,0
DA:5,0
DA:18,0
DA:19,0
DA:20,0
DA:23,0
DA:25,0
DA:26,0
DA:27,0
DA:29,0
DA:30,0
DA:34,0
DA:46,0
DA:47,0
DA:48,0
DA:51,0
DA:52,0
DA:54,0
DA:55,0
DA:58,0
DA:60,0
DA:61,0
DA:66,0
LF:25
LH:0
BRDA:5,0,0,0
BRDA:5,0,1,0
BRDA:18,1,0,0
BRDA:18,1,1,0
BRDA:29,2,0,0
BRDA:29,2,1,0
BRDA:29,3,0,0
BRDA:29,3,1,0
BRDA:54,4,0,0
BRDA:54,4,1,0
BRF:10
BRH:0
end_of_record
TN:
SF:services\skillExtraction.service.js
FN:23,(anonymous_0)
FNF:1
FNH:0
FNDA:0,(anonymous_0)
DA:5,0
DA:24,0
DA:25,0
DA:26,0
DA:28,0
DA:31,0
DA:32,0
DA:34,0
DA:35,0
DA:40,0
DA:41,0
DA:42,0
DA:43,0
DA:44,0
DA:46,0
DA:50,0
LF:16
LH:0
BRDA:24,0,0,0
BRDA:24,0,1,0
BRDA:34,1,0,0
BRDA:34,1,1,0
BRDA:40,2,0,0
BRDA:40,2,1,0
BRDA:41,3,0,0
BRDA:41,3,1,0
BRDA:42,4,0,0
BRDA:42,4,1,0
BRDA:42,5,0,0
BRDA:42,5,1,0
BRDA:43,6,0,0
BRDA:43,6,1,0
BRDA:43,7,0,0
BRDA:43,7,1,0
BRDA:44,8,0,0
BRDA:44,8,1,0
BRDA:44,9,0,0
BRDA:44,9,1,0
BRF:20
BRH:0
end_of_record
TN:
SF:services\skillGraph.service.js
FN:17,(anonymous_0)
FN:22,(anonymous_1)
FN:28,(anonymous_2)
FN:33,(anonymous_3)
FN:35,(anonymous_4)
FNF:5
FNH:0
FNDA:0,(anonymous_0)
FNDA:0,(anonymous_1)
FNDA:0,(anonymous_2)
FNDA:0,(anonymous_3)
FNDA:0,(anonymous_4)
DA:1,0
DA:18,0
DA:19,0
DA:22,0
DA:24,0
DA:26,0
DA:28,0
DA:33,0
DA:34,0
DA:35,0
DA:36,0
DA:42,0
DA:46,0
DA:50,0
LF:14
LH:0
BRDA:18,0,0,0
BRDA:18,0,1,0
BRDA:18,1,0,0
BRDA:18,1,1,0
BRDA:18,1,2,0
BRDA:34,2,0,0
BRDA:34,2,1,0
BRDA:34,3,0,0
BRDA:34,3,1,0
BRF:9
BRH:0
end_of_record
TN:
SF:utils\emailService.js
FN:3,(anonymous_0)
FNF:1
FNH:1
FNDA:1,(anonymous_0)
DA:1,3
DA:3,3
DA:11,1
DA:13,0
DA:24,1
DA:25,1
DA:36,1
DA:43,1
DA:45,1
DA:47,1
DA:49,1
DA:53,3
LF:12
LH:11
BRDA:11,0,0,0
BRDA:11,0,1,1
BRDA:11,1,0,1
BRDA:11,1,1,0
BRDA:11,1,2,0
BRDA:15,2,0,0
BRDA:15,2,1,0
BRDA:37,3,0,1
BRDA:37,3,1,1
BRDA:37,4,0,1
BRDA:37,4,1,1
BRDA:47,5,0,1
BRDA:47,5,1,0
BRF:13
BRH:7
end_of_record
